<?xml version="1.0" encoding="UTF-8"?>
<testsuites name="Basic work" time="223" tests="0" failures="21" errors="0">
   <testsuite name="Basic work" tests="0" failures="21" errors="0" time="223" timestamp="2560-11-01 10:43:50" hostname="Puttinun - 192.168.11.187" id="Test Suites/Basic work">
      <properties>
         <property name="deviceName" value=""/>
         <property name="devicePlatform" value=""/>
         <property name="logFolder" value="C:\\Users\\DELL\\git\\GuruTMDA\\Reports\\Basic work\\25601101_104348"/>
         <property name="logFiles" value="C:\\Users\\DELL\\git\\GuruTMDA\\Reports\\Basic work\\25601101_104348\\execution0.log"/>
         <property name="attachments" value=""/>
         <property name="hostName" value="Puttinun - 192.168.11.187"/>
         <property name="os" value="Windows 10 64bit"/>
         <property name="katalonVersion" value="5.0.0.1"/>
         <property name="browser" value="Firefox 56.0"/>
         <property name="hostAddress" value="192.168.11.187"/>
         <property name="sessionId" value="c92e5ce0-abce-462e-a2b0-00c6f0ff3de8"/>
         <property name="seleniumVersion" value="2.53.0"/>
         <property name="proxyInformation" value="ProxyInformation{proxyOption=NO_PROXY, proxyServerType=HTTP, password=, proxyServerAddress=, proxyServerPort=0}"/>
         <property name="platform" value="Windows 10"/>
      </properties>
      <testcase name="Test Cases/1. Start Page (without login)/Prediction Single Verbatim without login" classname="Test Cases/1. Start Page (without login)/Prediction Single Verbatim without login" status="FAILED">
         <failure type="FAILED" message="Unable to maximize current window (Root cause: org.openqa.selenium.NoSuchWindowException: Window not found. The browser window may have been closed.
Command duration or timeout: 123 milliseconds
Build info: version: '2.53.0', revision: '35ae25b', time: '2016-03-15 17:00:58'
System info: host: 'DESKTOP-RAL8DT3', ip: '192.168.11.187', os.name: 'Windows 10', os.arch: 'amd64', os.version: '10.0', java.version: '1.8.0_102'
Driver info: com.kms.katalon.core.webui.driver.firefox.CFirefoxDriver47
Capabilities [{applicationCacheEnabled=true, rotatable=false, handlesAlerts=true, databaseEnabled=true, version=56.0, platform=WINDOWS, nativeEvents=false, acceptSslCerts=true, webStorageEnabled=true, locationContextEnabled=true, browserName=firefox, takesScreenshot=true, javascriptEnabled=true, cssSelectorsEnabled=true}]
Session ID: 447e0db9-fcba-4eda-aa5b-18d1368c23c1)"/>
         <system-out><![CDATA[2560-11-01 10:43:51 - [TEST_CASE][FAILED] - Test Cases/1. Start Page (without login)/Prediction Single Verbatim without login: Test Cases/1. Start Page (without login)/Prediction Single Verbatim without login FAILED because (of) Unable to maximize current window (Root cause: org.openqa.selenium.NoSuchWindowException: Window not found. The browser window may have been closed.
Command duration or timeout: 123 milliseconds
Build info: version: '2.53.0', revision: '35ae25b', time: '2016-03-15 17:00:58'
System info: host: 'DESKTOP-RAL8DT3', ip: '192.168.11.187', os.name: 'Windows 10', os.arch: 'amd64', os.version: '10.0', java.version: '1.8.0_102'
Driver info: com.kms.katalon.core.webui.driver.firefox.CFirefoxDriver47
Capabilities [{applicationCacheEnabled=true, rotatable=false, handlesAlerts=true, databaseEnabled=true, version=56.0, platform=WINDOWS, nativeEvents=false, acceptSslCerts=true, webStorageEnabled=true, locationContextEnabled=true, browserName=firefox, takesScreenshot=true, javascriptEnabled=true, cssSelectorsEnabled=true}]
Session ID: 447e0db9-fcba-4eda-aa5b-18d1368c23c1)

2560-11-01 10:43:51 - [TEST_STEP][PASSED] - openBrowser: Browser is opened with url: ''

2560-11-01 10:44:05 - [MESSAGE][PASSED] - Browser is opened with url: ''

2560-11-01 10:44:05 - [TEST_STEP][FAILED] - maximizeWindow: Unable to maximize current window (Root cause: org.openqa.selenium.NoSuchWindowException: Window not found. The browser window may have been closed.
Command duration or timeout: 123 milliseconds
Build info: version: '2.53.0', revision: '35ae25b', time: '2016-03-15 17:00:58'
System info: host: 'DESKTOP-RAL8DT3', ip: '192.168.11.187', os.name: 'Windows 10', os.arch: 'amd64', os.version: '10.0', java.version: '1.8.0_102'
Driver info: com.kms.katalon.core.webui.driver.firefox.CFirefoxDriver47
Capabilities [{applicationCacheEnabled=true, rotatable=false, handlesAlerts=true, databaseEnabled=true, version=56.0, platform=WINDOWS, nativeEvents=false, acceptSslCerts=true, webStorageEnabled=true, locationContextEnabled=true, browserName=firefox, takesScreenshot=true, javascriptEnabled=true, cssSelectorsEnabled=true}]
Session ID: 447e0db9-fcba-4eda-aa5b-18d1368c23c1)

2560-11-01 10:44:05 - [MESSAGE][WARNING] - Cannot take screenshot

2560-11-01 10:44:05 - [MESSAGE][FAILED] - Unable to maximize current window (Root cause: org.openqa.selenium.NoSuchWindowException: Window not found. The browser window may have been closed.
Command duration or timeout: 123 milliseconds
Build info: version: '2.53.0', revision: '35ae25b', time: '2016-03-15 17:00:58'
System info: host: 'DESKTOP-RAL8DT3', ip: '192.168.11.187', os.name: 'Windows 10', os.arch: 'amd64', os.version: '10.0', java.version: '1.8.0_102'
Driver info: com.kms.katalon.core.webui.driver.firefox.CFirefoxDriver47
Capabilities [{applicationCacheEnabled=true, rotatable=false, handlesAlerts=true, databaseEnabled=true, version=56.0, platform=WINDOWS, nativeEvents=false, acceptSslCerts=true, webStorageEnabled=true, locationContextEnabled=true, browserName=firefox, takesScreenshot=true, javascriptEnabled=true, cssSelectorsEnabled=true}]
Session ID: 447e0db9-fcba-4eda-aa5b-18d1368c23c1)

2560-11-01 10:44:05 - [TEST_STEP][FAILED] - navigateToUrl: Unable to navigate to '192.168.11.59' (Root cause: org.openqa.selenium.NoSuchWindowException: Window not found. The browser window may have been closed.
Command duration or timeout: 101 milliseconds
Build info: version: '2.53.0', revision: '35ae25b', time: '2016-03-15 17:00:58'
System info: host: 'DESKTOP-RAL8DT3', ip: '192.168.11.187', os.name: 'Windows 10', os.arch: 'amd64', os.version: '10.0', java.version: '1.8.0_102'
Driver info: com.kms.katalon.core.webui.driver.firefox.CFirefoxDriver47
Capabilities [{applicationCacheEnabled=true, rotatable=false, handlesAlerts=true, databaseEnabled=true, version=56.0, platform=WINDOWS, nativeEvents=false, acceptSslCerts=true, webStorageEnabled=true, locationContextEnabled=true, browserName=firefox, takesScreenshot=true, javascriptEnabled=true, cssSelectorsEnabled=true}]
Session ID: 447e0db9-fcba-4eda-aa5b-18d1368c23c1)

2560-11-01 10:44:06 - [MESSAGE][WARNING] - Cannot take screenshot

2560-11-01 10:44:06 - [MESSAGE][FAILED] - Unable to navigate to '192.168.11.59' (Root cause: org.openqa.selenium.NoSuchWindowException: Window not found. The browser window may have been closed.
Command duration or timeout: 101 milliseconds
Build info: version: '2.53.0', revision: '35ae25b', time: '2016-03-15 17:00:58'
System info: host: 'DESKTOP-RAL8DT3', ip: '192.168.11.187', os.name: 'Windows 10', os.arch: 'amd64', os.version: '10.0', java.version: '1.8.0_102'
Driver info: com.kms.katalon.core.webui.driver.firefox.CFirefoxDriver47
Capabilities [{applicationCacheEnabled=true, rotatable=false, handlesAlerts=true, databaseEnabled=true, version=56.0, platform=WINDOWS, nativeEvents=false, acceptSslCerts=true, webStorageEnabled=true, locationContextEnabled=true, browserName=firefox, takesScreenshot=true, javascriptEnabled=true, cssSelectorsEnabled=true}]
Session ID: 447e0db9-fcba-4eda-aa5b-18d1368c23c1)

2560-11-01 10:44:06 - [TEST_STEP][FAILED] - click: Unable to click on object 'Object Repository/Page single/Page_Guru TMDA/button_btn btn-link' (Root cause: org.openqa.selenium.remote.UnreachableBrowserException: Error communicating with the remote browser. It may have died.
Build info: version: '2.53.0', revision: '35ae25b', time: '2016-03-15 17:00:58'
System info: host: 'DESKTOP-RAL8DT3', ip: '192.168.11.187', os.name: 'Windows 10', os.arch: 'amd64', os.version: '10.0', java.version: '1.8.0_102'
Driver info: driver.version: RemoteWebDriver
Capabilities [{applicationCacheEnabled=true, rotatable=false, handlesAlerts=true, databaseEnabled=true, version=56.0, platform=WINDOWS, nativeEvents=false, acceptSslCerts=true, webStorageEnabled=true, locationContextEnabled=true, browserName=firefox, takesScreenshot=true, javascriptEnabled=true, cssSelectorsEnabled=true}]
Session ID: 447e0db9-fcba-4eda-aa5b-18d1368c23c1)

2560-11-01 10:44:08 - [MESSAGE][WARNING] - Cannot take screenshot

2560-11-01 10:44:08 - [MESSAGE][FAILED] - Unable to click on object 'Object Repository/Page single/Page_Guru TMDA/button_btn btn-link' (Root cause: org.openqa.selenium.remote.UnreachableBrowserException: Error communicating with the remote browser. It may have died.
Build info: version: '2.53.0', revision: '35ae25b', time: '2016-03-15 17:00:58'
System info: host: 'DESKTOP-RAL8DT3', ip: '192.168.11.187', os.name: 'Windows 10', os.arch: 'amd64', os.version: '10.0', java.version: '1.8.0_102'
Driver info: driver.version: RemoteWebDriver
Capabilities [{applicationCacheEnabled=true, rotatable=false, handlesAlerts=true, databaseEnabled=true, version=56.0, platform=WINDOWS, nativeEvents=false, acceptSslCerts=true, webStorageEnabled=true, locationContextEnabled=true, browserName=firefox, takesScreenshot=true, javascriptEnabled=true, cssSelectorsEnabled=true}]
Session ID: 447e0db9-fcba-4eda-aa5b-18d1368c23c1)

2560-11-01 10:44:08 - [TEST_STEP][FAILED] - verifyElementPresent: Unable to verify object 'Object Repository/Single verbatim without login/span_Verbatim is not null' is present (Root cause: org.openqa.selenium.remote.UnreachableBrowserException: Error communicating with the remote browser. It may have died.
Build info: version: '2.53.0', revision: '35ae25b', time: '2016-03-15 17:00:58'
System info: host: 'DESKTOP-RAL8DT3', ip: '192.168.11.187', os.name: 'Windows 10', os.arch: 'amd64', os.version: '10.0', java.version: '1.8.0_102'
Driver info: driver.version: RemoteWebDriver
Capabilities [{applicationCacheEnabled=true, rotatable=false, handlesAlerts=true, databaseEnabled=true, version=56.0, platform=WINDOWS, nativeEvents=false, acceptSslCerts=true, webStorageEnabled=true, locationContextEnabled=true, browserName=firefox, takesScreenshot=true, javascriptEnabled=true, cssSelectorsEnabled=true}]
Session ID: 447e0db9-fcba-4eda-aa5b-18d1368c23c1)

2560-11-01 10:44:10 - [MESSAGE][WARNING] - Cannot take screenshot

2560-11-01 10:44:10 - [MESSAGE][FAILED] - Unable to verify object 'Object Repository/Single verbatim without login/span_Verbatim is not null' is present (Root cause: org.openqa.selenium.remote.UnreachableBrowserException: Error communicating with the remote browser. It may have died.
Build info: version: '2.53.0', revision: '35ae25b', time: '2016-03-15 17:00:58'
System info: host: 'DESKTOP-RAL8DT3', ip: '192.168.11.187', os.name: 'Windows 10', os.arch: 'amd64', os.version: '10.0', java.version: '1.8.0_102'
Driver info: driver.version: RemoteWebDriver
Capabilities [{applicationCacheEnabled=true, rotatable=false, handlesAlerts=true, databaseEnabled=true, version=56.0, platform=WINDOWS, nativeEvents=false, acceptSslCerts=true, webStorageEnabled=true, locationContextEnabled=true, browserName=firefox, takesScreenshot=true, javascriptEnabled=true, cssSelectorsEnabled=true}]
Session ID: 447e0db9-fcba-4eda-aa5b-18d1368c23c1)

2560-11-01 10:44:10 - [TEST_STEP][FAILED] - setText: Unable to set text 'บริการดี แต่รอคิวนาน' of object 'Object Repository/Page_Guru TMDA (2)/input_input-text w3-large inpu' (Root cause: org.openqa.selenium.remote.UnreachableBrowserException: Error communicating with the remote browser. It may have died.
Build info: version: '2.53.0', revision: '35ae25b', time: '2016-03-15 17:00:58'
System info: host: 'DESKTOP-RAL8DT3', ip: '192.168.11.187', os.name: 'Windows 10', os.arch: 'amd64', os.version: '10.0', java.version: '1.8.0_102'
Driver info: driver.version: RemoteWebDriver
Capabilities [{applicationCacheEnabled=true, rotatable=false, handlesAlerts=true, databaseEnabled=true, version=56.0, platform=WINDOWS, nativeEvents=false, acceptSslCerts=true, webStorageEnabled=true, locationContextEnabled=true, browserName=firefox, takesScreenshot=true, javascriptEnabled=true, cssSelectorsEnabled=true}]
Session ID: 447e0db9-fcba-4eda-aa5b-18d1368c23c1)

2560-11-01 10:44:12 - [MESSAGE][WARNING] - Cannot take screenshot

2560-11-01 10:44:12 - [MESSAGE][FAILED] - Unable to set text 'บริการดี แต่รอคิวนาน' of object 'Object Repository/Page_Guru TMDA (2)/input_input-text w3-large inpu' (Root cause: org.openqa.selenium.remote.UnreachableBrowserException: Error communicating with the remote browser. It may have died.
Build info: version: '2.53.0', revision: '35ae25b', time: '2016-03-15 17:00:58'
System info: host: 'DESKTOP-RAL8DT3', ip: '192.168.11.187', os.name: 'Windows 10', os.arch: 'amd64', os.version: '10.0', java.version: '1.8.0_102'
Driver info: driver.version: RemoteWebDriver
Capabilities [{applicationCacheEnabled=true, rotatable=false, handlesAlerts=true, databaseEnabled=true, version=56.0, platform=WINDOWS, nativeEvents=false, acceptSslCerts=true, webStorageEnabled=true, locationContextEnabled=true, browserName=firefox, takesScreenshot=true, javascriptEnabled=true, cssSelectorsEnabled=true}]
Session ID: 447e0db9-fcba-4eda-aa5b-18d1368c23c1)

2560-11-01 10:44:12 - [TEST_STEP][FAILED] - click: Unable to click on object 'Object Repository/Page single/Page_Guru TMDA/button_btn btn-link' (Root cause: org.openqa.selenium.remote.UnreachableBrowserException: Error communicating with the remote browser. It may have died.
Build info: version: '2.53.0', revision: '35ae25b', time: '2016-03-15 17:00:58'
System info: host: 'DESKTOP-RAL8DT3', ip: '192.168.11.187', os.name: 'Windows 10', os.arch: 'amd64', os.version: '10.0', java.version: '1.8.0_102'
Driver info: driver.version: RemoteWebDriver
Capabilities [{applicationCacheEnabled=true, rotatable=false, handlesAlerts=true, databaseEnabled=true, version=56.0, platform=WINDOWS, nativeEvents=false, acceptSslCerts=true, webStorageEnabled=true, locationContextEnabled=true, browserName=firefox, takesScreenshot=true, javascriptEnabled=true, cssSelectorsEnabled=true}]
Session ID: 447e0db9-fcba-4eda-aa5b-18d1368c23c1)

2560-11-01 10:44:14 - [MESSAGE][WARNING] - Cannot take screenshot

2560-11-01 10:44:14 - [MESSAGE][FAILED] - Unable to click on object 'Object Repository/Page single/Page_Guru TMDA/button_btn btn-link' (Root cause: org.openqa.selenium.remote.UnreachableBrowserException: Error communicating with the remote browser. It may have died.
Build info: version: '2.53.0', revision: '35ae25b', time: '2016-03-15 17:00:58'
System info: host: 'DESKTOP-RAL8DT3', ip: '192.168.11.187', os.name: 'Windows 10', os.arch: 'amd64', os.version: '10.0', java.version: '1.8.0_102'
Driver info: driver.version: RemoteWebDriver
Capabilities [{applicationCacheEnabled=true, rotatable=false, handlesAlerts=true, databaseEnabled=true, version=56.0, platform=WINDOWS, nativeEvents=false, acceptSslCerts=true, webStorageEnabled=true, locationContextEnabled=true, browserName=firefox, takesScreenshot=true, javascriptEnabled=true, cssSelectorsEnabled=true}]
Session ID: 447e0db9-fcba-4eda-aa5b-18d1368c23c1)

2560-11-01 10:44:14 - [TEST_STEP][FAILED] - click: Unable to click on object 'Object Repository/Page_Guru TMDA (2)/div_row' (Root cause: org.openqa.selenium.remote.UnreachableBrowserException: Error communicating with the remote browser. It may have died.
Build info: version: '2.53.0', revision: '35ae25b', time: '2016-03-15 17:00:58'
System info: host: 'DESKTOP-RAL8DT3', ip: '192.168.11.187', os.name: 'Windows 10', os.arch: 'amd64', os.version: '10.0', java.version: '1.8.0_102'
Driver info: driver.version: RemoteWebDriver
Capabilities [{applicationCacheEnabled=true, rotatable=false, handlesAlerts=true, databaseEnabled=true, version=56.0, platform=WINDOWS, nativeEvents=false, acceptSslCerts=true, webStorageEnabled=true, locationContextEnabled=true, browserName=firefox, takesScreenshot=true, javascriptEnabled=true, cssSelectorsEnabled=true}]
Session ID: 447e0db9-fcba-4eda-aa5b-18d1368c23c1)

2560-11-01 10:44:17 - [MESSAGE][WARNING] - Cannot take screenshot

2560-11-01 10:44:17 - [MESSAGE][FAILED] - Unable to click on object 'Object Repository/Page_Guru TMDA (2)/div_row' (Root cause: org.openqa.selenium.remote.UnreachableBrowserException: Error communicating with the remote browser. It may have died.
Build info: version: '2.53.0', revision: '35ae25b', time: '2016-03-15 17:00:58'
System info: host: 'DESKTOP-RAL8DT3', ip: '192.168.11.187', os.name: 'Windows 10', os.arch: 'amd64', os.version: '10.0', java.version: '1.8.0_102'
Driver info: driver.version: RemoteWebDriver
Capabilities [{applicationCacheEnabled=true, rotatable=false, handlesAlerts=true, databaseEnabled=true, version=56.0, platform=WINDOWS, nativeEvents=false, acceptSslCerts=true, webStorageEnabled=true, locationContextEnabled=true, browserName=firefox, takesScreenshot=true, javascriptEnabled=true, cssSelectorsEnabled=true}]
Session ID: 447e0db9-fcba-4eda-aa5b-18d1368c23c1)

2560-11-01 10:44:17 - [TEST_STEP][FAILED] - click: Unable to click on object 'Object Repository/Page_Guru TMDA (2)/div_predict-result' (Root cause: org.openqa.selenium.remote.UnreachableBrowserException: Error communicating with the remote browser. It may have died.
Build info: version: '2.53.0', revision: '35ae25b', time: '2016-03-15 17:00:58'
System info: host: 'DESKTOP-RAL8DT3', ip: '192.168.11.187', os.name: 'Windows 10', os.arch: 'amd64', os.version: '10.0', java.version: '1.8.0_102'
Driver info: driver.version: RemoteWebDriver
Capabilities [{applicationCacheEnabled=true, rotatable=false, handlesAlerts=true, databaseEnabled=true, version=56.0, platform=WINDOWS, nativeEvents=false, acceptSslCerts=true, webStorageEnabled=true, locationContextEnabled=true, browserName=firefox, takesScreenshot=true, javascriptEnabled=true, cssSelectorsEnabled=true}]
Session ID: 447e0db9-fcba-4eda-aa5b-18d1368c23c1)

2560-11-01 10:44:19 - [MESSAGE][WARNING] - Cannot take screenshot

2560-11-01 10:44:19 - [MESSAGE][FAILED] - Unable to click on object 'Object Repository/Page_Guru TMDA (2)/div_predict-result' (Root cause: org.openqa.selenium.remote.UnreachableBrowserException: Error communicating with the remote browser. It may have died.
Build info: version: '2.53.0', revision: '35ae25b', time: '2016-03-15 17:00:58'
System info: host: 'DESKTOP-RAL8DT3', ip: '192.168.11.187', os.name: 'Windows 10', os.arch: 'amd64', os.version: '10.0', java.version: '1.8.0_102'
Driver info: driver.version: RemoteWebDriver
Capabilities [{applicationCacheEnabled=true, rotatable=false, handlesAlerts=true, databaseEnabled=true, version=56.0, platform=WINDOWS, nativeEvents=false, acceptSslCerts=true, webStorageEnabled=true, locationContextEnabled=true, browserName=firefox, takesScreenshot=true, javascriptEnabled=true, cssSelectorsEnabled=true}]
Session ID: 447e0db9-fcba-4eda-aa5b-18d1368c23c1)

2560-11-01 10:44:19 - [TEST_STEP][FAILED] - closeBrowser: Unable to close browser (Root cause: java.lang.RuntimeException: Process refused to die after 10 seconds, and couldn't taskkill it: Unable to find executable for: taskkill)

2560-11-01 10:44:20 - [MESSAGE][WARNING] - Cannot take screenshot

2560-11-01 10:44:20 - [MESSAGE][FAILED] - Unable to close browser (Root cause: java.lang.RuntimeException: Process refused to die after 10 seconds, and couldn't taskkill it: Unable to find executable for: taskkill)]]></system-out>
         <system-err><![CDATA[2560-11-01 10:43:51 - [TEST_CASE][FAILED] - Test Cases/1. Start Page (without login)/Prediction Single Verbatim without login: Test Cases/1. Start Page (without login)/Prediction Single Verbatim without login FAILED because (of) Unable to maximize current window (Root cause: org.openqa.selenium.NoSuchWindowException: Window not found. The browser window may have been closed.
Command duration or timeout: 123 milliseconds
Build info: version: '2.53.0', revision: '35ae25b', time: '2016-03-15 17:00:58'
System info: host: 'DESKTOP-RAL8DT3', ip: '192.168.11.187', os.name: 'Windows 10', os.arch: 'amd64', os.version: '10.0', java.version: '1.8.0_102'
Driver info: com.kms.katalon.core.webui.driver.firefox.CFirefoxDriver47
Capabilities [{applicationCacheEnabled=true, rotatable=false, handlesAlerts=true, databaseEnabled=true, version=56.0, platform=WINDOWS, nativeEvents=false, acceptSslCerts=true, webStorageEnabled=true, locationContextEnabled=true, browserName=firefox, takesScreenshot=true, javascriptEnabled=true, cssSelectorsEnabled=true}]
Session ID: 447e0db9-fcba-4eda-aa5b-18d1368c23c1)]]></system-err>
      </testcase>
      <testcase name="Test Cases/2. Login/Sign Up" classname="Test Cases/2. Login/Sign Up" status="FAILED">
         <failure type="FAILED" message="Unable to navigate to 'http://192.168.11.59/' (Root cause: org.openqa.selenium.remote.UnreachableBrowserException: Error communicating with the remote browser. It may have died.
Build info: version: '2.53.0', revision: '35ae25b', time: '2016-03-15 17:00:58'
System info: host: 'DESKTOP-RAL8DT3', ip: '192.168.11.187', os.name: 'Windows 10', os.arch: 'amd64', os.version: '10.0', java.version: '1.8.0_102'
Driver info: driver.version: RemoteWebDriver
Capabilities [{applicationCacheEnabled=true, rotatable=false, handlesAlerts=true, databaseEnabled=true, version=56.0, platform=WINDOWS, nativeEvents=false, acceptSslCerts=true, webStorageEnabled=true, locationContextEnabled=true, browserName=firefox, takesScreenshot=true, javascriptEnabled=true, cssSelectorsEnabled=true}]
Session ID: c92e5ce0-abce-462e-a2b0-00c6f0ff3de8)"/>
         <system-out><![CDATA[2560-11-01 10:44:20 - [TEST_CASE][FAILED] - Test Cases/2. Login/Sign Up: Test Cases/2. Login/Sign Up FAILED because (of) Unable to navigate to 'http://192.168.11.59/' (Root cause: org.openqa.selenium.remote.UnreachableBrowserException: Error communicating with the remote browser. It may have died.
Build info: version: '2.53.0', revision: '35ae25b', time: '2016-03-15 17:00:58'
System info: host: 'DESKTOP-RAL8DT3', ip: '192.168.11.187', os.name: 'Windows 10', os.arch: 'amd64', os.version: '10.0', java.version: '1.8.0_102'
Driver info: driver.version: RemoteWebDriver
Capabilities [{applicationCacheEnabled=true, rotatable=false, handlesAlerts=true, databaseEnabled=true, version=56.0, platform=WINDOWS, nativeEvents=false, acceptSslCerts=true, webStorageEnabled=true, locationContextEnabled=true, browserName=firefox, takesScreenshot=true, javascriptEnabled=true, cssSelectorsEnabled=true}]
Session ID: c92e5ce0-abce-462e-a2b0-00c6f0ff3de8)

2560-11-01 10:44:21 - [TEST_STEP][PASSED] - openBrowser: Browser is opened with url: ''

2560-11-01 10:44:29 - [MESSAGE][PASSED] - Browser is opened with url: ''

2560-11-01 10:44:29 - [TEST_STEP][PASSED] - maximizeWindow: Current window maximized

2560-11-01 10:44:29 - [MESSAGE][PASSED] - Current window maximized

2560-11-01 10:44:29 - [TEST_STEP][FAILED] - navigateToUrl: Unable to navigate to 'http://192.168.11.59/' (Root cause: org.openqa.selenium.remote.UnreachableBrowserException: Error communicating with the remote browser. It may have died.
Build info: version: '2.53.0', revision: '35ae25b', time: '2016-03-15 17:00:58'
System info: host: 'DESKTOP-RAL8DT3', ip: '192.168.11.187', os.name: 'Windows 10', os.arch: 'amd64', os.version: '10.0', java.version: '1.8.0_102'
Driver info: driver.version: RemoteWebDriver
Capabilities [{applicationCacheEnabled=true, rotatable=false, handlesAlerts=true, databaseEnabled=true, version=56.0, platform=WINDOWS, nativeEvents=false, acceptSslCerts=true, webStorageEnabled=true, locationContextEnabled=true, browserName=firefox, takesScreenshot=true, javascriptEnabled=true, cssSelectorsEnabled=true}]
Session ID: c92e5ce0-abce-462e-a2b0-00c6f0ff3de8)

2560-11-01 10:44:38 - [MESSAGE][WARNING] - Cannot take screenshot

2560-11-01 10:44:38 - [MESSAGE][FAILED] - Unable to navigate to 'http://192.168.11.59/' (Root cause: org.openqa.selenium.remote.UnreachableBrowserException: Error communicating with the remote browser. It may have died.
Build info: version: '2.53.0', revision: '35ae25b', time: '2016-03-15 17:00:58'
System info: host: 'DESKTOP-RAL8DT3', ip: '192.168.11.187', os.name: 'Windows 10', os.arch: 'amd64', os.version: '10.0', java.version: '1.8.0_102'
Driver info: driver.version: RemoteWebDriver
Capabilities [{applicationCacheEnabled=true, rotatable=false, handlesAlerts=true, databaseEnabled=true, version=56.0, platform=WINDOWS, nativeEvents=false, acceptSslCerts=true, webStorageEnabled=true, locationContextEnabled=true, browserName=firefox, takesScreenshot=true, javascriptEnabled=true, cssSelectorsEnabled=true}]
Session ID: c92e5ce0-abce-462e-a2b0-00c6f0ff3de8)

2560-11-01 10:44:38 - [TEST_STEP][FAILED] - click: Unable to click on object 'Object Repository/signup/start/span_Login' (Root cause: org.openqa.selenium.remote.UnreachableBrowserException: Error communicating with the remote browser. It may have died.
Build info: version: '2.53.0', revision: '35ae25b', time: '2016-03-15 17:00:58'
System info: host: 'DESKTOP-RAL8DT3', ip: '192.168.11.187', os.name: 'Windows 10', os.arch: 'amd64', os.version: '10.0', java.version: '1.8.0_102'
Driver info: driver.version: RemoteWebDriver
Capabilities [{applicationCacheEnabled=true, rotatable=false, handlesAlerts=true, databaseEnabled=true, version=56.0, platform=WINDOWS, nativeEvents=false, acceptSslCerts=true, webStorageEnabled=true, locationContextEnabled=true, browserName=firefox, takesScreenshot=true, javascriptEnabled=true, cssSelectorsEnabled=true}]
Session ID: c92e5ce0-abce-462e-a2b0-00c6f0ff3de8)

2560-11-01 10:44:40 - [MESSAGE][WARNING] - Cannot take screenshot

2560-11-01 10:44:40 - [MESSAGE][FAILED] - Unable to click on object 'Object Repository/signup/start/span_Login' (Root cause: org.openqa.selenium.remote.UnreachableBrowserException: Error communicating with the remote browser. It may have died.
Build info: version: '2.53.0', revision: '35ae25b', time: '2016-03-15 17:00:58'
System info: host: 'DESKTOP-RAL8DT3', ip: '192.168.11.187', os.name: 'Windows 10', os.arch: 'amd64', os.version: '10.0', java.version: '1.8.0_102'
Driver info: driver.version: RemoteWebDriver
Capabilities [{applicationCacheEnabled=true, rotatable=false, handlesAlerts=true, databaseEnabled=true, version=56.0, platform=WINDOWS, nativeEvents=false, acceptSslCerts=true, webStorageEnabled=true, locationContextEnabled=true, browserName=firefox, takesScreenshot=true, javascriptEnabled=true, cssSelectorsEnabled=true}]
Session ID: c92e5ce0-abce-462e-a2b0-00c6f0ff3de8)

2560-11-01 10:44:40 - [TEST_STEP][FAILED] - scrollToElement: Unable to scroll to object 'Object Repository/signup/login/a_Sign Up' (Root cause: org.openqa.selenium.remote.UnreachableBrowserException: Error communicating with the remote browser. It may have died.
Build info: version: '2.53.0', revision: '35ae25b', time: '2016-03-15 17:00:58'
System info: host: 'DESKTOP-RAL8DT3', ip: '192.168.11.187', os.name: 'Windows 10', os.arch: 'amd64', os.version: '10.0', java.version: '1.8.0_102'
Driver info: driver.version: RemoteWebDriver
Capabilities [{applicationCacheEnabled=true, rotatable=false, handlesAlerts=true, databaseEnabled=true, version=56.0, platform=WINDOWS, nativeEvents=false, acceptSslCerts=true, webStorageEnabled=true, locationContextEnabled=true, browserName=firefox, takesScreenshot=true, javascriptEnabled=true, cssSelectorsEnabled=true}]
Session ID: c92e5ce0-abce-462e-a2b0-00c6f0ff3de8)

2560-11-01 10:44:42 - [MESSAGE][WARNING] - Cannot take screenshot

2560-11-01 10:44:42 - [MESSAGE][FAILED] - Unable to scroll to object 'Object Repository/signup/login/a_Sign Up' (Root cause: org.openqa.selenium.remote.UnreachableBrowserException: Error communicating with the remote browser. It may have died.
Build info: version: '2.53.0', revision: '35ae25b', time: '2016-03-15 17:00:58'
System info: host: 'DESKTOP-RAL8DT3', ip: '192.168.11.187', os.name: 'Windows 10', os.arch: 'amd64', os.version: '10.0', java.version: '1.8.0_102'
Driver info: driver.version: RemoteWebDriver
Capabilities [{applicationCacheEnabled=true, rotatable=false, handlesAlerts=true, databaseEnabled=true, version=56.0, platform=WINDOWS, nativeEvents=false, acceptSslCerts=true, webStorageEnabled=true, locationContextEnabled=true, browserName=firefox, takesScreenshot=true, javascriptEnabled=true, cssSelectorsEnabled=true}]
Session ID: c92e5ce0-abce-462e-a2b0-00c6f0ff3de8)

2560-11-01 10:44:42 - [TEST_STEP][FAILED] - click: Unable to click on object 'Object Repository/signup/login/a_Sign Up' (Root cause: org.openqa.selenium.remote.UnreachableBrowserException: Error communicating with the remote browser. It may have died.
Build info: version: '2.53.0', revision: '35ae25b', time: '2016-03-15 17:00:58'
System info: host: 'DESKTOP-RAL8DT3', ip: '192.168.11.187', os.name: 'Windows 10', os.arch: 'amd64', os.version: '10.0', java.version: '1.8.0_102'
Driver info: driver.version: RemoteWebDriver
Capabilities [{applicationCacheEnabled=true, rotatable=false, handlesAlerts=true, databaseEnabled=true, version=56.0, platform=WINDOWS, nativeEvents=false, acceptSslCerts=true, webStorageEnabled=true, locationContextEnabled=true, browserName=firefox, takesScreenshot=true, javascriptEnabled=true, cssSelectorsEnabled=true}]
Session ID: c92e5ce0-abce-462e-a2b0-00c6f0ff3de8)

2560-11-01 10:44:44 - [MESSAGE][WARNING] - Cannot take screenshot

2560-11-01 10:44:44 - [MESSAGE][FAILED] - Unable to click on object 'Object Repository/signup/login/a_Sign Up' (Root cause: org.openqa.selenium.remote.UnreachableBrowserException: Error communicating with the remote browser. It may have died.
Build info: version: '2.53.0', revision: '35ae25b', time: '2016-03-15 17:00:58'
System info: host: 'DESKTOP-RAL8DT3', ip: '192.168.11.187', os.name: 'Windows 10', os.arch: 'amd64', os.version: '10.0', java.version: '1.8.0_102'
Driver info: driver.version: RemoteWebDriver
Capabilities [{applicationCacheEnabled=true, rotatable=false, handlesAlerts=true, databaseEnabled=true, version=56.0, platform=WINDOWS, nativeEvents=false, acceptSslCerts=true, webStorageEnabled=true, locationContextEnabled=true, browserName=firefox, takesScreenshot=true, javascriptEnabled=true, cssSelectorsEnabled=true}]
Session ID: c92e5ce0-abce-462e-a2b0-00c6f0ff3de8)

2560-11-01 10:44:44 - [TEST_STEP][PASSED] - Statement - date = new java.util.Date(): null

2560-11-01 10:44:44 - [TEST_STEP][PASSED] - Statement - out.println("Current Date : " + date.toString()): null

2560-11-01 10:44:44 - [TEST_STEP][FAILED] - setText: Unable to set text 'Creme' of object 'Object Repository/signup/signup/input_username' (Root cause: org.openqa.selenium.remote.UnreachableBrowserException: Error communicating with the remote browser. It may have died.
Build info: version: '2.53.0', revision: '35ae25b', time: '2016-03-15 17:00:58'
System info: host: 'DESKTOP-RAL8DT3', ip: '192.168.11.187', os.name: 'Windows 10', os.arch: 'amd64', os.version: '10.0', java.version: '1.8.0_102'
Driver info: driver.version: RemoteWebDriver
Capabilities [{applicationCacheEnabled=true, rotatable=false, handlesAlerts=true, databaseEnabled=true, version=56.0, platform=WINDOWS, nativeEvents=false, acceptSslCerts=true, webStorageEnabled=true, locationContextEnabled=true, browserName=firefox, takesScreenshot=true, javascriptEnabled=true, cssSelectorsEnabled=true}]
Session ID: c92e5ce0-abce-462e-a2b0-00c6f0ff3de8)

2560-11-01 10:44:46 - [MESSAGE][WARNING] - Cannot take screenshot

2560-11-01 10:44:46 - [MESSAGE][FAILED] - Unable to set text 'Creme' of object 'Object Repository/signup/signup/input_username' (Root cause: org.openqa.selenium.remote.UnreachableBrowserException: Error communicating with the remote browser. It may have died.
Build info: version: '2.53.0', revision: '35ae25b', time: '2016-03-15 17:00:58'
System info: host: 'DESKTOP-RAL8DT3', ip: '192.168.11.187', os.name: 'Windows 10', os.arch: 'amd64', os.version: '10.0', java.version: '1.8.0_102'
Driver info: driver.version: RemoteWebDriver
Capabilities [{applicationCacheEnabled=true, rotatable=false, handlesAlerts=true, databaseEnabled=true, version=56.0, platform=WINDOWS, nativeEvents=false, acceptSslCerts=true, webStorageEnabled=true, locationContextEnabled=true, browserName=firefox, takesScreenshot=true, javascriptEnabled=true, cssSelectorsEnabled=true}]
Session ID: c92e5ce0-abce-462e-a2b0-00c6f0ff3de8)]]></system-out>
         <system-err><![CDATA[2560-11-01 10:44:20 - [TEST_CASE][FAILED] - Test Cases/2. Login/Sign Up: Test Cases/2. Login/Sign Up FAILED because (of) Unable to navigate to 'http://192.168.11.59/' (Root cause: org.openqa.selenium.remote.UnreachableBrowserException: Error communicating with the remote browser. It may have died.
Build info: version: '2.53.0', revision: '35ae25b', time: '2016-03-15 17:00:58'
System info: host: 'DESKTOP-RAL8DT3', ip: '192.168.11.187', os.name: 'Windows 10', os.arch: 'amd64', os.version: '10.0', java.version: '1.8.0_102'
Driver info: driver.version: RemoteWebDriver
Capabilities [{applicationCacheEnabled=true, rotatable=false, handlesAlerts=true, databaseEnabled=true, version=56.0, platform=WINDOWS, nativeEvents=false, acceptSslCerts=true, webStorageEnabled=true, locationContextEnabled=true, browserName=firefox, takesScreenshot=true, javascriptEnabled=true, cssSelectorsEnabled=true}]
Session ID: c92e5ce0-abce-462e-a2b0-00c6f0ff3de8)]]></system-err>
      </testcase>
      <testcase name="Test Cases/2. Login/Login" classname="Test Cases/2. Login/Login" status="FAILED">
         <failure type="FAILED" message="Unable to click on object 'Object Repository/Page_Guru TMDA/span_Login' (Root cause: org.openqa.selenium.remote.UnreachableBrowserException: Error communicating with the remote browser. It may have died.
Build info: version: '2.53.0', revision: '35ae25b', time: '2016-03-15 17:00:58'
System info: host: 'DESKTOP-RAL8DT3', ip: '192.168.11.187', os.name: 'Windows 10', os.arch: 'amd64', os.version: '10.0', java.version: '1.8.0_102'
Driver info: driver.version: RemoteWebDriver
Capabilities [{applicationCacheEnabled=true, rotatable=false, handlesAlerts=true, databaseEnabled=true, version=56.0, platform=WINDOWS, nativeEvents=false, acceptSslCerts=true, webStorageEnabled=true, locationContextEnabled=true, browserName=firefox, takesScreenshot=true, javascriptEnabled=true, cssSelectorsEnabled=true}]
Session ID: c92e5ce0-abce-462e-a2b0-00c6f0ff3de8)"/>
         <system-out><![CDATA[2560-11-01 10:44:47 - [TEST_CASE][FAILED] - Test Cases/2. Login/Login: Test Cases/2. Login/Login FAILED because (of) Unable to click on object 'Object Repository/Page_Guru TMDA/span_Login' (Root cause: org.openqa.selenium.remote.UnreachableBrowserException: Error communicating with the remote browser. It may have died.
Build info: version: '2.53.0', revision: '35ae25b', time: '2016-03-15 17:00:58'
System info: host: 'DESKTOP-RAL8DT3', ip: '192.168.11.187', os.name: 'Windows 10', os.arch: 'amd64', os.version: '10.0', java.version: '1.8.0_102'
Driver info: driver.version: RemoteWebDriver
Capabilities [{applicationCacheEnabled=true, rotatable=false, handlesAlerts=true, databaseEnabled=true, version=56.0, platform=WINDOWS, nativeEvents=false, acceptSslCerts=true, webStorageEnabled=true, locationContextEnabled=true, browserName=firefox, takesScreenshot=true, javascriptEnabled=true, cssSelectorsEnabled=true}]
Session ID: c92e5ce0-abce-462e-a2b0-00c6f0ff3de8)

2560-11-01 10:44:47 - [TEST_STEP][NOT_RUN] - openBrowser: NOT_RUN: openBrowser

2560-11-01 10:44:47 - [MESSAGE][NOT_RUN] - NOT_RUN: openBrowser

2560-11-01 10:44:47 - [TEST_STEP][NOT_RUN] - maximizeWindow: NOT_RUN: maximizeWindow

2560-11-01 10:44:47 - [MESSAGE][NOT_RUN] - NOT_RUN: maximizeWindow

2560-11-01 10:44:47 - [TEST_STEP][NOT_RUN] - navigateToUrl: NOT_RUN: navigateToUrl

2560-11-01 10:44:47 - [MESSAGE][NOT_RUN] - NOT_RUN: navigateToUrl

2560-11-01 10:44:47 - [TEST_STEP][FAILED] - click: Unable to click on object 'Object Repository/Page_Guru TMDA/span_Login' (Root cause: org.openqa.selenium.remote.UnreachableBrowserException: Error communicating with the remote browser. It may have died.
Build info: version: '2.53.0', revision: '35ae25b', time: '2016-03-15 17:00:58'
System info: host: 'DESKTOP-RAL8DT3', ip: '192.168.11.187', os.name: 'Windows 10', os.arch: 'amd64', os.version: '10.0', java.version: '1.8.0_102'
Driver info: driver.version: RemoteWebDriver
Capabilities [{applicationCacheEnabled=true, rotatable=false, handlesAlerts=true, databaseEnabled=true, version=56.0, platform=WINDOWS, nativeEvents=false, acceptSslCerts=true, webStorageEnabled=true, locationContextEnabled=true, browserName=firefox, takesScreenshot=true, javascriptEnabled=true, cssSelectorsEnabled=true}]
Session ID: c92e5ce0-abce-462e-a2b0-00c6f0ff3de8)

2560-11-01 10:44:49 - [MESSAGE][WARNING] - Cannot take screenshot

2560-11-01 10:44:49 - [MESSAGE][FAILED] - Unable to click on object 'Object Repository/Page_Guru TMDA/span_Login' (Root cause: org.openqa.selenium.remote.UnreachableBrowserException: Error communicating with the remote browser. It may have died.
Build info: version: '2.53.0', revision: '35ae25b', time: '2016-03-15 17:00:58'
System info: host: 'DESKTOP-RAL8DT3', ip: '192.168.11.187', os.name: 'Windows 10', os.arch: 'amd64', os.version: '10.0', java.version: '1.8.0_102'
Driver info: driver.version: RemoteWebDriver
Capabilities [{applicationCacheEnabled=true, rotatable=false, handlesAlerts=true, databaseEnabled=true, version=56.0, platform=WINDOWS, nativeEvents=false, acceptSslCerts=true, webStorageEnabled=true, locationContextEnabled=true, browserName=firefox, takesScreenshot=true, javascriptEnabled=true, cssSelectorsEnabled=true}]
Session ID: c92e5ce0-abce-462e-a2b0-00c6f0ff3de8)

2560-11-01 10:44:49 - [TEST_STEP][FAILED] - submit: Unable to submit the form containing object 'Object Repository/Page_Guru TMDA (1)/button_Login' (Root cause: org.openqa.selenium.remote.UnreachableBrowserException: Error communicating with the remote browser. It may have died.
Build info: version: '2.53.0', revision: '35ae25b', time: '2016-03-15 17:00:58'
System info: host: 'DESKTOP-RAL8DT3', ip: '192.168.11.187', os.name: 'Windows 10', os.arch: 'amd64', os.version: '10.0', java.version: '1.8.0_102'
Driver info: driver.version: RemoteWebDriver
Capabilities [{applicationCacheEnabled=true, rotatable=false, handlesAlerts=true, databaseEnabled=true, version=56.0, platform=WINDOWS, nativeEvents=false, acceptSslCerts=true, webStorageEnabled=true, locationContextEnabled=true, browserName=firefox, takesScreenshot=true, javascriptEnabled=true, cssSelectorsEnabled=true}]
Session ID: c92e5ce0-abce-462e-a2b0-00c6f0ff3de8)

2560-11-01 10:44:51 - [MESSAGE][WARNING] - Cannot take screenshot

2560-11-01 10:44:51 - [MESSAGE][FAILED] - Unable to submit the form containing object 'Object Repository/Page_Guru TMDA (1)/button_Login' (Root cause: org.openqa.selenium.remote.UnreachableBrowserException: Error communicating with the remote browser. It may have died.
Build info: version: '2.53.0', revision: '35ae25b', time: '2016-03-15 17:00:58'
System info: host: 'DESKTOP-RAL8DT3', ip: '192.168.11.187', os.name: 'Windows 10', os.arch: 'amd64', os.version: '10.0', java.version: '1.8.0_102'
Driver info: driver.version: RemoteWebDriver
Capabilities [{applicationCacheEnabled=true, rotatable=false, handlesAlerts=true, databaseEnabled=true, version=56.0, platform=WINDOWS, nativeEvents=false, acceptSslCerts=true, webStorageEnabled=true, locationContextEnabled=true, browserName=firefox, takesScreenshot=true, javascriptEnabled=true, cssSelectorsEnabled=true}]
Session ID: c92e5ce0-abce-462e-a2b0-00c6f0ff3de8)

2560-11-01 10:44:51 - [TEST_STEP][FAILED] - verifyElementPresent: Unable to verify object 'Object Repository/Login/div_Username is not null.' is present (Root cause: org.openqa.selenium.remote.UnreachableBrowserException: Error communicating with the remote browser. It may have died.
Build info: version: '2.53.0', revision: '35ae25b', time: '2016-03-15 17:00:58'
System info: host: 'DESKTOP-RAL8DT3', ip: '192.168.11.187', os.name: 'Windows 10', os.arch: 'amd64', os.version: '10.0', java.version: '1.8.0_102'
Driver info: driver.version: RemoteWebDriver
Capabilities [{applicationCacheEnabled=true, rotatable=false, handlesAlerts=true, databaseEnabled=true, version=56.0, platform=WINDOWS, nativeEvents=false, acceptSslCerts=true, webStorageEnabled=true, locationContextEnabled=true, browserName=firefox, takesScreenshot=true, javascriptEnabled=true, cssSelectorsEnabled=true}]
Session ID: c92e5ce0-abce-462e-a2b0-00c6f0ff3de8)

2560-11-01 10:44:53 - [MESSAGE][WARNING] - Cannot take screenshot

2560-11-01 10:44:53 - [MESSAGE][FAILED] - Unable to verify object 'Object Repository/Login/div_Username is not null.' is present (Root cause: org.openqa.selenium.remote.UnreachableBrowserException: Error communicating with the remote browser. It may have died.
Build info: version: '2.53.0', revision: '35ae25b', time: '2016-03-15 17:00:58'
System info: host: 'DESKTOP-RAL8DT3', ip: '192.168.11.187', os.name: 'Windows 10', os.arch: 'amd64', os.version: '10.0', java.version: '1.8.0_102'
Driver info: driver.version: RemoteWebDriver
Capabilities [{applicationCacheEnabled=true, rotatable=false, handlesAlerts=true, databaseEnabled=true, version=56.0, platform=WINDOWS, nativeEvents=false, acceptSslCerts=true, webStorageEnabled=true, locationContextEnabled=true, browserName=firefox, takesScreenshot=true, javascriptEnabled=true, cssSelectorsEnabled=true}]
Session ID: c92e5ce0-abce-462e-a2b0-00c6f0ff3de8)

2560-11-01 10:44:53 - [TEST_STEP][FAILED] - setText: Unable to set text 'fortest' of object 'Object Repository/Page_Guru TMDA (1)/input_ng-untouched ng-valid ng' (Root cause: org.openqa.selenium.remote.UnreachableBrowserException: Error communicating with the remote browser. It may have died.
Build info: version: '2.53.0', revision: '35ae25b', time: '2016-03-15 17:00:58'
System info: host: 'DESKTOP-RAL8DT3', ip: '192.168.11.187', os.name: 'Windows 10', os.arch: 'amd64', os.version: '10.0', java.version: '1.8.0_102'
Driver info: driver.version: RemoteWebDriver
Capabilities [{applicationCacheEnabled=true, rotatable=false, handlesAlerts=true, databaseEnabled=true, version=56.0, platform=WINDOWS, nativeEvents=false, acceptSslCerts=true, webStorageEnabled=true, locationContextEnabled=true, browserName=firefox, takesScreenshot=true, javascriptEnabled=true, cssSelectorsEnabled=true}]
Session ID: c92e5ce0-abce-462e-a2b0-00c6f0ff3de8)

2560-11-01 10:44:55 - [MESSAGE][WARNING] - Cannot take screenshot

2560-11-01 10:44:55 - [MESSAGE][FAILED] - Unable to set text 'fortest' of object 'Object Repository/Page_Guru TMDA (1)/input_ng-untouched ng-valid ng' (Root cause: org.openqa.selenium.remote.UnreachableBrowserException: Error communicating with the remote browser. It may have died.
Build info: version: '2.53.0', revision: '35ae25b', time: '2016-03-15 17:00:58'
System info: host: 'DESKTOP-RAL8DT3', ip: '192.168.11.187', os.name: 'Windows 10', os.arch: 'amd64', os.version: '10.0', java.version: '1.8.0_102'
Driver info: driver.version: RemoteWebDriver
Capabilities [{applicationCacheEnabled=true, rotatable=false, handlesAlerts=true, databaseEnabled=true, version=56.0, platform=WINDOWS, nativeEvents=false, acceptSslCerts=true, webStorageEnabled=true, locationContextEnabled=true, browserName=firefox, takesScreenshot=true, javascriptEnabled=true, cssSelectorsEnabled=true}]
Session ID: c92e5ce0-abce-462e-a2b0-00c6f0ff3de8)

2560-11-01 10:44:55 - [TEST_STEP][FAILED] - submit: Unable to submit the form containing object 'Object Repository/Page_Guru TMDA (1)/button_Login' (Root cause: org.openqa.selenium.remote.UnreachableBrowserException: Error communicating with the remote browser. It may have died.
Build info: version: '2.53.0', revision: '35ae25b', time: '2016-03-15 17:00:58'
System info: host: 'DESKTOP-RAL8DT3', ip: '192.168.11.187', os.name: 'Windows 10', os.arch: 'amd64', os.version: '10.0', java.version: '1.8.0_102'
Driver info: driver.version: RemoteWebDriver
Capabilities [{applicationCacheEnabled=true, rotatable=false, handlesAlerts=true, databaseEnabled=true, version=56.0, platform=WINDOWS, nativeEvents=false, acceptSslCerts=true, webStorageEnabled=true, locationContextEnabled=true, browserName=firefox, takesScreenshot=true, javascriptEnabled=true, cssSelectorsEnabled=true}]
Session ID: c92e5ce0-abce-462e-a2b0-00c6f0ff3de8)

2560-11-01 10:44:57 - [MESSAGE][WARNING] - Cannot take screenshot

2560-11-01 10:44:57 - [MESSAGE][FAILED] - Unable to submit the form containing object 'Object Repository/Page_Guru TMDA (1)/button_Login' (Root cause: org.openqa.selenium.remote.UnreachableBrowserException: Error communicating with the remote browser. It may have died.
Build info: version: '2.53.0', revision: '35ae25b', time: '2016-03-15 17:00:58'
System info: host: 'DESKTOP-RAL8DT3', ip: '192.168.11.187', os.name: 'Windows 10', os.arch: 'amd64', os.version: '10.0', java.version: '1.8.0_102'
Driver info: driver.version: RemoteWebDriver
Capabilities [{applicationCacheEnabled=true, rotatable=false, handlesAlerts=true, databaseEnabled=true, version=56.0, platform=WINDOWS, nativeEvents=false, acceptSslCerts=true, webStorageEnabled=true, locationContextEnabled=true, browserName=firefox, takesScreenshot=true, javascriptEnabled=true, cssSelectorsEnabled=true}]
Session ID: c92e5ce0-abce-462e-a2b0-00c6f0ff3de8)

2560-11-01 10:44:57 - [TEST_STEP][FAILED] - verifyElementPresent: Unable to verify object 'Object Repository/Login/div_Password is not null.' is present (Root cause: org.openqa.selenium.remote.UnreachableBrowserException: Error communicating with the remote browser. It may have died.
Build info: version: '2.53.0', revision: '35ae25b', time: '2016-03-15 17:00:58'
System info: host: 'DESKTOP-RAL8DT3', ip: '192.168.11.187', os.name: 'Windows 10', os.arch: 'amd64', os.version: '10.0', java.version: '1.8.0_102'
Driver info: driver.version: RemoteWebDriver
Capabilities [{applicationCacheEnabled=true, rotatable=false, handlesAlerts=true, databaseEnabled=true, version=56.0, platform=WINDOWS, nativeEvents=false, acceptSslCerts=true, webStorageEnabled=true, locationContextEnabled=true, browserName=firefox, takesScreenshot=true, javascriptEnabled=true, cssSelectorsEnabled=true}]
Session ID: c92e5ce0-abce-462e-a2b0-00c6f0ff3de8)

2560-11-01 10:44:59 - [MESSAGE][WARNING] - Cannot take screenshot

2560-11-01 10:44:59 - [MESSAGE][FAILED] - Unable to verify object 'Object Repository/Login/div_Password is not null.' is present (Root cause: org.openqa.selenium.remote.UnreachableBrowserException: Error communicating with the remote browser. It may have died.
Build info: version: '2.53.0', revision: '35ae25b', time: '2016-03-15 17:00:58'
System info: host: 'DESKTOP-RAL8DT3', ip: '192.168.11.187', os.name: 'Windows 10', os.arch: 'amd64', os.version: '10.0', java.version: '1.8.0_102'
Driver info: driver.version: RemoteWebDriver
Capabilities [{applicationCacheEnabled=true, rotatable=false, handlesAlerts=true, databaseEnabled=true, version=56.0, platform=WINDOWS, nativeEvents=false, acceptSslCerts=true, webStorageEnabled=true, locationContextEnabled=true, browserName=firefox, takesScreenshot=true, javascriptEnabled=true, cssSelectorsEnabled=true}]
Session ID: c92e5ce0-abce-462e-a2b0-00c6f0ff3de8)

2560-11-01 10:44:59 - [TEST_STEP][FAILED] - setText: Unable to set text 'fortest' of object 'Object Repository/Page_Guru TMDA (1)/input_ng-untouched ng-pristine' (Root cause: org.openqa.selenium.remote.UnreachableBrowserException: Error communicating with the remote browser. It may have died.
Build info: version: '2.53.0', revision: '35ae25b', time: '2016-03-15 17:00:58'
System info: host: 'DESKTOP-RAL8DT3', ip: '192.168.11.187', os.name: 'Windows 10', os.arch: 'amd64', os.version: '10.0', java.version: '1.8.0_102'
Driver info: driver.version: RemoteWebDriver
Capabilities [{applicationCacheEnabled=true, rotatable=false, handlesAlerts=true, databaseEnabled=true, version=56.0, platform=WINDOWS, nativeEvents=false, acceptSslCerts=true, webStorageEnabled=true, locationContextEnabled=true, browserName=firefox, takesScreenshot=true, javascriptEnabled=true, cssSelectorsEnabled=true}]
Session ID: c92e5ce0-abce-462e-a2b0-00c6f0ff3de8)

2560-11-01 10:45:01 - [MESSAGE][WARNING] - Cannot take screenshot

2560-11-01 10:45:01 - [MESSAGE][FAILED] - Unable to set text 'fortest' of object 'Object Repository/Page_Guru TMDA (1)/input_ng-untouched ng-pristine' (Root cause: org.openqa.selenium.remote.UnreachableBrowserException: Error communicating with the remote browser. It may have died.
Build info: version: '2.53.0', revision: '35ae25b', time: '2016-03-15 17:00:58'
System info: host: 'DESKTOP-RAL8DT3', ip: '192.168.11.187', os.name: 'Windows 10', os.arch: 'amd64', os.version: '10.0', java.version: '1.8.0_102'
Driver info: driver.version: RemoteWebDriver
Capabilities [{applicationCacheEnabled=true, rotatable=false, handlesAlerts=true, databaseEnabled=true, version=56.0, platform=WINDOWS, nativeEvents=false, acceptSslCerts=true, webStorageEnabled=true, locationContextEnabled=true, browserName=firefox, takesScreenshot=true, javascriptEnabled=true, cssSelectorsEnabled=true}]
Session ID: c92e5ce0-abce-462e-a2b0-00c6f0ff3de8)

2560-11-01 10:45:01 - [TEST_STEP][FAILED] - submit: Unable to submit the form containing object 'Object Repository/Page_Guru TMDA (1)/button_Login' (Root cause: org.openqa.selenium.remote.UnreachableBrowserException: Error communicating with the remote browser. It may have died.
Build info: version: '2.53.0', revision: '35ae25b', time: '2016-03-15 17:00:58'
System info: host: 'DESKTOP-RAL8DT3', ip: '192.168.11.187', os.name: 'Windows 10', os.arch: 'amd64', os.version: '10.0', java.version: '1.8.0_102'
Driver info: driver.version: RemoteWebDriver
Capabilities [{applicationCacheEnabled=true, rotatable=false, handlesAlerts=true, databaseEnabled=true, version=56.0, platform=WINDOWS, nativeEvents=false, acceptSslCerts=true, webStorageEnabled=true, locationContextEnabled=true, browserName=firefox, takesScreenshot=true, javascriptEnabled=true, cssSelectorsEnabled=true}]
Session ID: c92e5ce0-abce-462e-a2b0-00c6f0ff3de8)

2560-11-01 10:45:03 - [MESSAGE][WARNING] - Cannot take screenshot

2560-11-01 10:45:03 - [MESSAGE][FAILED] - Unable to submit the form containing object 'Object Repository/Page_Guru TMDA (1)/button_Login' (Root cause: org.openqa.selenium.remote.UnreachableBrowserException: Error communicating with the remote browser. It may have died.
Build info: version: '2.53.0', revision: '35ae25b', time: '2016-03-15 17:00:58'
System info: host: 'DESKTOP-RAL8DT3', ip: '192.168.11.187', os.name: 'Windows 10', os.arch: 'amd64', os.version: '10.0', java.version: '1.8.0_102'
Driver info: driver.version: RemoteWebDriver
Capabilities [{applicationCacheEnabled=true, rotatable=false, handlesAlerts=true, databaseEnabled=true, version=56.0, platform=WINDOWS, nativeEvents=false, acceptSslCerts=true, webStorageEnabled=true, locationContextEnabled=true, browserName=firefox, takesScreenshot=true, javascriptEnabled=true, cssSelectorsEnabled=true}]
Session ID: c92e5ce0-abce-462e-a2b0-00c6f0ff3de8)

2560-11-01 10:45:03 - [TEST_STEP][FAILED] - verifyElementPresent: Unable to verify object 'Object Repository/Login/div_User Not Activate' is present (Root cause: org.openqa.selenium.remote.UnreachableBrowserException: Error communicating with the remote browser. It may have died.
Build info: version: '2.53.0', revision: '35ae25b', time: '2016-03-15 17:00:58'
System info: host: 'DESKTOP-RAL8DT3', ip: '192.168.11.187', os.name: 'Windows 10', os.arch: 'amd64', os.version: '10.0', java.version: '1.8.0_102'
Driver info: driver.version: RemoteWebDriver
Capabilities [{applicationCacheEnabled=true, rotatable=false, handlesAlerts=true, databaseEnabled=true, version=56.0, platform=WINDOWS, nativeEvents=false, acceptSslCerts=true, webStorageEnabled=true, locationContextEnabled=true, browserName=firefox, takesScreenshot=true, javascriptEnabled=true, cssSelectorsEnabled=true}]
Session ID: c92e5ce0-abce-462e-a2b0-00c6f0ff3de8)

2560-11-01 10:45:05 - [MESSAGE][WARNING] - Cannot take screenshot

2560-11-01 10:45:05 - [MESSAGE][FAILED] - Unable to verify object 'Object Repository/Login/div_User Not Activate' is present (Root cause: org.openqa.selenium.remote.UnreachableBrowserException: Error communicating with the remote browser. It may have died.
Build info: version: '2.53.0', revision: '35ae25b', time: '2016-03-15 17:00:58'
System info: host: 'DESKTOP-RAL8DT3', ip: '192.168.11.187', os.name: 'Windows 10', os.arch: 'amd64', os.version: '10.0', java.version: '1.8.0_102'
Driver info: driver.version: RemoteWebDriver
Capabilities [{applicationCacheEnabled=true, rotatable=false, handlesAlerts=true, databaseEnabled=true, version=56.0, platform=WINDOWS, nativeEvents=false, acceptSslCerts=true, webStorageEnabled=true, locationContextEnabled=true, browserName=firefox, takesScreenshot=true, javascriptEnabled=true, cssSelectorsEnabled=true}]
Session ID: c92e5ce0-abce-462e-a2b0-00c6f0ff3de8)

2560-11-01 10:45:05 - [TEST_STEP][FAILED] - setText: Unable to set text 'fortesteigjofsdjigojsofgasdsaqwe' of object 'Object Repository/Page_Guru TMDA (1)/input_ng-untouched ng-valid ng' (Root cause: org.openqa.selenium.remote.UnreachableBrowserException: Error communicating with the remote browser. It may have died.
Build info: version: '2.53.0', revision: '35ae25b', time: '2016-03-15 17:00:58'
System info: host: 'DESKTOP-RAL8DT3', ip: '192.168.11.187', os.name: 'Windows 10', os.arch: 'amd64', os.version: '10.0', java.version: '1.8.0_102'
Driver info: driver.version: RemoteWebDriver
Capabilities [{applicationCacheEnabled=true, rotatable=false, handlesAlerts=true, databaseEnabled=true, version=56.0, platform=WINDOWS, nativeEvents=false, acceptSslCerts=true, webStorageEnabled=true, locationContextEnabled=true, browserName=firefox, takesScreenshot=true, javascriptEnabled=true, cssSelectorsEnabled=true}]
Session ID: c92e5ce0-abce-462e-a2b0-00c6f0ff3de8)

2560-11-01 10:45:07 - [MESSAGE][WARNING] - Cannot take screenshot

2560-11-01 10:45:07 - [MESSAGE][FAILED] - Unable to set text 'fortesteigjofsdjigojsofgasdsaqwe' of object 'Object Repository/Page_Guru TMDA (1)/input_ng-untouched ng-valid ng' (Root cause: org.openqa.selenium.remote.UnreachableBrowserException: Error communicating with the remote browser. It may have died.
Build info: version: '2.53.0', revision: '35ae25b', time: '2016-03-15 17:00:58'
System info: host: 'DESKTOP-RAL8DT3', ip: '192.168.11.187', os.name: 'Windows 10', os.arch: 'amd64', os.version: '10.0', java.version: '1.8.0_102'
Driver info: driver.version: RemoteWebDriver
Capabilities [{applicationCacheEnabled=true, rotatable=false, handlesAlerts=true, databaseEnabled=true, version=56.0, platform=WINDOWS, nativeEvents=false, acceptSslCerts=true, webStorageEnabled=true, locationContextEnabled=true, browserName=firefox, takesScreenshot=true, javascriptEnabled=true, cssSelectorsEnabled=true}]
Session ID: c92e5ce0-abce-462e-a2b0-00c6f0ff3de8)

2560-11-01 10:45:07 - [TEST_STEP][FAILED] - submit: Unable to submit the form containing object 'Object Repository/Page_Guru TMDA (1)/button_Login' (Root cause: org.openqa.selenium.remote.UnreachableBrowserException: Error communicating with the remote browser. It may have died.
Build info: version: '2.53.0', revision: '35ae25b', time: '2016-03-15 17:00:58'
System info: host: 'DESKTOP-RAL8DT3', ip: '192.168.11.187', os.name: 'Windows 10', os.arch: 'amd64', os.version: '10.0', java.version: '1.8.0_102'
Driver info: driver.version: RemoteWebDriver
Capabilities [{applicationCacheEnabled=true, rotatable=false, handlesAlerts=true, databaseEnabled=true, version=56.0, platform=WINDOWS, nativeEvents=false, acceptSslCerts=true, webStorageEnabled=true, locationContextEnabled=true, browserName=firefox, takesScreenshot=true, javascriptEnabled=true, cssSelectorsEnabled=true}]
Session ID: c92e5ce0-abce-462e-a2b0-00c6f0ff3de8)

2560-11-01 10:45:09 - [MESSAGE][WARNING] - Cannot take screenshot

2560-11-01 10:45:09 - [MESSAGE][FAILED] - Unable to submit the form containing object 'Object Repository/Page_Guru TMDA (1)/button_Login' (Root cause: org.openqa.selenium.remote.UnreachableBrowserException: Error communicating with the remote browser. It may have died.
Build info: version: '2.53.0', revision: '35ae25b', time: '2016-03-15 17:00:58'
System info: host: 'DESKTOP-RAL8DT3', ip: '192.168.11.187', os.name: 'Windows 10', os.arch: 'amd64', os.version: '10.0', java.version: '1.8.0_102'
Driver info: driver.version: RemoteWebDriver
Capabilities [{applicationCacheEnabled=true, rotatable=false, handlesAlerts=true, databaseEnabled=true, version=56.0, platform=WINDOWS, nativeEvents=false, acceptSslCerts=true, webStorageEnabled=true, locationContextEnabled=true, browserName=firefox, takesScreenshot=true, javascriptEnabled=true, cssSelectorsEnabled=true}]
Session ID: c92e5ce0-abce-462e-a2b0-00c6f0ff3de8)

2560-11-01 10:45:09 - [TEST_STEP][FAILED] - verifyElementPresent: Unable to verify object 'Object Repository/Login/div_User Not Found' is present (Root cause: org.openqa.selenium.remote.UnreachableBrowserException: Error communicating with the remote browser. It may have died.
Build info: version: '2.53.0', revision: '35ae25b', time: '2016-03-15 17:00:58'
System info: host: 'DESKTOP-RAL8DT3', ip: '192.168.11.187', os.name: 'Windows 10', os.arch: 'amd64', os.version: '10.0', java.version: '1.8.0_102'
Driver info: driver.version: RemoteWebDriver
Capabilities [{applicationCacheEnabled=true, rotatable=false, handlesAlerts=true, databaseEnabled=true, version=56.0, platform=WINDOWS, nativeEvents=false, acceptSslCerts=true, webStorageEnabled=true, locationContextEnabled=true, browserName=firefox, takesScreenshot=true, javascriptEnabled=true, cssSelectorsEnabled=true}]
Session ID: c92e5ce0-abce-462e-a2b0-00c6f0ff3de8)

2560-11-01 10:45:11 - [MESSAGE][WARNING] - Cannot take screenshot

2560-11-01 10:45:11 - [MESSAGE][FAILED] - Unable to verify object 'Object Repository/Login/div_User Not Found' is present (Root cause: org.openqa.selenium.remote.UnreachableBrowserException: Error communicating with the remote browser. It may have died.
Build info: version: '2.53.0', revision: '35ae25b', time: '2016-03-15 17:00:58'
System info: host: 'DESKTOP-RAL8DT3', ip: '192.168.11.187', os.name: 'Windows 10', os.arch: 'amd64', os.version: '10.0', java.version: '1.8.0_102'
Driver info: driver.version: RemoteWebDriver
Capabilities [{applicationCacheEnabled=true, rotatable=false, handlesAlerts=true, databaseEnabled=true, version=56.0, platform=WINDOWS, nativeEvents=false, acceptSslCerts=true, webStorageEnabled=true, locationContextEnabled=true, browserName=firefox, takesScreenshot=true, javascriptEnabled=true, cssSelectorsEnabled=true}]
Session ID: c92e5ce0-abce-462e-a2b0-00c6f0ff3de8)

2560-11-01 10:45:11 - [TEST_STEP][FAILED] - setText: Unable to set text 'piew' of object 'Object Repository/Page_Guru TMDA (1)/input_ng-untouched ng-valid ng' (Root cause: org.openqa.selenium.remote.UnreachableBrowserException: Error communicating with the remote browser. It may have died.
Build info: version: '2.53.0', revision: '35ae25b', time: '2016-03-15 17:00:58'
System info: host: 'DESKTOP-RAL8DT3', ip: '192.168.11.187', os.name: 'Windows 10', os.arch: 'amd64', os.version: '10.0', java.version: '1.8.0_102'
Driver info: driver.version: RemoteWebDriver
Capabilities [{applicationCacheEnabled=true, rotatable=false, handlesAlerts=true, databaseEnabled=true, version=56.0, platform=WINDOWS, nativeEvents=false, acceptSslCerts=true, webStorageEnabled=true, locationContextEnabled=true, browserName=firefox, takesScreenshot=true, javascriptEnabled=true, cssSelectorsEnabled=true}]
Session ID: c92e5ce0-abce-462e-a2b0-00c6f0ff3de8)

2560-11-01 10:45:13 - [MESSAGE][WARNING] - Cannot take screenshot

2560-11-01 10:45:13 - [MESSAGE][FAILED] - Unable to set text 'piew' of object 'Object Repository/Page_Guru TMDA (1)/input_ng-untouched ng-valid ng' (Root cause: org.openqa.selenium.remote.UnreachableBrowserException: Error communicating with the remote browser. It may have died.
Build info: version: '2.53.0', revision: '35ae25b', time: '2016-03-15 17:00:58'
System info: host: 'DESKTOP-RAL8DT3', ip: '192.168.11.187', os.name: 'Windows 10', os.arch: 'amd64', os.version: '10.0', java.version: '1.8.0_102'
Driver info: driver.version: RemoteWebDriver
Capabilities [{applicationCacheEnabled=true, rotatable=false, handlesAlerts=true, databaseEnabled=true, version=56.0, platform=WINDOWS, nativeEvents=false, acceptSslCerts=true, webStorageEnabled=true, locationContextEnabled=true, browserName=firefox, takesScreenshot=true, javascriptEnabled=true, cssSelectorsEnabled=true}]
Session ID: c92e5ce0-abce-462e-a2b0-00c6f0ff3de8)

2560-11-01 10:45:13 - [TEST_STEP][FAILED] - submit: Unable to submit the form containing object 'Object Repository/Page_Guru TMDA (1)/button_Login' (Root cause: org.openqa.selenium.remote.UnreachableBrowserException: Error communicating with the remote browser. It may have died.
Build info: version: '2.53.0', revision: '35ae25b', time: '2016-03-15 17:00:58'
System info: host: 'DESKTOP-RAL8DT3', ip: '192.168.11.187', os.name: 'Windows 10', os.arch: 'amd64', os.version: '10.0', java.version: '1.8.0_102'
Driver info: driver.version: RemoteWebDriver
Capabilities [{applicationCacheEnabled=true, rotatable=false, handlesAlerts=true, databaseEnabled=true, version=56.0, platform=WINDOWS, nativeEvents=false, acceptSslCerts=true, webStorageEnabled=true, locationContextEnabled=true, browserName=firefox, takesScreenshot=true, javascriptEnabled=true, cssSelectorsEnabled=true}]
Session ID: c92e5ce0-abce-462e-a2b0-00c6f0ff3de8)

2560-11-01 10:45:15 - [MESSAGE][WARNING] - Cannot take screenshot

2560-11-01 10:45:15 - [MESSAGE][FAILED] - Unable to submit the form containing object 'Object Repository/Page_Guru TMDA (1)/button_Login' (Root cause: org.openqa.selenium.remote.UnreachableBrowserException: Error communicating with the remote browser. It may have died.
Build info: version: '2.53.0', revision: '35ae25b', time: '2016-03-15 17:00:58'
System info: host: 'DESKTOP-RAL8DT3', ip: '192.168.11.187', os.name: 'Windows 10', os.arch: 'amd64', os.version: '10.0', java.version: '1.8.0_102'
Driver info: driver.version: RemoteWebDriver
Capabilities [{applicationCacheEnabled=true, rotatable=false, handlesAlerts=true, databaseEnabled=true, version=56.0, platform=WINDOWS, nativeEvents=false, acceptSslCerts=true, webStorageEnabled=true, locationContextEnabled=true, browserName=firefox, takesScreenshot=true, javascriptEnabled=true, cssSelectorsEnabled=true}]
Session ID: c92e5ce0-abce-462e-a2b0-00c6f0ff3de8)

2560-11-01 10:45:15 - [TEST_STEP][FAILED] - verifyElementPresent: Unable to verify object 'Object Repository/Login/div_Incorrect Password' is present (Root cause: org.openqa.selenium.remote.UnreachableBrowserException: Error communicating with the remote browser. It may have died.
Build info: version: '2.53.0', revision: '35ae25b', time: '2016-03-15 17:00:58'
System info: host: 'DESKTOP-RAL8DT3', ip: '192.168.11.187', os.name: 'Windows 10', os.arch: 'amd64', os.version: '10.0', java.version: '1.8.0_102'
Driver info: driver.version: RemoteWebDriver
Capabilities [{applicationCacheEnabled=true, rotatable=false, handlesAlerts=true, databaseEnabled=true, version=56.0, platform=WINDOWS, nativeEvents=false, acceptSslCerts=true, webStorageEnabled=true, locationContextEnabled=true, browserName=firefox, takesScreenshot=true, javascriptEnabled=true, cssSelectorsEnabled=true}]
Session ID: c92e5ce0-abce-462e-a2b0-00c6f0ff3de8)

2560-11-01 10:45:17 - [MESSAGE][WARNING] - Cannot take screenshot

2560-11-01 10:45:17 - [MESSAGE][FAILED] - Unable to verify object 'Object Repository/Login/div_Incorrect Password' is present (Root cause: org.openqa.selenium.remote.UnreachableBrowserException: Error communicating with the remote browser. It may have died.
Build info: version: '2.53.0', revision: '35ae25b', time: '2016-03-15 17:00:58'
System info: host: 'DESKTOP-RAL8DT3', ip: '192.168.11.187', os.name: 'Windows 10', os.arch: 'amd64', os.version: '10.0', java.version: '1.8.0_102'
Driver info: driver.version: RemoteWebDriver
Capabilities [{applicationCacheEnabled=true, rotatable=false, handlesAlerts=true, databaseEnabled=true, version=56.0, platform=WINDOWS, nativeEvents=false, acceptSslCerts=true, webStorageEnabled=true, locationContextEnabled=true, browserName=firefox, takesScreenshot=true, javascriptEnabled=true, cssSelectorsEnabled=true}]
Session ID: c92e5ce0-abce-462e-a2b0-00c6f0ff3de8)

2560-11-01 10:45:17 - [TEST_STEP][FAILED] - setText: Unable to set text 'piew' of object 'Object Repository/Page_Guru TMDA (1)/input_ng-untouched ng-pristine' (Root cause: org.openqa.selenium.remote.UnreachableBrowserException: Error communicating with the remote browser. It may have died.
Build info: version: '2.53.0', revision: '35ae25b', time: '2016-03-15 17:00:58'
System info: host: 'DESKTOP-RAL8DT3', ip: '192.168.11.187', os.name: 'Windows 10', os.arch: 'amd64', os.version: '10.0', java.version: '1.8.0_102'
Driver info: driver.version: RemoteWebDriver
Capabilities [{applicationCacheEnabled=true, rotatable=false, handlesAlerts=true, databaseEnabled=true, version=56.0, platform=WINDOWS, nativeEvents=false, acceptSslCerts=true, webStorageEnabled=true, locationContextEnabled=true, browserName=firefox, takesScreenshot=true, javascriptEnabled=true, cssSelectorsEnabled=true}]
Session ID: c92e5ce0-abce-462e-a2b0-00c6f0ff3de8)

2560-11-01 10:45:19 - [MESSAGE][WARNING] - Cannot take screenshot

2560-11-01 10:45:19 - [MESSAGE][FAILED] - Unable to set text 'piew' of object 'Object Repository/Page_Guru TMDA (1)/input_ng-untouched ng-pristine' (Root cause: org.openqa.selenium.remote.UnreachableBrowserException: Error communicating with the remote browser. It may have died.
Build info: version: '2.53.0', revision: '35ae25b', time: '2016-03-15 17:00:58'
System info: host: 'DESKTOP-RAL8DT3', ip: '192.168.11.187', os.name: 'Windows 10', os.arch: 'amd64', os.version: '10.0', java.version: '1.8.0_102'
Driver info: driver.version: RemoteWebDriver
Capabilities [{applicationCacheEnabled=true, rotatable=false, handlesAlerts=true, databaseEnabled=true, version=56.0, platform=WINDOWS, nativeEvents=false, acceptSslCerts=true, webStorageEnabled=true, locationContextEnabled=true, browserName=firefox, takesScreenshot=true, javascriptEnabled=true, cssSelectorsEnabled=true}]
Session ID: c92e5ce0-abce-462e-a2b0-00c6f0ff3de8)

2560-11-01 10:45:19 - [TEST_STEP][FAILED] - submit: Unable to submit the form containing object 'Object Repository/Page_Guru TMDA (1)/button_Login' (Root cause: org.openqa.selenium.remote.UnreachableBrowserException: Error communicating with the remote browser. It may have died.
Build info: version: '2.53.0', revision: '35ae25b', time: '2016-03-15 17:00:58'
System info: host: 'DESKTOP-RAL8DT3', ip: '192.168.11.187', os.name: 'Windows 10', os.arch: 'amd64', os.version: '10.0', java.version: '1.8.0_102'
Driver info: driver.version: RemoteWebDriver
Capabilities [{applicationCacheEnabled=true, rotatable=false, handlesAlerts=true, databaseEnabled=true, version=56.0, platform=WINDOWS, nativeEvents=false, acceptSslCerts=true, webStorageEnabled=true, locationContextEnabled=true, browserName=firefox, takesScreenshot=true, javascriptEnabled=true, cssSelectorsEnabled=true}]
Session ID: c92e5ce0-abce-462e-a2b0-00c6f0ff3de8)

2560-11-01 10:45:21 - [MESSAGE][WARNING] - Cannot take screenshot

2560-11-01 10:45:21 - [MESSAGE][FAILED] - Unable to submit the form containing object 'Object Repository/Page_Guru TMDA (1)/button_Login' (Root cause: org.openqa.selenium.remote.UnreachableBrowserException: Error communicating with the remote browser. It may have died.
Build info: version: '2.53.0', revision: '35ae25b', time: '2016-03-15 17:00:58'
System info: host: 'DESKTOP-RAL8DT3', ip: '192.168.11.187', os.name: 'Windows 10', os.arch: 'amd64', os.version: '10.0', java.version: '1.8.0_102'
Driver info: driver.version: RemoteWebDriver
Capabilities [{applicationCacheEnabled=true, rotatable=false, handlesAlerts=true, databaseEnabled=true, version=56.0, platform=WINDOWS, nativeEvents=false, acceptSslCerts=true, webStorageEnabled=true, locationContextEnabled=true, browserName=firefox, takesScreenshot=true, javascriptEnabled=true, cssSelectorsEnabled=true}]
Session ID: c92e5ce0-abce-462e-a2b0-00c6f0ff3de8)

2560-11-01 10:45:21 - [TEST_STEP][FAILED] - verifyElementPresent: Unable to verify object 'Object Repository/Page_Guru TMDA (7)/a_Help' is present (Root cause: org.openqa.selenium.remote.UnreachableBrowserException: Error communicating with the remote browser. It may have died.
Build info: version: '2.53.0', revision: '35ae25b', time: '2016-03-15 17:00:58'
System info: host: 'DESKTOP-RAL8DT3', ip: '192.168.11.187', os.name: 'Windows 10', os.arch: 'amd64', os.version: '10.0', java.version: '1.8.0_102'
Driver info: driver.version: RemoteWebDriver
Capabilities [{applicationCacheEnabled=true, rotatable=false, handlesAlerts=true, databaseEnabled=true, version=56.0, platform=WINDOWS, nativeEvents=false, acceptSslCerts=true, webStorageEnabled=true, locationContextEnabled=true, browserName=firefox, takesScreenshot=true, javascriptEnabled=true, cssSelectorsEnabled=true}]
Session ID: c92e5ce0-abce-462e-a2b0-00c6f0ff3de8)

2560-11-01 10:45:21 - [MESSAGE][WARNING] - Timeout '0' is invalid. Using default page load timeout: '30'

2560-11-01 10:45:23 - [MESSAGE][WARNING] - Cannot take screenshot

2560-11-01 10:45:23 - [MESSAGE][FAILED] - Unable to verify object 'Object Repository/Page_Guru TMDA (7)/a_Help' is present (Root cause: org.openqa.selenium.remote.UnreachableBrowserException: Error communicating with the remote browser. It may have died.
Build info: version: '2.53.0', revision: '35ae25b', time: '2016-03-15 17:00:58'
System info: host: 'DESKTOP-RAL8DT3', ip: '192.168.11.187', os.name: 'Windows 10', os.arch: 'amd64', os.version: '10.0', java.version: '1.8.0_102'
Driver info: driver.version: RemoteWebDriver
Capabilities [{applicationCacheEnabled=true, rotatable=false, handlesAlerts=true, databaseEnabled=true, version=56.0, platform=WINDOWS, nativeEvents=false, acceptSslCerts=true, webStorageEnabled=true, locationContextEnabled=true, browserName=firefox, takesScreenshot=true, javascriptEnabled=true, cssSelectorsEnabled=true}]
Session ID: c92e5ce0-abce-462e-a2b0-00c6f0ff3de8)

2560-11-01 10:45:23 - [TEST_STEP][NOT_RUN] - closeBrowser: NOT_RUN: closeBrowser

2560-11-01 10:45:23 - [MESSAGE][NOT_RUN] - NOT_RUN: closeBrowser]]></system-out>
         <system-err><![CDATA[2560-11-01 10:44:47 - [TEST_CASE][FAILED] - Test Cases/2. Login/Login: Test Cases/2. Login/Login FAILED because (of) Unable to click on object 'Object Repository/Page_Guru TMDA/span_Login' (Root cause: org.openqa.selenium.remote.UnreachableBrowserException: Error communicating with the remote browser. It may have died.
Build info: version: '2.53.0', revision: '35ae25b', time: '2016-03-15 17:00:58'
System info: host: 'DESKTOP-RAL8DT3', ip: '192.168.11.187', os.name: 'Windows 10', os.arch: 'amd64', os.version: '10.0', java.version: '1.8.0_102'
Driver info: driver.version: RemoteWebDriver
Capabilities [{applicationCacheEnabled=true, rotatable=false, handlesAlerts=true, databaseEnabled=true, version=56.0, platform=WINDOWS, nativeEvents=false, acceptSslCerts=true, webStorageEnabled=true, locationContextEnabled=true, browserName=firefox, takesScreenshot=true, javascriptEnabled=true, cssSelectorsEnabled=true}]
Session ID: c92e5ce0-abce-462e-a2b0-00c6f0ff3de8)]]></system-err>
      </testcase>
      <testcase name="Test Cases/3. Menu Text Prediction/Single Verbatim with login" classname="Test Cases/3. Menu Text Prediction/Single Verbatim with login" status="FAILED">
         <failure type="FAILED" message="Unable to click on object 'Object Repository/Page single/Page_Guru TMDA/button_btn btn-link' (Root cause: org.openqa.selenium.remote.UnreachableBrowserException: Error communicating with the remote browser. It may have died.
Build info: version: '2.53.0', revision: '35ae25b', time: '2016-03-15 17:00:58'
System info: host: 'DESKTOP-RAL8DT3', ip: '192.168.11.187', os.name: 'Windows 10', os.arch: 'amd64', os.version: '10.0', java.version: '1.8.0_102'
Driver info: driver.version: RemoteWebDriver
Capabilities [{applicationCacheEnabled=true, rotatable=false, handlesAlerts=true, databaseEnabled=true, version=56.0, platform=WINDOWS, nativeEvents=false, acceptSslCerts=true, webStorageEnabled=true, locationContextEnabled=true, browserName=firefox, takesScreenshot=true, javascriptEnabled=true, cssSelectorsEnabled=true}]
Session ID: c92e5ce0-abce-462e-a2b0-00c6f0ff3de8)"/>
         <system-out><![CDATA[2560-11-01 10:45:23 - [TEST_CASE][FAILED] - Test Cases/3. Menu Text Prediction/Single Verbatim with login: Test Cases/3. Menu Text Prediction/Single Verbatim with login FAILED because (of) Unable to click on object 'Object Repository/Page single/Page_Guru TMDA/button_btn btn-link' (Root cause: org.openqa.selenium.remote.UnreachableBrowserException: Error communicating with the remote browser. It may have died.
Build info: version: '2.53.0', revision: '35ae25b', time: '2016-03-15 17:00:58'
System info: host: 'DESKTOP-RAL8DT3', ip: '192.168.11.187', os.name: 'Windows 10', os.arch: 'amd64', os.version: '10.0', java.version: '1.8.0_102'
Driver info: driver.version: RemoteWebDriver
Capabilities [{applicationCacheEnabled=true, rotatable=false, handlesAlerts=true, databaseEnabled=true, version=56.0, platform=WINDOWS, nativeEvents=false, acceptSslCerts=true, webStorageEnabled=true, locationContextEnabled=true, browserName=firefox, takesScreenshot=true, javascriptEnabled=true, cssSelectorsEnabled=true}]
Session ID: c92e5ce0-abce-462e-a2b0-00c6f0ff3de8)

2560-11-01 10:45:24 - [TEST_STEP][NOT_RUN] - openBrowser: NOT_RUN: openBrowser

2560-11-01 10:45:24 - [MESSAGE][NOT_RUN] - NOT_RUN: openBrowser

2560-11-01 10:45:24 - [TEST_STEP][NOT_RUN] - maximizeWindow: NOT_RUN: maximizeWindow

2560-11-01 10:45:24 - [MESSAGE][NOT_RUN] - NOT_RUN: maximizeWindow

2560-11-01 10:45:24 - [TEST_STEP][NOT_RUN] - navigateToUrl: NOT_RUN: navigateToUrl

2560-11-01 10:45:24 - [MESSAGE][NOT_RUN] - NOT_RUN: navigateToUrl

2560-11-01 10:45:24 - [TEST_STEP][NOT_RUN] - click: NOT_RUN: click

2560-11-01 10:45:24 - [MESSAGE][NOT_RUN] - NOT_RUN: click

2560-11-01 10:45:24 - [TEST_STEP][NOT_RUN] - setText: NOT_RUN: setText

2560-11-01 10:45:24 - [MESSAGE][NOT_RUN] - NOT_RUN: setText

2560-11-01 10:45:24 - [TEST_STEP][NOT_RUN] - setText: NOT_RUN: setText

2560-11-01 10:45:24 - [MESSAGE][NOT_RUN] - NOT_RUN: setText

2560-11-01 10:45:24 - [TEST_STEP][NOT_RUN] - click: NOT_RUN: click

2560-11-01 10:45:24 - [MESSAGE][NOT_RUN] - NOT_RUN: click

2560-11-01 10:45:24 - [TEST_STEP][FAILED] - click: Unable to click on object 'Object Repository/Page single/Page_Guru TMDA/button_btn btn-link' (Root cause: org.openqa.selenium.remote.UnreachableBrowserException: Error communicating with the remote browser. It may have died.
Build info: version: '2.53.0', revision: '35ae25b', time: '2016-03-15 17:00:58'
System info: host: 'DESKTOP-RAL8DT3', ip: '192.168.11.187', os.name: 'Windows 10', os.arch: 'amd64', os.version: '10.0', java.version: '1.8.0_102'
Driver info: driver.version: RemoteWebDriver
Capabilities [{applicationCacheEnabled=true, rotatable=false, handlesAlerts=true, databaseEnabled=true, version=56.0, platform=WINDOWS, nativeEvents=false, acceptSslCerts=true, webStorageEnabled=true, locationContextEnabled=true, browserName=firefox, takesScreenshot=true, javascriptEnabled=true, cssSelectorsEnabled=true}]
Session ID: c92e5ce0-abce-462e-a2b0-00c6f0ff3de8)

2560-11-01 10:45:26 - [MESSAGE][WARNING] - Cannot take screenshot

2560-11-01 10:45:26 - [MESSAGE][FAILED] - Unable to click on object 'Object Repository/Page single/Page_Guru TMDA/button_btn btn-link' (Root cause: org.openqa.selenium.remote.UnreachableBrowserException: Error communicating with the remote browser. It may have died.
Build info: version: '2.53.0', revision: '35ae25b', time: '2016-03-15 17:00:58'
System info: host: 'DESKTOP-RAL8DT3', ip: '192.168.11.187', os.name: 'Windows 10', os.arch: 'amd64', os.version: '10.0', java.version: '1.8.0_102'
Driver info: driver.version: RemoteWebDriver
Capabilities [{applicationCacheEnabled=true, rotatable=false, handlesAlerts=true, databaseEnabled=true, version=56.0, platform=WINDOWS, nativeEvents=false, acceptSslCerts=true, webStorageEnabled=true, locationContextEnabled=true, browserName=firefox, takesScreenshot=true, javascriptEnabled=true, cssSelectorsEnabled=true}]
Session ID: c92e5ce0-abce-462e-a2b0-00c6f0ff3de8)

2560-11-01 10:45:26 - [TEST_STEP][FAILED] - verifyElementPresent: Unable to verify object 'Object Repository/single verbatim with login/span_Verbatim is not null' is present (Root cause: org.openqa.selenium.remote.UnreachableBrowserException: Error communicating with the remote browser. It may have died.
Build info: version: '2.53.0', revision: '35ae25b', time: '2016-03-15 17:00:58'
System info: host: 'DESKTOP-RAL8DT3', ip: '192.168.11.187', os.name: 'Windows 10', os.arch: 'amd64', os.version: '10.0', java.version: '1.8.0_102'
Driver info: driver.version: RemoteWebDriver
Capabilities [{applicationCacheEnabled=true, rotatable=false, handlesAlerts=true, databaseEnabled=true, version=56.0, platform=WINDOWS, nativeEvents=false, acceptSslCerts=true, webStorageEnabled=true, locationContextEnabled=true, browserName=firefox, takesScreenshot=true, javascriptEnabled=true, cssSelectorsEnabled=true}]
Session ID: c92e5ce0-abce-462e-a2b0-00c6f0ff3de8)

2560-11-01 10:45:28 - [MESSAGE][WARNING] - Cannot take screenshot

2560-11-01 10:45:28 - [MESSAGE][FAILED] - Unable to verify object 'Object Repository/single verbatim with login/span_Verbatim is not null' is present (Root cause: org.openqa.selenium.remote.UnreachableBrowserException: Error communicating with the remote browser. It may have died.
Build info: version: '2.53.0', revision: '35ae25b', time: '2016-03-15 17:00:58'
System info: host: 'DESKTOP-RAL8DT3', ip: '192.168.11.187', os.name: 'Windows 10', os.arch: 'amd64', os.version: '10.0', java.version: '1.8.0_102'
Driver info: driver.version: RemoteWebDriver
Capabilities [{applicationCacheEnabled=true, rotatable=false, handlesAlerts=true, databaseEnabled=true, version=56.0, platform=WINDOWS, nativeEvents=false, acceptSslCerts=true, webStorageEnabled=true, locationContextEnabled=true, browserName=firefox, takesScreenshot=true, javascriptEnabled=true, cssSelectorsEnabled=true}]
Session ID: c92e5ce0-abce-462e-a2b0-00c6f0ff3de8)

2560-11-01 10:45:28 - [TEST_STEP][FAILED] - setText: Unable to set text '�?ริ�?ารดี �?ต�?รอ�?ิว�?า�?' of object 'Object Repository/Page_Guru TMDA (2)/input_input-text w3-large inpu' (Root cause: org.openqa.selenium.remote.UnreachableBrowserException: Error communicating with the remote browser. It may have died.
Build info: version: '2.53.0', revision: '35ae25b', time: '2016-03-15 17:00:58'
System info: host: 'DESKTOP-RAL8DT3', ip: '192.168.11.187', os.name: 'Windows 10', os.arch: 'amd64', os.version: '10.0', java.version: '1.8.0_102'
Driver info: driver.version: RemoteWebDriver
Capabilities [{applicationCacheEnabled=true, rotatable=false, handlesAlerts=true, databaseEnabled=true, version=56.0, platform=WINDOWS, nativeEvents=false, acceptSslCerts=true, webStorageEnabled=true, locationContextEnabled=true, browserName=firefox, takesScreenshot=true, javascriptEnabled=true, cssSelectorsEnabled=true}]
Session ID: c92e5ce0-abce-462e-a2b0-00c6f0ff3de8)

2560-11-01 10:45:30 - [MESSAGE][WARNING] - Cannot take screenshot

2560-11-01 10:45:30 - [MESSAGE][FAILED] - Unable to set text '�?ริ�?ารดี �?ต�?รอ�?ิว�?า�?' of object 'Object Repository/Page_Guru TMDA (2)/input_input-text w3-large inpu' (Root cause: org.openqa.selenium.remote.UnreachableBrowserException: Error communicating with the remote browser. It may have died.
Build info: version: '2.53.0', revision: '35ae25b', time: '2016-03-15 17:00:58'
System info: host: 'DESKTOP-RAL8DT3', ip: '192.168.11.187', os.name: 'Windows 10', os.arch: 'amd64', os.version: '10.0', java.version: '1.8.0_102'
Driver info: driver.version: RemoteWebDriver
Capabilities [{applicationCacheEnabled=true, rotatable=false, handlesAlerts=true, databaseEnabled=true, version=56.0, platform=WINDOWS, nativeEvents=false, acceptSslCerts=true, webStorageEnabled=true, locationContextEnabled=true, browserName=firefox, takesScreenshot=true, javascriptEnabled=true, cssSelectorsEnabled=true}]
Session ID: c92e5ce0-abce-462e-a2b0-00c6f0ff3de8)

2560-11-01 10:45:30 - [TEST_STEP][FAILED] - click: Unable to click on object 'Object Repository/Page single/Page_Guru TMDA/button_btn btn-link' (Root cause: org.openqa.selenium.remote.UnreachableBrowserException: Error communicating with the remote browser. It may have died.
Build info: version: '2.53.0', revision: '35ae25b', time: '2016-03-15 17:00:58'
System info: host: 'DESKTOP-RAL8DT3', ip: '192.168.11.187', os.name: 'Windows 10', os.arch: 'amd64', os.version: '10.0', java.version: '1.8.0_102'
Driver info: driver.version: RemoteWebDriver
Capabilities [{applicationCacheEnabled=true, rotatable=false, handlesAlerts=true, databaseEnabled=true, version=56.0, platform=WINDOWS, nativeEvents=false, acceptSslCerts=true, webStorageEnabled=true, locationContextEnabled=true, browserName=firefox, takesScreenshot=true, javascriptEnabled=true, cssSelectorsEnabled=true}]
Session ID: c92e5ce0-abce-462e-a2b0-00c6f0ff3de8)

2560-11-01 10:45:32 - [MESSAGE][WARNING] - Cannot take screenshot

2560-11-01 10:45:32 - [MESSAGE][FAILED] - Unable to click on object 'Object Repository/Page single/Page_Guru TMDA/button_btn btn-link' (Root cause: org.openqa.selenium.remote.UnreachableBrowserException: Error communicating with the remote browser. It may have died.
Build info: version: '2.53.0', revision: '35ae25b', time: '2016-03-15 17:00:58'
System info: host: 'DESKTOP-RAL8DT3', ip: '192.168.11.187', os.name: 'Windows 10', os.arch: 'amd64', os.version: '10.0', java.version: '1.8.0_102'
Driver info: driver.version: RemoteWebDriver
Capabilities [{applicationCacheEnabled=true, rotatable=false, handlesAlerts=true, databaseEnabled=true, version=56.0, platform=WINDOWS, nativeEvents=false, acceptSslCerts=true, webStorageEnabled=true, locationContextEnabled=true, browserName=firefox, takesScreenshot=true, javascriptEnabled=true, cssSelectorsEnabled=true}]
Session ID: c92e5ce0-abce-462e-a2b0-00c6f0ff3de8)

2560-11-01 10:45:32 - [TEST_STEP][FAILED] - verifyElementPresent: Unable to verify object 'Object Repository/Page_Guru TMDA (2)/div_row' is present (Root cause: org.openqa.selenium.remote.UnreachableBrowserException: Error communicating with the remote browser. It may have died.
Build info: version: '2.53.0', revision: '35ae25b', time: '2016-03-15 17:00:58'
System info: host: 'DESKTOP-RAL8DT3', ip: '192.168.11.187', os.name: 'Windows 10', os.arch: 'amd64', os.version: '10.0', java.version: '1.8.0_102'
Driver info: driver.version: RemoteWebDriver
Capabilities [{applicationCacheEnabled=true, rotatable=false, handlesAlerts=true, databaseEnabled=true, version=56.0, platform=WINDOWS, nativeEvents=false, acceptSslCerts=true, webStorageEnabled=true, locationContextEnabled=true, browserName=firefox, takesScreenshot=true, javascriptEnabled=true, cssSelectorsEnabled=true}]
Session ID: c92e5ce0-abce-462e-a2b0-00c6f0ff3de8)

2560-11-01 10:45:34 - [MESSAGE][WARNING] - Cannot take screenshot

2560-11-01 10:45:34 - [MESSAGE][FAILED] - Unable to verify object 'Object Repository/Page_Guru TMDA (2)/div_row' is present (Root cause: org.openqa.selenium.remote.UnreachableBrowserException: Error communicating with the remote browser. It may have died.
Build info: version: '2.53.0', revision: '35ae25b', time: '2016-03-15 17:00:58'
System info: host: 'DESKTOP-RAL8DT3', ip: '192.168.11.187', os.name: 'Windows 10', os.arch: 'amd64', os.version: '10.0', java.version: '1.8.0_102'
Driver info: driver.version: RemoteWebDriver
Capabilities [{applicationCacheEnabled=true, rotatable=false, handlesAlerts=true, databaseEnabled=true, version=56.0, platform=WINDOWS, nativeEvents=false, acceptSslCerts=true, webStorageEnabled=true, locationContextEnabled=true, browserName=firefox, takesScreenshot=true, javascriptEnabled=true, cssSelectorsEnabled=true}]
Session ID: c92e5ce0-abce-462e-a2b0-00c6f0ff3de8)

2560-11-01 10:45:34 - [TEST_STEP][FAILED] - verifyElementPresent: Unable to verify object 'Object Repository/Page_Guru TMDA (2)/div_predict-result' is present (Root cause: org.openqa.selenium.remote.UnreachableBrowserException: Error communicating with the remote browser. It may have died.
Build info: version: '2.53.0', revision: '35ae25b', time: '2016-03-15 17:00:58'
System info: host: 'DESKTOP-RAL8DT3', ip: '192.168.11.187', os.name: 'Windows 10', os.arch: 'amd64', os.version: '10.0', java.version: '1.8.0_102'
Driver info: driver.version: RemoteWebDriver
Capabilities [{applicationCacheEnabled=true, rotatable=false, handlesAlerts=true, databaseEnabled=true, version=56.0, platform=WINDOWS, nativeEvents=false, acceptSslCerts=true, webStorageEnabled=true, locationContextEnabled=true, browserName=firefox, takesScreenshot=true, javascriptEnabled=true, cssSelectorsEnabled=true}]
Session ID: c92e5ce0-abce-462e-a2b0-00c6f0ff3de8)

2560-11-01 10:45:36 - [MESSAGE][WARNING] - Cannot take screenshot

2560-11-01 10:45:36 - [MESSAGE][FAILED] - Unable to verify object 'Object Repository/Page_Guru TMDA (2)/div_predict-result' is present (Root cause: org.openqa.selenium.remote.UnreachableBrowserException: Error communicating with the remote browser. It may have died.
Build info: version: '2.53.0', revision: '35ae25b', time: '2016-03-15 17:00:58'
System info: host: 'DESKTOP-RAL8DT3', ip: '192.168.11.187', os.name: 'Windows 10', os.arch: 'amd64', os.version: '10.0', java.version: '1.8.0_102'
Driver info: driver.version: RemoteWebDriver
Capabilities [{applicationCacheEnabled=true, rotatable=false, handlesAlerts=true, databaseEnabled=true, version=56.0, platform=WINDOWS, nativeEvents=false, acceptSslCerts=true, webStorageEnabled=true, locationContextEnabled=true, browserName=firefox, takesScreenshot=true, javascriptEnabled=true, cssSelectorsEnabled=true}]
Session ID: c92e5ce0-abce-462e-a2b0-00c6f0ff3de8)

2560-11-01 10:45:36 - [TEST_STEP][NOT_RUN] - closeBrowser: NOT_RUN: closeBrowser

2560-11-01 10:45:36 - [MESSAGE][NOT_RUN] - NOT_RUN: closeBrowser]]></system-out>
         <system-err><![CDATA[2560-11-01 10:45:23 - [TEST_CASE][FAILED] - Test Cases/3. Menu Text Prediction/Single Verbatim with login: Test Cases/3. Menu Text Prediction/Single Verbatim with login FAILED because (of) Unable to click on object 'Object Repository/Page single/Page_Guru TMDA/button_btn btn-link' (Root cause: org.openqa.selenium.remote.UnreachableBrowserException: Error communicating with the remote browser. It may have died.
Build info: version: '2.53.0', revision: '35ae25b', time: '2016-03-15 17:00:58'
System info: host: 'DESKTOP-RAL8DT3', ip: '192.168.11.187', os.name: 'Windows 10', os.arch: 'amd64', os.version: '10.0', java.version: '1.8.0_102'
Driver info: driver.version: RemoteWebDriver
Capabilities [{applicationCacheEnabled=true, rotatable=false, handlesAlerts=true, databaseEnabled=true, version=56.0, platform=WINDOWS, nativeEvents=false, acceptSslCerts=true, webStorageEnabled=true, locationContextEnabled=true, browserName=firefox, takesScreenshot=true, javascriptEnabled=true, cssSelectorsEnabled=true}]
Session ID: c92e5ce0-abce-462e-a2b0-00c6f0ff3de8)]]></system-err>
      </testcase>
      <testcase name="Test Cases/Basic work/Upload File without labelling" classname="Test Cases/Basic work/Upload File without labelling" status="FAILED">
         <failure type="FAILED" message="Unable to click on object 'Object Repository/Page_Guru TMDA (3)/a_Text Prediction' (Root cause: org.openqa.selenium.remote.UnreachableBrowserException: Error communicating with the remote browser. It may have died.
Build info: version: '2.53.0', revision: '35ae25b', time: '2016-03-15 17:00:58'
System info: host: 'DESKTOP-RAL8DT3', ip: '192.168.11.187', os.name: 'Windows 10', os.arch: 'amd64', os.version: '10.0', java.version: '1.8.0_102'
Driver info: driver.version: RemoteWebDriver
Capabilities [{applicationCacheEnabled=true, rotatable=false, handlesAlerts=true, databaseEnabled=true, version=56.0, platform=WINDOWS, nativeEvents=false, acceptSslCerts=true, webStorageEnabled=true, locationContextEnabled=true, browserName=firefox, takesScreenshot=true, javascriptEnabled=true, cssSelectorsEnabled=true}]
Session ID: c92e5ce0-abce-462e-a2b0-00c6f0ff3de8)"/>
         <system-out><![CDATA[2560-11-01 10:45:36 - [TEST_CASE][FAILED] - Test Cases/Basic work/Upload File without labelling: Test Cases/Basic work/Upload File without labelling FAILED because (of) Unable to click on object 'Object Repository/Page_Guru TMDA (3)/a_Text Prediction' (Root cause: org.openqa.selenium.remote.UnreachableBrowserException: Error communicating with the remote browser. It may have died.
Build info: version: '2.53.0', revision: '35ae25b', time: '2016-03-15 17:00:58'
System info: host: 'DESKTOP-RAL8DT3', ip: '192.168.11.187', os.name: 'Windows 10', os.arch: 'amd64', os.version: '10.0', java.version: '1.8.0_102'
Driver info: driver.version: RemoteWebDriver
Capabilities [{applicationCacheEnabled=true, rotatable=false, handlesAlerts=true, databaseEnabled=true, version=56.0, platform=WINDOWS, nativeEvents=false, acceptSslCerts=true, webStorageEnabled=true, locationContextEnabled=true, browserName=firefox, takesScreenshot=true, javascriptEnabled=true, cssSelectorsEnabled=true}]
Session ID: c92e5ce0-abce-462e-a2b0-00c6f0ff3de8)

2560-11-01 10:45:36 - [TEST_STEP][NOT_RUN] - openBrowser: NOT_RUN: openBrowser

2560-11-01 10:45:36 - [MESSAGE][NOT_RUN] - NOT_RUN: openBrowser

2560-11-01 10:45:36 - [TEST_STEP][NOT_RUN] - maximizeWindow: NOT_RUN: maximizeWindow

2560-11-01 10:45:36 - [MESSAGE][NOT_RUN] - NOT_RUN: maximizeWindow

2560-11-01 10:45:36 - [TEST_STEP][NOT_RUN] - navigateToUrl: NOT_RUN: navigateToUrl

2560-11-01 10:45:36 - [MESSAGE][NOT_RUN] - NOT_RUN: navigateToUrl

2560-11-01 10:45:36 - [TEST_STEP][NOT_RUN] - click: NOT_RUN: click

2560-11-01 10:45:36 - [MESSAGE][NOT_RUN] - NOT_RUN: click

2560-11-01 10:45:36 - [TEST_STEP][NOT_RUN] - setText: NOT_RUN: setText

2560-11-01 10:45:36 - [MESSAGE][NOT_RUN] - NOT_RUN: setText

2560-11-01 10:45:36 - [TEST_STEP][NOT_RUN] - setText: NOT_RUN: setText

2560-11-01 10:45:36 - [MESSAGE][NOT_RUN] - NOT_RUN: setText

2560-11-01 10:45:36 - [TEST_STEP][NOT_RUN] - click: NOT_RUN: click

2560-11-01 10:45:36 - [MESSAGE][NOT_RUN] - NOT_RUN: click

2560-11-01 10:45:36 - [TEST_STEP][FAILED] - click: Unable to click on object 'Object Repository/Page_Guru TMDA (3)/a_Text Prediction' (Root cause: org.openqa.selenium.remote.UnreachableBrowserException: Error communicating with the remote browser. It may have died.
Build info: version: '2.53.0', revision: '35ae25b', time: '2016-03-15 17:00:58'
System info: host: 'DESKTOP-RAL8DT3', ip: '192.168.11.187', os.name: 'Windows 10', os.arch: 'amd64', os.version: '10.0', java.version: '1.8.0_102'
Driver info: driver.version: RemoteWebDriver
Capabilities [{applicationCacheEnabled=true, rotatable=false, handlesAlerts=true, databaseEnabled=true, version=56.0, platform=WINDOWS, nativeEvents=false, acceptSslCerts=true, webStorageEnabled=true, locationContextEnabled=true, browserName=firefox, takesScreenshot=true, javascriptEnabled=true, cssSelectorsEnabled=true}]
Session ID: c92e5ce0-abce-462e-a2b0-00c6f0ff3de8)

2560-11-01 10:45:38 - [MESSAGE][WARNING] - Cannot take screenshot

2560-11-01 10:45:38 - [MESSAGE][FAILED] - Unable to click on object 'Object Repository/Page_Guru TMDA (3)/a_Text Prediction' (Root cause: org.openqa.selenium.remote.UnreachableBrowserException: Error communicating with the remote browser. It may have died.
Build info: version: '2.53.0', revision: '35ae25b', time: '2016-03-15 17:00:58'
System info: host: 'DESKTOP-RAL8DT3', ip: '192.168.11.187', os.name: 'Windows 10', os.arch: 'amd64', os.version: '10.0', java.version: '1.8.0_102'
Driver info: driver.version: RemoteWebDriver
Capabilities [{applicationCacheEnabled=true, rotatable=false, handlesAlerts=true, databaseEnabled=true, version=56.0, platform=WINDOWS, nativeEvents=false, acceptSslCerts=true, webStorageEnabled=true, locationContextEnabled=true, browserName=firefox, takesScreenshot=true, javascriptEnabled=true, cssSelectorsEnabled=true}]
Session ID: c92e5ce0-abce-462e-a2b0-00c6f0ff3de8)

2560-11-01 10:45:38 - [TEST_STEP][FAILED] - click: Unable to click on object 'Object Repository/Page_Guru TMDA (3)/a_Upload File' (Root cause: org.openqa.selenium.remote.UnreachableBrowserException: Error communicating with the remote browser. It may have died.
Build info: version: '2.53.0', revision: '35ae25b', time: '2016-03-15 17:00:58'
System info: host: 'DESKTOP-RAL8DT3', ip: '192.168.11.187', os.name: 'Windows 10', os.arch: 'amd64', os.version: '10.0', java.version: '1.8.0_102'
Driver info: driver.version: RemoteWebDriver
Capabilities [{applicationCacheEnabled=true, rotatable=false, handlesAlerts=true, databaseEnabled=true, version=56.0, platform=WINDOWS, nativeEvents=false, acceptSslCerts=true, webStorageEnabled=true, locationContextEnabled=true, browserName=firefox, takesScreenshot=true, javascriptEnabled=true, cssSelectorsEnabled=true}]
Session ID: c92e5ce0-abce-462e-a2b0-00c6f0ff3de8)

2560-11-01 10:45:40 - [MESSAGE][WARNING] - Cannot take screenshot

2560-11-01 10:45:40 - [MESSAGE][FAILED] - Unable to click on object 'Object Repository/Page_Guru TMDA (3)/a_Upload File' (Root cause: org.openqa.selenium.remote.UnreachableBrowserException: Error communicating with the remote browser. It may have died.
Build info: version: '2.53.0', revision: '35ae25b', time: '2016-03-15 17:00:58'
System info: host: 'DESKTOP-RAL8DT3', ip: '192.168.11.187', os.name: 'Windows 10', os.arch: 'amd64', os.version: '10.0', java.version: '1.8.0_102'
Driver info: driver.version: RemoteWebDriver
Capabilities [{applicationCacheEnabled=true, rotatable=false, handlesAlerts=true, databaseEnabled=true, version=56.0, platform=WINDOWS, nativeEvents=false, acceptSslCerts=true, webStorageEnabled=true, locationContextEnabled=true, browserName=firefox, takesScreenshot=true, javascriptEnabled=true, cssSelectorsEnabled=true}]
Session ID: c92e5ce0-abce-462e-a2b0-00c6f0ff3de8)

2560-11-01 10:45:40 - [TEST_STEP][FAILED] - uploadFile: Unable to upload file 'C:\test-Copy.xlsx' to object 'Object Repository/Page_Guru TMDA (6)/Page_Guru TMDA (4)/input_upfile' (Root cause: org.openqa.selenium.remote.UnreachableBrowserException: Error communicating with the remote browser. It may have died.
Build info: version: '2.53.0', revision: '35ae25b', time: '2016-03-15 17:00:58'
System info: host: 'DESKTOP-RAL8DT3', ip: '192.168.11.187', os.name: 'Windows 10', os.arch: 'amd64', os.version: '10.0', java.version: '1.8.0_102'
Driver info: driver.version: RemoteWebDriver
Capabilities [{applicationCacheEnabled=true, rotatable=false, handlesAlerts=true, databaseEnabled=true, version=56.0, platform=WINDOWS, nativeEvents=false, acceptSslCerts=true, webStorageEnabled=true, locationContextEnabled=true, browserName=firefox, takesScreenshot=true, javascriptEnabled=true, cssSelectorsEnabled=true}]
Session ID: c92e5ce0-abce-462e-a2b0-00c6f0ff3de8)

2560-11-01 10:45:42 - [MESSAGE][WARNING] - Cannot take screenshot

2560-11-01 10:45:42 - [MESSAGE][FAILED] - Unable to upload file 'C:\test-Copy.xlsx' to object 'Object Repository/Page_Guru TMDA (6)/Page_Guru TMDA (4)/input_upfile' (Root cause: org.openqa.selenium.remote.UnreachableBrowserException: Error communicating with the remote browser. It may have died.
Build info: version: '2.53.0', revision: '35ae25b', time: '2016-03-15 17:00:58'
System info: host: 'DESKTOP-RAL8DT3', ip: '192.168.11.187', os.name: 'Windows 10', os.arch: 'amd64', os.version: '10.0', java.version: '1.8.0_102'
Driver info: driver.version: RemoteWebDriver
Capabilities [{applicationCacheEnabled=true, rotatable=false, handlesAlerts=true, databaseEnabled=true, version=56.0, platform=WINDOWS, nativeEvents=false, acceptSslCerts=true, webStorageEnabled=true, locationContextEnabled=true, browserName=firefox, takesScreenshot=true, javascriptEnabled=true, cssSelectorsEnabled=true}]
Session ID: c92e5ce0-abce-462e-a2b0-00c6f0ff3de8)

2560-11-01 10:45:42 - [TEST_STEP][FAILED] - waitForElementClickable: Unable to wait for object 'Object Repository/Page_Guru TMDA (5)/button_Upload' to be clickable (Root cause: org.openqa.selenium.remote.UnreachableBrowserException: Error communicating with the remote browser. It may have died.
Build info: version: '2.53.0', revision: '35ae25b', time: '2016-03-15 17:00:58'
System info: host: 'DESKTOP-RAL8DT3', ip: '192.168.11.187', os.name: 'Windows 10', os.arch: 'amd64', os.version: '10.0', java.version: '1.8.0_102'
Driver info: driver.version: RemoteWebDriver
Capabilities [{applicationCacheEnabled=true, rotatable=false, handlesAlerts=true, databaseEnabled=true, version=56.0, platform=WINDOWS, nativeEvents=false, acceptSslCerts=true, webStorageEnabled=true, locationContextEnabled=true, browserName=firefox, takesScreenshot=true, javascriptEnabled=true, cssSelectorsEnabled=true}]
Session ID: c92e5ce0-abce-462e-a2b0-00c6f0ff3de8)

2560-11-01 10:45:45 - [MESSAGE][WARNING] - Cannot take screenshot

2560-11-01 10:45:45 - [MESSAGE][FAILED] - Unable to wait for object 'Object Repository/Page_Guru TMDA (5)/button_Upload' to be clickable (Root cause: org.openqa.selenium.remote.UnreachableBrowserException: Error communicating with the remote browser. It may have died.
Build info: version: '2.53.0', revision: '35ae25b', time: '2016-03-15 17:00:58'
System info: host: 'DESKTOP-RAL8DT3', ip: '192.168.11.187', os.name: 'Windows 10', os.arch: 'amd64', os.version: '10.0', java.version: '1.8.0_102'
Driver info: driver.version: RemoteWebDriver
Capabilities [{applicationCacheEnabled=true, rotatable=false, handlesAlerts=true, databaseEnabled=true, version=56.0, platform=WINDOWS, nativeEvents=false, acceptSslCerts=true, webStorageEnabled=true, locationContextEnabled=true, browserName=firefox, takesScreenshot=true, javascriptEnabled=true, cssSelectorsEnabled=true}]
Session ID: c92e5ce0-abce-462e-a2b0-00c6f0ff3de8)

2560-11-01 10:45:45 - [TEST_STEP][FAILED] - click: Unable to click on object 'Object Repository/Page_Guru TMDA (5)/button_Upload' (Root cause: org.openqa.selenium.remote.UnreachableBrowserException: Error communicating with the remote browser. It may have died.
Build info: version: '2.53.0', revision: '35ae25b', time: '2016-03-15 17:00:58'
System info: host: 'DESKTOP-RAL8DT3', ip: '192.168.11.187', os.name: 'Windows 10', os.arch: 'amd64', os.version: '10.0', java.version: '1.8.0_102'
Driver info: driver.version: RemoteWebDriver
Capabilities [{applicationCacheEnabled=true, rotatable=false, handlesAlerts=true, databaseEnabled=true, version=56.0, platform=WINDOWS, nativeEvents=false, acceptSslCerts=true, webStorageEnabled=true, locationContextEnabled=true, browserName=firefox, takesScreenshot=true, javascriptEnabled=true, cssSelectorsEnabled=true}]
Session ID: c92e5ce0-abce-462e-a2b0-00c6f0ff3de8)

2560-11-01 10:45:47 - [MESSAGE][WARNING] - Cannot take screenshot

2560-11-01 10:45:47 - [MESSAGE][FAILED] - Unable to click on object 'Object Repository/Page_Guru TMDA (5)/button_Upload' (Root cause: org.openqa.selenium.remote.UnreachableBrowserException: Error communicating with the remote browser. It may have died.
Build info: version: '2.53.0', revision: '35ae25b', time: '2016-03-15 17:00:58'
System info: host: 'DESKTOP-RAL8DT3', ip: '192.168.11.187', os.name: 'Windows 10', os.arch: 'amd64', os.version: '10.0', java.version: '1.8.0_102'
Driver info: driver.version: RemoteWebDriver
Capabilities [{applicationCacheEnabled=true, rotatable=false, handlesAlerts=true, databaseEnabled=true, version=56.0, platform=WINDOWS, nativeEvents=false, acceptSslCerts=true, webStorageEnabled=true, locationContextEnabled=true, browserName=firefox, takesScreenshot=true, javascriptEnabled=true, cssSelectorsEnabled=true}]
Session ID: c92e5ce0-abce-462e-a2b0-00c6f0ff3de8)

2560-11-01 10:45:47 - [TEST_STEP][FAILED] - waitForElementNotPresent: Unable to wait for object 'Object Repository/Page_Guru TMDA (6)/Page_Guru TMDA (5)/Page_Guru TMDA/div_progress-bar-zone' to be not present (Root cause: org.openqa.selenium.remote.UnreachableBrowserException: Error communicating with the remote browser. It may have died.
Build info: version: '2.53.0', revision: '35ae25b', time: '2016-03-15 17:00:58'
System info: host: 'DESKTOP-RAL8DT3', ip: '192.168.11.187', os.name: 'Windows 10', os.arch: 'amd64', os.version: '10.0', java.version: '1.8.0_102'
Driver info: driver.version: RemoteWebDriver
Capabilities [{applicationCacheEnabled=true, rotatable=false, handlesAlerts=true, databaseEnabled=true, version=56.0, platform=WINDOWS, nativeEvents=false, acceptSslCerts=true, webStorageEnabled=true, locationContextEnabled=true, browserName=firefox, takesScreenshot=true, javascriptEnabled=true, cssSelectorsEnabled=true}]
Session ID: c92e5ce0-abce-462e-a2b0-00c6f0ff3de8)

2560-11-01 10:45:49 - [MESSAGE][WARNING] - Cannot take screenshot

2560-11-01 10:45:49 - [MESSAGE][FAILED] - Unable to wait for object 'Object Repository/Page_Guru TMDA (6)/Page_Guru TMDA (5)/Page_Guru TMDA/div_progress-bar-zone' to be not present (Root cause: org.openqa.selenium.remote.UnreachableBrowserException: Error communicating with the remote browser. It may have died.
Build info: version: '2.53.0', revision: '35ae25b', time: '2016-03-15 17:00:58'
System info: host: 'DESKTOP-RAL8DT3', ip: '192.168.11.187', os.name: 'Windows 10', os.arch: 'amd64', os.version: '10.0', java.version: '1.8.0_102'
Driver info: driver.version: RemoteWebDriver
Capabilities [{applicationCacheEnabled=true, rotatable=false, handlesAlerts=true, databaseEnabled=true, version=56.0, platform=WINDOWS, nativeEvents=false, acceptSslCerts=true, webStorageEnabled=true, locationContextEnabled=true, browserName=firefox, takesScreenshot=true, javascriptEnabled=true, cssSelectorsEnabled=true}]
Session ID: c92e5ce0-abce-462e-a2b0-00c6f0ff3de8)

2560-11-01 10:45:49 - [TEST_STEP][PASSED] - click: Unable to click on object 'Object Repository/Upload file without Labeling/Uploading/button_ (1)' (Root cause: org.openqa.selenium.remote.UnreachableBrowserException: Error communicating with the remote browser. It may have died.
Build info: version: '2.53.0', revision: '35ae25b', time: '2016-03-15 17:00:58'
System info: host: 'DESKTOP-RAL8DT3', ip: '192.168.11.187', os.name: 'Windows 10', os.arch: 'amd64', os.version: '10.0', java.version: '1.8.0_102'
Driver info: driver.version: RemoteWebDriver
Capabilities [{applicationCacheEnabled=true, rotatable=false, handlesAlerts=true, databaseEnabled=true, version=56.0, platform=WINDOWS, nativeEvents=false, acceptSslCerts=true, webStorageEnabled=true, locationContextEnabled=true, browserName=firefox, takesScreenshot=true, javascriptEnabled=true, cssSelectorsEnabled=true}]
Session ID: c92e5ce0-abce-462e-a2b0-00c6f0ff3de8)

2560-11-01 10:45:51 - [MESSAGE][WARNING] - Cannot take screenshot

2560-11-01 10:45:51 - [MESSAGE][WARNING] - Unable to click on object 'Object Repository/Upload file without Labeling/Uploading/button_ (1)' (Root cause: org.openqa.selenium.remote.UnreachableBrowserException: Error communicating with the remote browser. It may have died.
Build info: version: '2.53.0', revision: '35ae25b', time: '2016-03-15 17:00:58'
System info: host: 'DESKTOP-RAL8DT3', ip: '192.168.11.187', os.name: 'Windows 10', os.arch: 'amd64', os.version: '10.0', java.version: '1.8.0_102'
Driver info: driver.version: RemoteWebDriver
Capabilities [{applicationCacheEnabled=true, rotatable=false, handlesAlerts=true, databaseEnabled=true, version=56.0, platform=WINDOWS, nativeEvents=false, acceptSslCerts=true, webStorageEnabled=true, locationContextEnabled=true, browserName=firefox, takesScreenshot=true, javascriptEnabled=true, cssSelectorsEnabled=true}]
Session ID: c92e5ce0-abce-462e-a2b0-00c6f0ff3de8)

2560-11-01 10:45:51 - [TEST_STEP][FAILED] - selectOptionByValue: Unable to select option by value '1: withLabel' of object 'Object Repository/Page_Guru TMDA (5)/select_sheet'  using regular expression (Root cause: org.openqa.selenium.remote.UnreachableBrowserException: Error communicating with the remote browser. It may have died.
Build info: version: '2.53.0', revision: '35ae25b', time: '2016-03-15 17:00:58'
System info: host: 'DESKTOP-RAL8DT3', ip: '192.168.11.187', os.name: 'Windows 10', os.arch: 'amd64', os.version: '10.0', java.version: '1.8.0_102'
Driver info: driver.version: RemoteWebDriver
Capabilities [{applicationCacheEnabled=true, rotatable=false, handlesAlerts=true, databaseEnabled=true, version=56.0, platform=WINDOWS, nativeEvents=false, acceptSslCerts=true, webStorageEnabled=true, locationContextEnabled=true, browserName=firefox, takesScreenshot=true, javascriptEnabled=true, cssSelectorsEnabled=true}]
Session ID: c92e5ce0-abce-462e-a2b0-00c6f0ff3de8)

2560-11-01 10:45:53 - [MESSAGE][WARNING] - Cannot take screenshot

2560-11-01 10:45:53 - [MESSAGE][FAILED] - Unable to select option by value '1: withLabel' of object 'Object Repository/Page_Guru TMDA (5)/select_sheet'  using regular expression (Root cause: org.openqa.selenium.remote.UnreachableBrowserException: Error communicating with the remote browser. It may have died.
Build info: version: '2.53.0', revision: '35ae25b', time: '2016-03-15 17:00:58'
System info: host: 'DESKTOP-RAL8DT3', ip: '192.168.11.187', os.name: 'Windows 10', os.arch: 'amd64', os.version: '10.0', java.version: '1.8.0_102'
Driver info: driver.version: RemoteWebDriver
Capabilities [{applicationCacheEnabled=true, rotatable=false, handlesAlerts=true, databaseEnabled=true, version=56.0, platform=WINDOWS, nativeEvents=false, acceptSslCerts=true, webStorageEnabled=true, locationContextEnabled=true, browserName=firefox, takesScreenshot=true, javascriptEnabled=true, cssSelectorsEnabled=true}]
Session ID: c92e5ce0-abce-462e-a2b0-00c6f0ff3de8)

2560-11-01 10:45:53 - [TEST_STEP][FAILED] - waitForElementPresent: Unable to wait for object 'Object Repository/Page_Guru TMDA (6)/Page_Guru TMDA (1)/div_w3-padding-32 w3-center' to be present (Root cause: org.openqa.selenium.remote.UnreachableBrowserException: Error communicating with the remote browser. It may have died.
Build info: version: '2.53.0', revision: '35ae25b', time: '2016-03-15 17:00:58'
System info: host: 'DESKTOP-RAL8DT3', ip: '192.168.11.187', os.name: 'Windows 10', os.arch: 'amd64', os.version: '10.0', java.version: '1.8.0_102'
Driver info: driver.version: RemoteWebDriver
Capabilities [{applicationCacheEnabled=true, rotatable=false, handlesAlerts=true, databaseEnabled=true, version=56.0, platform=WINDOWS, nativeEvents=false, acceptSslCerts=true, webStorageEnabled=true, locationContextEnabled=true, browserName=firefox, takesScreenshot=true, javascriptEnabled=true, cssSelectorsEnabled=true}]
Session ID: c92e5ce0-abce-462e-a2b0-00c6f0ff3de8)

2560-11-01 10:45:55 - [MESSAGE][WARNING] - Cannot take screenshot

2560-11-01 10:45:55 - [MESSAGE][FAILED] - Unable to wait for object 'Object Repository/Page_Guru TMDA (6)/Page_Guru TMDA (1)/div_w3-padding-32 w3-center' to be present (Root cause: org.openqa.selenium.remote.UnreachableBrowserException: Error communicating with the remote browser. It may have died.
Build info: version: '2.53.0', revision: '35ae25b', time: '2016-03-15 17:00:58'
System info: host: 'DESKTOP-RAL8DT3', ip: '192.168.11.187', os.name: 'Windows 10', os.arch: 'amd64', os.version: '10.0', java.version: '1.8.0_102'
Driver info: driver.version: RemoteWebDriver
Capabilities [{applicationCacheEnabled=true, rotatable=false, handlesAlerts=true, databaseEnabled=true, version=56.0, platform=WINDOWS, nativeEvents=false, acceptSslCerts=true, webStorageEnabled=true, locationContextEnabled=true, browserName=firefox, takesScreenshot=true, javascriptEnabled=true, cssSelectorsEnabled=true}]
Session ID: c92e5ce0-abce-462e-a2b0-00c6f0ff3de8)

2560-11-01 10:45:55 - [TEST_STEP][PASSED] - click: Unable to click on object 'Object Repository/Page_Guru TMDA (6)/Page_Guru TMDA (3)/button_' (Root cause: org.openqa.selenium.remote.UnreachableBrowserException: Error communicating with the remote browser. It may have died.
Build info: version: '2.53.0', revision: '35ae25b', time: '2016-03-15 17:00:58'
System info: host: 'DESKTOP-RAL8DT3', ip: '192.168.11.187', os.name: 'Windows 10', os.arch: 'amd64', os.version: '10.0', java.version: '1.8.0_102'
Driver info: driver.version: RemoteWebDriver
Capabilities [{applicationCacheEnabled=true, rotatable=false, handlesAlerts=true, databaseEnabled=true, version=56.0, platform=WINDOWS, nativeEvents=false, acceptSslCerts=true, webStorageEnabled=true, locationContextEnabled=true, browserName=firefox, takesScreenshot=true, javascriptEnabled=true, cssSelectorsEnabled=true}]
Session ID: c92e5ce0-abce-462e-a2b0-00c6f0ff3de8)

2560-11-01 10:45:57 - [MESSAGE][WARNING] - Cannot take screenshot

2560-11-01 10:45:57 - [MESSAGE][WARNING] - Unable to click on object 'Object Repository/Page_Guru TMDA (6)/Page_Guru TMDA (3)/button_' (Root cause: org.openqa.selenium.remote.UnreachableBrowserException: Error communicating with the remote browser. It may have died.
Build info: version: '2.53.0', revision: '35ae25b', time: '2016-03-15 17:00:58'
System info: host: 'DESKTOP-RAL8DT3', ip: '192.168.11.187', os.name: 'Windows 10', os.arch: 'amd64', os.version: '10.0', java.version: '1.8.0_102'
Driver info: driver.version: RemoteWebDriver
Capabilities [{applicationCacheEnabled=true, rotatable=false, handlesAlerts=true, databaseEnabled=true, version=56.0, platform=WINDOWS, nativeEvents=false, acceptSslCerts=true, webStorageEnabled=true, locationContextEnabled=true, browserName=firefox, takesScreenshot=true, javascriptEnabled=true, cssSelectorsEnabled=true}]
Session ID: c92e5ce0-abce-462e-a2b0-00c6f0ff3de8)

2560-11-01 10:45:57 - [TEST_STEP][FAILED] - waitForElementNotPresent: Unable to wait for object 'Object Repository/Page_Guru TMDA (6)/Page_Guru TMDA (1)/div_w3-padding-32 w3-center' to be not present (Root cause: org.openqa.selenium.remote.UnreachableBrowserException: Error communicating with the remote browser. It may have died.
Build info: version: '2.53.0', revision: '35ae25b', time: '2016-03-15 17:00:58'
System info: host: 'DESKTOP-RAL8DT3', ip: '192.168.11.187', os.name: 'Windows 10', os.arch: 'amd64', os.version: '10.0', java.version: '1.8.0_102'
Driver info: driver.version: RemoteWebDriver
Capabilities [{applicationCacheEnabled=true, rotatable=false, handlesAlerts=true, databaseEnabled=true, version=56.0, platform=WINDOWS, nativeEvents=false, acceptSslCerts=true, webStorageEnabled=true, locationContextEnabled=true, browserName=firefox, takesScreenshot=true, javascriptEnabled=true, cssSelectorsEnabled=true}]
Session ID: c92e5ce0-abce-462e-a2b0-00c6f0ff3de8)

2560-11-01 10:45:59 - [MESSAGE][WARNING] - Cannot take screenshot

2560-11-01 10:45:59 - [MESSAGE][FAILED] - Unable to wait for object 'Object Repository/Page_Guru TMDA (6)/Page_Guru TMDA (1)/div_w3-padding-32 w3-center' to be not present (Root cause: org.openqa.selenium.remote.UnreachableBrowserException: Error communicating with the remote browser. It may have died.
Build info: version: '2.53.0', revision: '35ae25b', time: '2016-03-15 17:00:58'
System info: host: 'DESKTOP-RAL8DT3', ip: '192.168.11.187', os.name: 'Windows 10', os.arch: 'amd64', os.version: '10.0', java.version: '1.8.0_102'
Driver info: driver.version: RemoteWebDriver
Capabilities [{applicationCacheEnabled=true, rotatable=false, handlesAlerts=true, databaseEnabled=true, version=56.0, platform=WINDOWS, nativeEvents=false, acceptSslCerts=true, webStorageEnabled=true, locationContextEnabled=true, browserName=firefox, takesScreenshot=true, javascriptEnabled=true, cssSelectorsEnabled=true}]
Session ID: c92e5ce0-abce-462e-a2b0-00c6f0ff3de8)

2560-11-01 10:45:59 - [TEST_STEP][FAILED] - waitForElementPresent: Unable to wait for object 'Object Repository/Page_Guru TMDA (6)/Page_Guru TMDA (2)/i_fa fa-check w3-text-green' to be present (Root cause: org.openqa.selenium.remote.UnreachableBrowserException: Error communicating with the remote browser. It may have died.
Build info: version: '2.53.0', revision: '35ae25b', time: '2016-03-15 17:00:58'
System info: host: 'DESKTOP-RAL8DT3', ip: '192.168.11.187', os.name: 'Windows 10', os.arch: 'amd64', os.version: '10.0', java.version: '1.8.0_102'
Driver info: driver.version: RemoteWebDriver
Capabilities [{applicationCacheEnabled=true, rotatable=false, handlesAlerts=true, databaseEnabled=true, version=56.0, platform=WINDOWS, nativeEvents=false, acceptSslCerts=true, webStorageEnabled=true, locationContextEnabled=true, browserName=firefox, takesScreenshot=true, javascriptEnabled=true, cssSelectorsEnabled=true}]
Session ID: c92e5ce0-abce-462e-a2b0-00c6f0ff3de8)

2560-11-01 10:46:01 - [MESSAGE][WARNING] - Cannot take screenshot

2560-11-01 10:46:01 - [MESSAGE][FAILED] - Unable to wait for object 'Object Repository/Page_Guru TMDA (6)/Page_Guru TMDA (2)/i_fa fa-check w3-text-green' to be present (Root cause: org.openqa.selenium.remote.UnreachableBrowserException: Error communicating with the remote browser. It may have died.
Build info: version: '2.53.0', revision: '35ae25b', time: '2016-03-15 17:00:58'
System info: host: 'DESKTOP-RAL8DT3', ip: '192.168.11.187', os.name: 'Windows 10', os.arch: 'amd64', os.version: '10.0', java.version: '1.8.0_102'
Driver info: driver.version: RemoteWebDriver
Capabilities [{applicationCacheEnabled=true, rotatable=false, handlesAlerts=true, databaseEnabled=true, version=56.0, platform=WINDOWS, nativeEvents=false, acceptSslCerts=true, webStorageEnabled=true, locationContextEnabled=true, browserName=firefox, takesScreenshot=true, javascriptEnabled=true, cssSelectorsEnabled=true}]
Session ID: c92e5ce0-abce-462e-a2b0-00c6f0ff3de8)

2560-11-01 10:46:01 - [TEST_STEP][FAILED] - scrollToElement: Unable to scroll to object 'Object Repository/Page_Guru TMDA (16)/button_Start' (Root cause: org.openqa.selenium.remote.UnreachableBrowserException: Error communicating with the remote browser. It may have died.
Build info: version: '2.53.0', revision: '35ae25b', time: '2016-03-15 17:00:58'
System info: host: 'DESKTOP-RAL8DT3', ip: '192.168.11.187', os.name: 'Windows 10', os.arch: 'amd64', os.version: '10.0', java.version: '1.8.0_102'
Driver info: driver.version: RemoteWebDriver
Capabilities [{applicationCacheEnabled=true, rotatable=false, handlesAlerts=true, databaseEnabled=true, version=56.0, platform=WINDOWS, nativeEvents=false, acceptSslCerts=true, webStorageEnabled=true, locationContextEnabled=true, browserName=firefox, takesScreenshot=true, javascriptEnabled=true, cssSelectorsEnabled=true}]
Session ID: c92e5ce0-abce-462e-a2b0-00c6f0ff3de8)

2560-11-01 10:46:03 - [MESSAGE][WARNING] - Cannot take screenshot

2560-11-01 10:46:03 - [MESSAGE][FAILED] - Unable to scroll to object 'Object Repository/Page_Guru TMDA (16)/button_Start' (Root cause: org.openqa.selenium.remote.UnreachableBrowserException: Error communicating with the remote browser. It may have died.
Build info: version: '2.53.0', revision: '35ae25b', time: '2016-03-15 17:00:58'
System info: host: 'DESKTOP-RAL8DT3', ip: '192.168.11.187', os.name: 'Windows 10', os.arch: 'amd64', os.version: '10.0', java.version: '1.8.0_102'
Driver info: driver.version: RemoteWebDriver
Capabilities [{applicationCacheEnabled=true, rotatable=false, handlesAlerts=true, databaseEnabled=true, version=56.0, platform=WINDOWS, nativeEvents=false, acceptSslCerts=true, webStorageEnabled=true, locationContextEnabled=true, browserName=firefox, takesScreenshot=true, javascriptEnabled=true, cssSelectorsEnabled=true}]
Session ID: c92e5ce0-abce-462e-a2b0-00c6f0ff3de8)

2560-11-01 10:46:03 - [TEST_STEP][FAILED] - click: Unable to click on object 'Object Repository/Page_Guru TMDA (5)/button_Start' (Root cause: org.openqa.selenium.remote.UnreachableBrowserException: Error communicating with the remote browser. It may have died.
Build info: version: '2.53.0', revision: '35ae25b', time: '2016-03-15 17:00:58'
System info: host: 'DESKTOP-RAL8DT3', ip: '192.168.11.187', os.name: 'Windows 10', os.arch: 'amd64', os.version: '10.0', java.version: '1.8.0_102'
Driver info: driver.version: RemoteWebDriver
Capabilities [{applicationCacheEnabled=true, rotatable=false, handlesAlerts=true, databaseEnabled=true, version=56.0, platform=WINDOWS, nativeEvents=false, acceptSslCerts=true, webStorageEnabled=true, locationContextEnabled=true, browserName=firefox, takesScreenshot=true, javascriptEnabled=true, cssSelectorsEnabled=true}]
Session ID: c92e5ce0-abce-462e-a2b0-00c6f0ff3de8)

2560-11-01 10:46:05 - [MESSAGE][WARNING] - Cannot take screenshot

2560-11-01 10:46:05 - [MESSAGE][FAILED] - Unable to click on object 'Object Repository/Page_Guru TMDA (5)/button_Start' (Root cause: org.openqa.selenium.remote.UnreachableBrowserException: Error communicating with the remote browser. It may have died.
Build info: version: '2.53.0', revision: '35ae25b', time: '2016-03-15 17:00:58'
System info: host: 'DESKTOP-RAL8DT3', ip: '192.168.11.187', os.name: 'Windows 10', os.arch: 'amd64', os.version: '10.0', java.version: '1.8.0_102'
Driver info: driver.version: RemoteWebDriver
Capabilities [{applicationCacheEnabled=true, rotatable=false, handlesAlerts=true, databaseEnabled=true, version=56.0, platform=WINDOWS, nativeEvents=false, acceptSslCerts=true, webStorageEnabled=true, locationContextEnabled=true, browserName=firefox, takesScreenshot=true, javascriptEnabled=true, cssSelectorsEnabled=true}]
Session ID: c92e5ce0-abce-462e-a2b0-00c6f0ff3de8)

2560-11-01 10:46:05 - [TEST_STEP][FAILED] - verifyElementPresent: Unable to verify object 'Object Repository/Upload file without Labeling/list/div_row' is present (Root cause: org.openqa.selenium.remote.UnreachableBrowserException: Error communicating with the remote browser. It may have died.
Build info: version: '2.53.0', revision: '35ae25b', time: '2016-03-15 17:00:58'
System info: host: 'DESKTOP-RAL8DT3', ip: '192.168.11.187', os.name: 'Windows 10', os.arch: 'amd64', os.version: '10.0', java.version: '1.8.0_102'
Driver info: driver.version: RemoteWebDriver
Capabilities [{applicationCacheEnabled=true, rotatable=false, handlesAlerts=true, databaseEnabled=true, version=56.0, platform=WINDOWS, nativeEvents=false, acceptSslCerts=true, webStorageEnabled=true, locationContextEnabled=true, browserName=firefox, takesScreenshot=true, javascriptEnabled=true, cssSelectorsEnabled=true}]
Session ID: c92e5ce0-abce-462e-a2b0-00c6f0ff3de8)

2560-11-01 10:46:07 - [MESSAGE][WARNING] - Cannot take screenshot

2560-11-01 10:46:07 - [MESSAGE][FAILED] - Unable to verify object 'Object Repository/Upload file without Labeling/list/div_row' is present (Root cause: org.openqa.selenium.remote.UnreachableBrowserException: Error communicating with the remote browser. It may have died.
Build info: version: '2.53.0', revision: '35ae25b', time: '2016-03-15 17:00:58'
System info: host: 'DESKTOP-RAL8DT3', ip: '192.168.11.187', os.name: 'Windows 10', os.arch: 'amd64', os.version: '10.0', java.version: '1.8.0_102'
Driver info: driver.version: RemoteWebDriver
Capabilities [{applicationCacheEnabled=true, rotatable=false, handlesAlerts=true, databaseEnabled=true, version=56.0, platform=WINDOWS, nativeEvents=false, acceptSslCerts=true, webStorageEnabled=true, locationContextEnabled=true, browserName=firefox, takesScreenshot=true, javascriptEnabled=true, cssSelectorsEnabled=true}]
Session ID: c92e5ce0-abce-462e-a2b0-00c6f0ff3de8)

2560-11-01 10:46:07 - [TEST_STEP][NOT_RUN] - closeBrowser: NOT_RUN: closeBrowser

2560-11-01 10:46:07 - [MESSAGE][NOT_RUN] - NOT_RUN: closeBrowser]]></system-out>
         <system-err><![CDATA[2560-11-01 10:45:36 - [TEST_CASE][FAILED] - Test Cases/Basic work/Upload File without labelling: Test Cases/Basic work/Upload File without labelling FAILED because (of) Unable to click on object 'Object Repository/Page_Guru TMDA (3)/a_Text Prediction' (Root cause: org.openqa.selenium.remote.UnreachableBrowserException: Error communicating with the remote browser. It may have died.
Build info: version: '2.53.0', revision: '35ae25b', time: '2016-03-15 17:00:58'
System info: host: 'DESKTOP-RAL8DT3', ip: '192.168.11.187', os.name: 'Windows 10', os.arch: 'amd64', os.version: '10.0', java.version: '1.8.0_102'
Driver info: driver.version: RemoteWebDriver
Capabilities [{applicationCacheEnabled=true, rotatable=false, handlesAlerts=true, databaseEnabled=true, version=56.0, platform=WINDOWS, nativeEvents=false, acceptSslCerts=true, webStorageEnabled=true, locationContextEnabled=true, browserName=firefox, takesScreenshot=true, javascriptEnabled=true, cssSelectorsEnabled=true}]
Session ID: c92e5ce0-abce-462e-a2b0-00c6f0ff3de8)]]></system-err>
      </testcase>
      <testcase name="Test Cases/Basic work/Predicted Multiple Verbatim/Prediction in details Select All list" classname="Test Cases/Basic work/Predicted Multiple Verbatim/Prediction in details Select All list" status="FAILED">
         <failure type="FAILED" message="Unable to verify object 'Object Repository/Display Accessibility list/Page_Guru TMDA (2)/div_row' is present (Root cause: org.openqa.selenium.remote.UnreachableBrowserException: Error communicating with the remote browser. It may have died.
Build info: version: '2.53.0', revision: '35ae25b', time: '2016-03-15 17:00:58'
System info: host: 'DESKTOP-RAL8DT3', ip: '192.168.11.187', os.name: 'Windows 10', os.arch: 'amd64', os.version: '10.0', java.version: '1.8.0_102'
Driver info: driver.version: RemoteWebDriver
Capabilities [{applicationCacheEnabled=true, rotatable=false, handlesAlerts=true, databaseEnabled=true, version=56.0, platform=WINDOWS, nativeEvents=false, acceptSslCerts=true, webStorageEnabled=true, locationContextEnabled=true, browserName=firefox, takesScreenshot=true, javascriptEnabled=true, cssSelectorsEnabled=true}]
Session ID: c92e5ce0-abce-462e-a2b0-00c6f0ff3de8)"/>
         <system-out><![CDATA[2560-11-01 10:46:07 - [TEST_CASE][FAILED] - Test Cases/Basic work/Predicted Multiple Verbatim/Prediction in details Select All list: Test Cases/Basic work/Predicted Multiple Verbatim/Prediction in details Select All list FAILED because (of) Unable to verify object 'Object Repository/Display Accessibility list/Page_Guru TMDA (2)/div_row' is present (Root cause: org.openqa.selenium.remote.UnreachableBrowserException: Error communicating with the remote browser. It may have died.
Build info: version: '2.53.0', revision: '35ae25b', time: '2016-03-15 17:00:58'
System info: host: 'DESKTOP-RAL8DT3', ip: '192.168.11.187', os.name: 'Windows 10', os.arch: 'amd64', os.version: '10.0', java.version: '1.8.0_102'
Driver info: driver.version: RemoteWebDriver
Capabilities [{applicationCacheEnabled=true, rotatable=false, handlesAlerts=true, databaseEnabled=true, version=56.0, platform=WINDOWS, nativeEvents=false, acceptSslCerts=true, webStorageEnabled=true, locationContextEnabled=true, browserName=firefox, takesScreenshot=true, javascriptEnabled=true, cssSelectorsEnabled=true}]
Session ID: c92e5ce0-abce-462e-a2b0-00c6f0ff3de8)

2560-11-01 10:46:08 - [TEST_STEP][NOT_RUN] - openBrowser: NOT_RUN: openBrowser

2560-11-01 10:46:08 - [MESSAGE][NOT_RUN] - NOT_RUN: openBrowser

2560-11-01 10:46:08 - [TEST_STEP][NOT_RUN] - maximizeWindow: NOT_RUN: maximizeWindow

2560-11-01 10:46:08 - [MESSAGE][NOT_RUN] - NOT_RUN: maximizeWindow

2560-11-01 10:46:08 - [TEST_STEP][NOT_RUN] - navigateToUrl: NOT_RUN: navigateToUrl

2560-11-01 10:46:08 - [MESSAGE][NOT_RUN] - NOT_RUN: navigateToUrl

2560-11-01 10:46:08 - [TEST_STEP][NOT_RUN] - click: NOT_RUN: click

2560-11-01 10:46:08 - [MESSAGE][NOT_RUN] - NOT_RUN: click

2560-11-01 10:46:08 - [TEST_STEP][NOT_RUN] - setText: NOT_RUN: setText

2560-11-01 10:46:08 - [MESSAGE][NOT_RUN] - NOT_RUN: setText

2560-11-01 10:46:08 - [TEST_STEP][NOT_RUN] - setText: NOT_RUN: setText

2560-11-01 10:46:08 - [MESSAGE][NOT_RUN] - NOT_RUN: setText

2560-11-01 10:46:08 - [TEST_STEP][NOT_RUN] - click: NOT_RUN: click

2560-11-01 10:46:08 - [MESSAGE][NOT_RUN] - NOT_RUN: click

2560-11-01 10:46:08 - [TEST_STEP][NOT_RUN] - click: NOT_RUN: click

2560-11-01 10:46:08 - [MESSAGE][NOT_RUN] - NOT_RUN: click

2560-11-01 10:46:08 - [TEST_STEP][NOT_RUN] - click: NOT_RUN: click

2560-11-01 10:46:08 - [MESSAGE][NOT_RUN] - NOT_RUN: click

2560-11-01 10:46:08 - [TEST_STEP][NOT_RUN] - uploadFile: NOT_RUN: uploadFile

2560-11-01 10:46:08 - [MESSAGE][NOT_RUN] - NOT_RUN: uploadFile

2560-11-01 10:46:08 - [TEST_STEP][NOT_RUN] - waitForElementClickable: NOT_RUN: waitForElementClickable

2560-11-01 10:46:08 - [MESSAGE][NOT_RUN] - NOT_RUN: waitForElementClickable

2560-11-01 10:46:08 - [TEST_STEP][NOT_RUN] - click: NOT_RUN: click

2560-11-01 10:46:08 - [MESSAGE][NOT_RUN] - NOT_RUN: click

2560-11-01 10:46:08 - [TEST_STEP][NOT_RUN] - waitForElementNotPresent: NOT_RUN: waitForElementNotPresent

2560-11-01 10:46:08 - [MESSAGE][NOT_RUN] - NOT_RUN: waitForElementNotPresent

2560-11-01 10:46:08 - [TEST_STEP][NOT_RUN] - selectOptionByValue: NOT_RUN: selectOptionByValue

2560-11-01 10:46:08 - [MESSAGE][NOT_RUN] - NOT_RUN: selectOptionByValue

2560-11-01 10:46:08 - [TEST_STEP][NOT_RUN] - check: NOT_RUN: check

2560-11-01 10:46:08 - [MESSAGE][NOT_RUN] - NOT_RUN: check

2560-11-01 10:46:08 - [TEST_STEP][NOT_RUN] - click: NOT_RUN: click

2560-11-01 10:46:08 - [MESSAGE][NOT_RUN] - NOT_RUN: click

2560-11-01 10:46:08 - [TEST_STEP][NOT_RUN] - waitForElementNotPresent: NOT_RUN: waitForElementNotPresent

2560-11-01 10:46:08 - [MESSAGE][NOT_RUN] - NOT_RUN: waitForElementNotPresent

2560-11-01 10:46:08 - [TEST_STEP][NOT_RUN] - check: NOT_RUN: check

2560-11-01 10:46:08 - [MESSAGE][NOT_RUN] - NOT_RUN: check

2560-11-01 10:46:08 - [TEST_STEP][NOT_RUN] - scrollToElement: NOT_RUN: scrollToElement

2560-11-01 10:46:08 - [MESSAGE][NOT_RUN] - NOT_RUN: scrollToElement

2560-11-01 10:46:08 - [TEST_STEP][NOT_RUN] - click: NOT_RUN: click

2560-11-01 10:46:08 - [MESSAGE][NOT_RUN] - NOT_RUN: click

2560-11-01 10:46:08 - [TEST_STEP][FAILED] - verifyElementPresent: Unable to verify object 'Object Repository/Display Accessibility list/Page_Guru TMDA (2)/div_row' is present (Root cause: org.openqa.selenium.remote.UnreachableBrowserException: Error communicating with the remote browser. It may have died.
Build info: version: '2.53.0', revision: '35ae25b', time: '2016-03-15 17:00:58'
System info: host: 'DESKTOP-RAL8DT3', ip: '192.168.11.187', os.name: 'Windows 10', os.arch: 'amd64', os.version: '10.0', java.version: '1.8.0_102'
Driver info: driver.version: RemoteWebDriver
Capabilities [{applicationCacheEnabled=true, rotatable=false, handlesAlerts=true, databaseEnabled=true, version=56.0, platform=WINDOWS, nativeEvents=false, acceptSslCerts=true, webStorageEnabled=true, locationContextEnabled=true, browserName=firefox, takesScreenshot=true, javascriptEnabled=true, cssSelectorsEnabled=true}]
Session ID: c92e5ce0-abce-462e-a2b0-00c6f0ff3de8)

2560-11-01 10:46:10 - [MESSAGE][WARNING] - Cannot take screenshot

2560-11-01 10:46:10 - [MESSAGE][FAILED] - Unable to verify object 'Object Repository/Display Accessibility list/Page_Guru TMDA (2)/div_row' is present (Root cause: org.openqa.selenium.remote.UnreachableBrowserException: Error communicating with the remote browser. It may have died.
Build info: version: '2.53.0', revision: '35ae25b', time: '2016-03-15 17:00:58'
System info: host: 'DESKTOP-RAL8DT3', ip: '192.168.11.187', os.name: 'Windows 10', os.arch: 'amd64', os.version: '10.0', java.version: '1.8.0_102'
Driver info: driver.version: RemoteWebDriver
Capabilities [{applicationCacheEnabled=true, rotatable=false, handlesAlerts=true, databaseEnabled=true, version=56.0, platform=WINDOWS, nativeEvents=false, acceptSslCerts=true, webStorageEnabled=true, locationContextEnabled=true, browserName=firefox, takesScreenshot=true, javascriptEnabled=true, cssSelectorsEnabled=true}]
Session ID: c92e5ce0-abce-462e-a2b0-00c6f0ff3de8)

2560-11-01 10:46:10 - [TEST_STEP][NOT_RUN] - closeBrowser: NOT_RUN: closeBrowser

2560-11-01 10:46:10 - [MESSAGE][NOT_RUN] - NOT_RUN: closeBrowser]]></system-out>
         <system-err><![CDATA[2560-11-01 10:46:07 - [TEST_CASE][FAILED] - Test Cases/Basic work/Predicted Multiple Verbatim/Prediction in details Select All list: Test Cases/Basic work/Predicted Multiple Verbatim/Prediction in details Select All list FAILED because (of) Unable to verify object 'Object Repository/Display Accessibility list/Page_Guru TMDA (2)/div_row' is present (Root cause: org.openqa.selenium.remote.UnreachableBrowserException: Error communicating with the remote browser. It may have died.
Build info: version: '2.53.0', revision: '35ae25b', time: '2016-03-15 17:00:58'
System info: host: 'DESKTOP-RAL8DT3', ip: '192.168.11.187', os.name: 'Windows 10', os.arch: 'amd64', os.version: '10.0', java.version: '1.8.0_102'
Driver info: driver.version: RemoteWebDriver
Capabilities [{applicationCacheEnabled=true, rotatable=false, handlesAlerts=true, databaseEnabled=true, version=56.0, platform=WINDOWS, nativeEvents=false, acceptSslCerts=true, webStorageEnabled=true, locationContextEnabled=true, browserName=firefox, takesScreenshot=true, javascriptEnabled=true, cssSelectorsEnabled=true}]
Session ID: c92e5ce0-abce-462e-a2b0-00c6f0ff3de8)]]></system-err>
      </testcase>
      <testcase name="Test Cases/Basic work/Predicted Multiple Verbatim/Prediction in details display Acccessibility list" classname="Test Cases/Basic work/Predicted Multiple Verbatim/Prediction in details display Acccessibility list" status="FAILED">
         <failure type="FAILED" message="Unable to click on object 'Object Repository/Display select all list/Page_Guru TMDA (2)/label_Select All' (Root cause: org.openqa.selenium.remote.UnreachableBrowserException: Error communicating with the remote browser. It may have died.
Build info: version: '2.53.0', revision: '35ae25b', time: '2016-03-15 17:00:58'
System info: host: 'DESKTOP-RAL8DT3', ip: '192.168.11.187', os.name: 'Windows 10', os.arch: 'amd64', os.version: '10.0', java.version: '1.8.0_102'
Driver info: driver.version: RemoteWebDriver
Capabilities [{applicationCacheEnabled=true, rotatable=false, handlesAlerts=true, databaseEnabled=true, version=56.0, platform=WINDOWS, nativeEvents=false, acceptSslCerts=true, webStorageEnabled=true, locationContextEnabled=true, browserName=firefox, takesScreenshot=true, javascriptEnabled=true, cssSelectorsEnabled=true}]
Session ID: c92e5ce0-abce-462e-a2b0-00c6f0ff3de8)"/>
         <system-out><![CDATA[2560-11-01 10:46:10 - [TEST_CASE][FAILED] - Test Cases/Basic work/Predicted Multiple Verbatim/Prediction in details display Acccessibility list: Test Cases/Basic work/Predicted Multiple Verbatim/Prediction in details display Acccessibility list FAILED because (of) Unable to click on object 'Object Repository/Display select all list/Page_Guru TMDA (2)/label_Select All' (Root cause: org.openqa.selenium.remote.UnreachableBrowserException: Error communicating with the remote browser. It may have died.
Build info: version: '2.53.0', revision: '35ae25b', time: '2016-03-15 17:00:58'
System info: host: 'DESKTOP-RAL8DT3', ip: '192.168.11.187', os.name: 'Windows 10', os.arch: 'amd64', os.version: '10.0', java.version: '1.8.0_102'
Driver info: driver.version: RemoteWebDriver
Capabilities [{applicationCacheEnabled=true, rotatable=false, handlesAlerts=true, databaseEnabled=true, version=56.0, platform=WINDOWS, nativeEvents=false, acceptSslCerts=true, webStorageEnabled=true, locationContextEnabled=true, browserName=firefox, takesScreenshot=true, javascriptEnabled=true, cssSelectorsEnabled=true}]
Session ID: c92e5ce0-abce-462e-a2b0-00c6f0ff3de8)

2560-11-01 10:46:10 - [TEST_STEP][NOT_RUN] - openBrowser: NOT_RUN: openBrowser

2560-11-01 10:46:10 - [MESSAGE][NOT_RUN] - NOT_RUN: openBrowser

2560-11-01 10:46:10 - [TEST_STEP][NOT_RUN] - maximizeWindow: NOT_RUN: maximizeWindow

2560-11-01 10:46:10 - [MESSAGE][NOT_RUN] - NOT_RUN: maximizeWindow

2560-11-01 10:46:10 - [TEST_STEP][NOT_RUN] - navigateToUrl: NOT_RUN: navigateToUrl

2560-11-01 10:46:10 - [MESSAGE][NOT_RUN] - NOT_RUN: navigateToUrl

2560-11-01 10:46:10 - [TEST_STEP][NOT_RUN] - click: NOT_RUN: click

2560-11-01 10:46:10 - [MESSAGE][NOT_RUN] - NOT_RUN: click

2560-11-01 10:46:10 - [TEST_STEP][NOT_RUN] - setText: NOT_RUN: setText

2560-11-01 10:46:10 - [MESSAGE][NOT_RUN] - NOT_RUN: setText

2560-11-01 10:46:10 - [TEST_STEP][NOT_RUN] - setText: NOT_RUN: setText

2560-11-01 10:46:10 - [MESSAGE][NOT_RUN] - NOT_RUN: setText

2560-11-01 10:46:10 - [TEST_STEP][NOT_RUN] - click: NOT_RUN: click

2560-11-01 10:46:10 - [MESSAGE][NOT_RUN] - NOT_RUN: click

2560-11-01 10:46:10 - [TEST_STEP][NOT_RUN] - click: NOT_RUN: click

2560-11-01 10:46:10 - [MESSAGE][NOT_RUN] - NOT_RUN: click

2560-11-01 10:46:10 - [TEST_STEP][NOT_RUN] - click: NOT_RUN: click

2560-11-01 10:46:10 - [MESSAGE][NOT_RUN] - NOT_RUN: click

2560-11-01 10:46:10 - [TEST_STEP][NOT_RUN] - uploadFile: NOT_RUN: uploadFile

2560-11-01 10:46:10 - [MESSAGE][NOT_RUN] - NOT_RUN: uploadFile

2560-11-01 10:46:10 - [TEST_STEP][NOT_RUN] - waitForElementClickable: NOT_RUN: waitForElementClickable

2560-11-01 10:46:10 - [MESSAGE][NOT_RUN] - NOT_RUN: waitForElementClickable

2560-11-01 10:46:10 - [TEST_STEP][NOT_RUN] - click: NOT_RUN: click

2560-11-01 10:46:10 - [MESSAGE][NOT_RUN] - NOT_RUN: click

2560-11-01 10:46:10 - [TEST_STEP][NOT_RUN] - waitForElementNotPresent: NOT_RUN: waitForElementNotPresent

2560-11-01 10:46:10 - [MESSAGE][NOT_RUN] - NOT_RUN: waitForElementNotPresent

2560-11-01 10:46:10 - [TEST_STEP][NOT_RUN] - selectOptionByValue: NOT_RUN: selectOptionByValue

2560-11-01 10:46:10 - [MESSAGE][NOT_RUN] - NOT_RUN: selectOptionByValue

2560-11-01 10:46:10 - [TEST_STEP][NOT_RUN] - check: NOT_RUN: check

2560-11-01 10:46:10 - [MESSAGE][NOT_RUN] - NOT_RUN: check

2560-11-01 10:46:10 - [TEST_STEP][NOT_RUN] - click: NOT_RUN: click

2560-11-01 10:46:10 - [MESSAGE][NOT_RUN] - NOT_RUN: click

2560-11-01 10:46:10 - [TEST_STEP][NOT_RUN] - waitForElementNotPresent: NOT_RUN: waitForElementNotPresent

2560-11-01 10:46:10 - [MESSAGE][NOT_RUN] - NOT_RUN: waitForElementNotPresent

2560-11-01 10:46:10 - [TEST_STEP][NOT_RUN] - check: NOT_RUN: check

2560-11-01 10:46:10 - [MESSAGE][NOT_RUN] - NOT_RUN: check

2560-11-01 10:46:10 - [TEST_STEP][NOT_RUN] - scrollToElement: NOT_RUN: scrollToElement

2560-11-01 10:46:10 - [MESSAGE][NOT_RUN] - NOT_RUN: scrollToElement

2560-11-01 10:46:10 - [TEST_STEP][NOT_RUN] - click: NOT_RUN: click

2560-11-01 10:46:10 - [MESSAGE][NOT_RUN] - NOT_RUN: click

2560-11-01 10:46:10 - [TEST_STEP][FAILED] - click: Unable to click on object 'Object Repository/Display select all list/Page_Guru TMDA (2)/label_Select All' (Root cause: org.openqa.selenium.remote.UnreachableBrowserException: Error communicating with the remote browser. It may have died.
Build info: version: '2.53.0', revision: '35ae25b', time: '2016-03-15 17:00:58'
System info: host: 'DESKTOP-RAL8DT3', ip: '192.168.11.187', os.name: 'Windows 10', os.arch: 'amd64', os.version: '10.0', java.version: '1.8.0_102'
Driver info: driver.version: RemoteWebDriver
Capabilities [{applicationCacheEnabled=true, rotatable=false, handlesAlerts=true, databaseEnabled=true, version=56.0, platform=WINDOWS, nativeEvents=false, acceptSslCerts=true, webStorageEnabled=true, locationContextEnabled=true, browserName=firefox, takesScreenshot=true, javascriptEnabled=true, cssSelectorsEnabled=true}]
Session ID: c92e5ce0-abce-462e-a2b0-00c6f0ff3de8)

2560-11-01 10:46:12 - [MESSAGE][WARNING] - Cannot take screenshot

2560-11-01 10:46:12 - [MESSAGE][FAILED] - Unable to click on object 'Object Repository/Display select all list/Page_Guru TMDA (2)/label_Select All' (Root cause: org.openqa.selenium.remote.UnreachableBrowserException: Error communicating with the remote browser. It may have died.
Build info: version: '2.53.0', revision: '35ae25b', time: '2016-03-15 17:00:58'
System info: host: 'DESKTOP-RAL8DT3', ip: '192.168.11.187', os.name: 'Windows 10', os.arch: 'amd64', os.version: '10.0', java.version: '1.8.0_102'
Driver info: driver.version: RemoteWebDriver
Capabilities [{applicationCacheEnabled=true, rotatable=false, handlesAlerts=true, databaseEnabled=true, version=56.0, platform=WINDOWS, nativeEvents=false, acceptSslCerts=true, webStorageEnabled=true, locationContextEnabled=true, browserName=firefox, takesScreenshot=true, javascriptEnabled=true, cssSelectorsEnabled=true}]
Session ID: c92e5ce0-abce-462e-a2b0-00c6f0ff3de8)

2560-11-01 10:46:12 - [TEST_STEP][FAILED] - check: Unable to check object 'Object Repository/Display Accessibility list/Page_Guru TMDA (3)/label_Accessibility' (Root cause: org.openqa.selenium.remote.UnreachableBrowserException: Error communicating with the remote browser. It may have died.
Build info: version: '2.53.0', revision: '35ae25b', time: '2016-03-15 17:00:58'
System info: host: 'DESKTOP-RAL8DT3', ip: '192.168.11.187', os.name: 'Windows 10', os.arch: 'amd64', os.version: '10.0', java.version: '1.8.0_102'
Driver info: driver.version: RemoteWebDriver
Capabilities [{applicationCacheEnabled=true, rotatable=false, handlesAlerts=true, databaseEnabled=true, version=56.0, platform=WINDOWS, nativeEvents=false, acceptSslCerts=true, webStorageEnabled=true, locationContextEnabled=true, browserName=firefox, takesScreenshot=true, javascriptEnabled=true, cssSelectorsEnabled=true}]
Session ID: c92e5ce0-abce-462e-a2b0-00c6f0ff3de8)

2560-11-01 10:46:14 - [MESSAGE][WARNING] - Cannot take screenshot

2560-11-01 10:46:14 - [MESSAGE][FAILED] - Unable to check object 'Object Repository/Display Accessibility list/Page_Guru TMDA (3)/label_Accessibility' (Root cause: org.openqa.selenium.remote.UnreachableBrowserException: Error communicating with the remote browser. It may have died.
Build info: version: '2.53.0', revision: '35ae25b', time: '2016-03-15 17:00:58'
System info: host: 'DESKTOP-RAL8DT3', ip: '192.168.11.187', os.name: 'Windows 10', os.arch: 'amd64', os.version: '10.0', java.version: '1.8.0_102'
Driver info: driver.version: RemoteWebDriver
Capabilities [{applicationCacheEnabled=true, rotatable=false, handlesAlerts=true, databaseEnabled=true, version=56.0, platform=WINDOWS, nativeEvents=false, acceptSslCerts=true, webStorageEnabled=true, locationContextEnabled=true, browserName=firefox, takesScreenshot=true, javascriptEnabled=true, cssSelectorsEnabled=true}]
Session ID: c92e5ce0-abce-462e-a2b0-00c6f0ff3de8)

2560-11-01 10:46:14 - [TEST_STEP][FAILED] - verifyElementPresent: Unable to verify object 'Object Repository/Display Accessibility list/Page_Guru TMDA (2)/div_row' is present (Root cause: org.openqa.selenium.remote.UnreachableBrowserException: Error communicating with the remote browser. It may have died.
Build info: version: '2.53.0', revision: '35ae25b', time: '2016-03-15 17:00:58'
System info: host: 'DESKTOP-RAL8DT3', ip: '192.168.11.187', os.name: 'Windows 10', os.arch: 'amd64', os.version: '10.0', java.version: '1.8.0_102'
Driver info: driver.version: RemoteWebDriver
Capabilities [{applicationCacheEnabled=true, rotatable=false, handlesAlerts=true, databaseEnabled=true, version=56.0, platform=WINDOWS, nativeEvents=false, acceptSslCerts=true, webStorageEnabled=true, locationContextEnabled=true, browserName=firefox, takesScreenshot=true, javascriptEnabled=true, cssSelectorsEnabled=true}]
Session ID: c92e5ce0-abce-462e-a2b0-00c6f0ff3de8)

2560-11-01 10:46:16 - [MESSAGE][WARNING] - Cannot take screenshot

2560-11-01 10:46:16 - [MESSAGE][FAILED] - Unable to verify object 'Object Repository/Display Accessibility list/Page_Guru TMDA (2)/div_row' is present (Root cause: org.openqa.selenium.remote.UnreachableBrowserException: Error communicating with the remote browser. It may have died.
Build info: version: '2.53.0', revision: '35ae25b', time: '2016-03-15 17:00:58'
System info: host: 'DESKTOP-RAL8DT3', ip: '192.168.11.187', os.name: 'Windows 10', os.arch: 'amd64', os.version: '10.0', java.version: '1.8.0_102'
Driver info: driver.version: RemoteWebDriver
Capabilities [{applicationCacheEnabled=true, rotatable=false, handlesAlerts=true, databaseEnabled=true, version=56.0, platform=WINDOWS, nativeEvents=false, acceptSslCerts=true, webStorageEnabled=true, locationContextEnabled=true, browserName=firefox, takesScreenshot=true, javascriptEnabled=true, cssSelectorsEnabled=true}]
Session ID: c92e5ce0-abce-462e-a2b0-00c6f0ff3de8)

2560-11-01 10:46:16 - [TEST_STEP][NOT_RUN] - closeBrowser: NOT_RUN: closeBrowser

2560-11-01 10:46:16 - [MESSAGE][NOT_RUN] - NOT_RUN: closeBrowser]]></system-out>
         <system-err><![CDATA[2560-11-01 10:46:10 - [TEST_CASE][FAILED] - Test Cases/Basic work/Predicted Multiple Verbatim/Prediction in details display Acccessibility list: Test Cases/Basic work/Predicted Multiple Verbatim/Prediction in details display Acccessibility list FAILED because (of) Unable to click on object 'Object Repository/Display select all list/Page_Guru TMDA (2)/label_Select All' (Root cause: org.openqa.selenium.remote.UnreachableBrowserException: Error communicating with the remote browser. It may have died.
Build info: version: '2.53.0', revision: '35ae25b', time: '2016-03-15 17:00:58'
System info: host: 'DESKTOP-RAL8DT3', ip: '192.168.11.187', os.name: 'Windows 10', os.arch: 'amd64', os.version: '10.0', java.version: '1.8.0_102'
Driver info: driver.version: RemoteWebDriver
Capabilities [{applicationCacheEnabled=true, rotatable=false, handlesAlerts=true, databaseEnabled=true, version=56.0, platform=WINDOWS, nativeEvents=false, acceptSslCerts=true, webStorageEnabled=true, locationContextEnabled=true, browserName=firefox, takesScreenshot=true, javascriptEnabled=true, cssSelectorsEnabled=true}]
Session ID: c92e5ce0-abce-462e-a2b0-00c6f0ff3de8)]]></system-err>
      </testcase>
      <testcase name="Test Cases/Basic work/Predicted Multiple Verbatim/Prediction in details display Company Brand list" classname="Test Cases/Basic work/Predicted Multiple Verbatim/Prediction in details display Company Brand list" status="FAILED">
         <failure type="FAILED" message="Unable to click on object 'Object Repository/Display select all list/Page_Guru TMDA (2)/label_Select All' (Root cause: org.openqa.selenium.remote.UnreachableBrowserException: Error communicating with the remote browser. It may have died.
Build info: version: '2.53.0', revision: '35ae25b', time: '2016-03-15 17:00:58'
System info: host: 'DESKTOP-RAL8DT3', ip: '192.168.11.187', os.name: 'Windows 10', os.arch: 'amd64', os.version: '10.0', java.version: '1.8.0_102'
Driver info: driver.version: RemoteWebDriver
Capabilities [{applicationCacheEnabled=true, rotatable=false, handlesAlerts=true, databaseEnabled=true, version=56.0, platform=WINDOWS, nativeEvents=false, acceptSslCerts=true, webStorageEnabled=true, locationContextEnabled=true, browserName=firefox, takesScreenshot=true, javascriptEnabled=true, cssSelectorsEnabled=true}]
Session ID: c92e5ce0-abce-462e-a2b0-00c6f0ff3de8)"/>
         <system-out><![CDATA[2560-11-01 10:46:16 - [TEST_CASE][FAILED] - Test Cases/Basic work/Predicted Multiple Verbatim/Prediction in details display Company Brand list: Test Cases/Basic work/Predicted Multiple Verbatim/Prediction in details display Company Brand list FAILED because (of) Unable to click on object 'Object Repository/Display select all list/Page_Guru TMDA (2)/label_Select All' (Root cause: org.openqa.selenium.remote.UnreachableBrowserException: Error communicating with the remote browser. It may have died.
Build info: version: '2.53.0', revision: '35ae25b', time: '2016-03-15 17:00:58'
System info: host: 'DESKTOP-RAL8DT3', ip: '192.168.11.187', os.name: 'Windows 10', os.arch: 'amd64', os.version: '10.0', java.version: '1.8.0_102'
Driver info: driver.version: RemoteWebDriver
Capabilities [{applicationCacheEnabled=true, rotatable=false, handlesAlerts=true, databaseEnabled=true, version=56.0, platform=WINDOWS, nativeEvents=false, acceptSslCerts=true, webStorageEnabled=true, locationContextEnabled=true, browserName=firefox, takesScreenshot=true, javascriptEnabled=true, cssSelectorsEnabled=true}]
Session ID: c92e5ce0-abce-462e-a2b0-00c6f0ff3de8)

2560-11-01 10:46:16 - [TEST_STEP][NOT_RUN] - openBrowser: NOT_RUN: openBrowser

2560-11-01 10:46:16 - [MESSAGE][NOT_RUN] - NOT_RUN: openBrowser

2560-11-01 10:46:16 - [TEST_STEP][NOT_RUN] - maximizeWindow: NOT_RUN: maximizeWindow

2560-11-01 10:46:16 - [MESSAGE][NOT_RUN] - NOT_RUN: maximizeWindow

2560-11-01 10:46:16 - [TEST_STEP][NOT_RUN] - navigateToUrl: NOT_RUN: navigateToUrl

2560-11-01 10:46:16 - [MESSAGE][NOT_RUN] - NOT_RUN: navigateToUrl

2560-11-01 10:46:16 - [TEST_STEP][NOT_RUN] - click: NOT_RUN: click

2560-11-01 10:46:16 - [MESSAGE][NOT_RUN] - NOT_RUN: click

2560-11-01 10:46:16 - [TEST_STEP][NOT_RUN] - setText: NOT_RUN: setText

2560-11-01 10:46:16 - [MESSAGE][NOT_RUN] - NOT_RUN: setText

2560-11-01 10:46:16 - [TEST_STEP][NOT_RUN] - setText: NOT_RUN: setText

2560-11-01 10:46:16 - [MESSAGE][NOT_RUN] - NOT_RUN: setText

2560-11-01 10:46:16 - [TEST_STEP][NOT_RUN] - click: NOT_RUN: click

2560-11-01 10:46:16 - [MESSAGE][NOT_RUN] - NOT_RUN: click

2560-11-01 10:46:16 - [TEST_STEP][NOT_RUN] - click: NOT_RUN: click

2560-11-01 10:46:16 - [MESSAGE][NOT_RUN] - NOT_RUN: click

2560-11-01 10:46:16 - [TEST_STEP][NOT_RUN] - click: NOT_RUN: click

2560-11-01 10:46:16 - [MESSAGE][NOT_RUN] - NOT_RUN: click

2560-11-01 10:46:16 - [TEST_STEP][NOT_RUN] - uploadFile: NOT_RUN: uploadFile

2560-11-01 10:46:16 - [MESSAGE][NOT_RUN] - NOT_RUN: uploadFile

2560-11-01 10:46:16 - [TEST_STEP][NOT_RUN] - waitForElementClickable: NOT_RUN: waitForElementClickable

2560-11-01 10:46:16 - [MESSAGE][NOT_RUN] - NOT_RUN: waitForElementClickable

2560-11-01 10:46:16 - [TEST_STEP][NOT_RUN] - click: NOT_RUN: click

2560-11-01 10:46:16 - [MESSAGE][NOT_RUN] - NOT_RUN: click

2560-11-01 10:46:16 - [TEST_STEP][NOT_RUN] - waitForElementNotPresent: NOT_RUN: waitForElementNotPresent

2560-11-01 10:46:16 - [MESSAGE][NOT_RUN] - NOT_RUN: waitForElementNotPresent

2560-11-01 10:46:16 - [TEST_STEP][NOT_RUN] - selectOptionByValue: NOT_RUN: selectOptionByValue

2560-11-01 10:46:16 - [MESSAGE][NOT_RUN] - NOT_RUN: selectOptionByValue

2560-11-01 10:46:16 - [TEST_STEP][NOT_RUN] - check: NOT_RUN: check

2560-11-01 10:46:16 - [MESSAGE][NOT_RUN] - NOT_RUN: check

2560-11-01 10:46:16 - [TEST_STEP][NOT_RUN] - click: NOT_RUN: click

2560-11-01 10:46:16 - [MESSAGE][NOT_RUN] - NOT_RUN: click

2560-11-01 10:46:16 - [TEST_STEP][NOT_RUN] - waitForElementNotPresent: NOT_RUN: waitForElementNotPresent

2560-11-01 10:46:16 - [MESSAGE][NOT_RUN] - NOT_RUN: waitForElementNotPresent

2560-11-01 10:46:16 - [TEST_STEP][NOT_RUN] - check: NOT_RUN: check

2560-11-01 10:46:16 - [MESSAGE][NOT_RUN] - NOT_RUN: check

2560-11-01 10:46:16 - [TEST_STEP][NOT_RUN] - scrollToElement: NOT_RUN: scrollToElement

2560-11-01 10:46:16 - [MESSAGE][NOT_RUN] - NOT_RUN: scrollToElement

2560-11-01 10:46:16 - [TEST_STEP][NOT_RUN] - click: NOT_RUN: click

2560-11-01 10:46:16 - [MESSAGE][NOT_RUN] - NOT_RUN: click

2560-11-01 10:46:16 - [TEST_STEP][NOT_RUN] - click: NOT_RUN: click

2560-11-01 10:46:16 - [MESSAGE][NOT_RUN] - NOT_RUN: click

2560-11-01 10:46:16 - [TEST_STEP][FAILED] - click: Unable to click on object 'Object Repository/Display select all list/Page_Guru TMDA (2)/label_Select All' (Root cause: org.openqa.selenium.remote.UnreachableBrowserException: Error communicating with the remote browser. It may have died.
Build info: version: '2.53.0', revision: '35ae25b', time: '2016-03-15 17:00:58'
System info: host: 'DESKTOP-RAL8DT3', ip: '192.168.11.187', os.name: 'Windows 10', os.arch: 'amd64', os.version: '10.0', java.version: '1.8.0_102'
Driver info: driver.version: RemoteWebDriver
Capabilities [{applicationCacheEnabled=true, rotatable=false, handlesAlerts=true, databaseEnabled=true, version=56.0, platform=WINDOWS, nativeEvents=false, acceptSslCerts=true, webStorageEnabled=true, locationContextEnabled=true, browserName=firefox, takesScreenshot=true, javascriptEnabled=true, cssSelectorsEnabled=true}]
Session ID: c92e5ce0-abce-462e-a2b0-00c6f0ff3de8)

2560-11-01 10:46:19 - [MESSAGE][WARNING] - Cannot take screenshot

2560-11-01 10:46:19 - [MESSAGE][FAILED] - Unable to click on object 'Object Repository/Display select all list/Page_Guru TMDA (2)/label_Select All' (Root cause: org.openqa.selenium.remote.UnreachableBrowserException: Error communicating with the remote browser. It may have died.
Build info: version: '2.53.0', revision: '35ae25b', time: '2016-03-15 17:00:58'
System info: host: 'DESKTOP-RAL8DT3', ip: '192.168.11.187', os.name: 'Windows 10', os.arch: 'amd64', os.version: '10.0', java.version: '1.8.0_102'
Driver info: driver.version: RemoteWebDriver
Capabilities [{applicationCacheEnabled=true, rotatable=false, handlesAlerts=true, databaseEnabled=true, version=56.0, platform=WINDOWS, nativeEvents=false, acceptSslCerts=true, webStorageEnabled=true, locationContextEnabled=true, browserName=firefox, takesScreenshot=true, javascriptEnabled=true, cssSelectorsEnabled=true}]
Session ID: c92e5ce0-abce-462e-a2b0-00c6f0ff3de8)

2560-11-01 10:46:19 - [TEST_STEP][FAILED] - click: Unable to click on object 'Object Repository/Display select all list/Page_Guru TMDA (2)/label_Select All' (Root cause: org.openqa.selenium.remote.UnreachableBrowserException: Error communicating with the remote browser. It may have died.
Build info: version: '2.53.0', revision: '35ae25b', time: '2016-03-15 17:00:58'
System info: host: 'DESKTOP-RAL8DT3', ip: '192.168.11.187', os.name: 'Windows 10', os.arch: 'amd64', os.version: '10.0', java.version: '1.8.0_102'
Driver info: driver.version: RemoteWebDriver
Capabilities [{applicationCacheEnabled=true, rotatable=false, handlesAlerts=true, databaseEnabled=true, version=56.0, platform=WINDOWS, nativeEvents=false, acceptSslCerts=true, webStorageEnabled=true, locationContextEnabled=true, browserName=firefox, takesScreenshot=true, javascriptEnabled=true, cssSelectorsEnabled=true}]
Session ID: c92e5ce0-abce-462e-a2b0-00c6f0ff3de8)

2560-11-01 10:46:21 - [MESSAGE][WARNING] - Cannot take screenshot

2560-11-01 10:46:21 - [MESSAGE][FAILED] - Unable to click on object 'Object Repository/Display select all list/Page_Guru TMDA (2)/label_Select All' (Root cause: org.openqa.selenium.remote.UnreachableBrowserException: Error communicating with the remote browser. It may have died.
Build info: version: '2.53.0', revision: '35ae25b', time: '2016-03-15 17:00:58'
System info: host: 'DESKTOP-RAL8DT3', ip: '192.168.11.187', os.name: 'Windows 10', os.arch: 'amd64', os.version: '10.0', java.version: '1.8.0_102'
Driver info: driver.version: RemoteWebDriver
Capabilities [{applicationCacheEnabled=true, rotatable=false, handlesAlerts=true, databaseEnabled=true, version=56.0, platform=WINDOWS, nativeEvents=false, acceptSslCerts=true, webStorageEnabled=true, locationContextEnabled=true, browserName=firefox, takesScreenshot=true, javascriptEnabled=true, cssSelectorsEnabled=true}]
Session ID: c92e5ce0-abce-462e-a2b0-00c6f0ff3de8)

2560-11-01 10:46:21 - [TEST_STEP][FAILED] - check: Unable to check object 'Object Repository/Display Company brand list/Page_Guru TMDA (1)/label_Company Brand' (Root cause: org.openqa.selenium.remote.UnreachableBrowserException: Error communicating with the remote browser. It may have died.
Build info: version: '2.53.0', revision: '35ae25b', time: '2016-03-15 17:00:58'
System info: host: 'DESKTOP-RAL8DT3', ip: '192.168.11.187', os.name: 'Windows 10', os.arch: 'amd64', os.version: '10.0', java.version: '1.8.0_102'
Driver info: driver.version: RemoteWebDriver
Capabilities [{applicationCacheEnabled=true, rotatable=false, handlesAlerts=true, databaseEnabled=true, version=56.0, platform=WINDOWS, nativeEvents=false, acceptSslCerts=true, webStorageEnabled=true, locationContextEnabled=true, browserName=firefox, takesScreenshot=true, javascriptEnabled=true, cssSelectorsEnabled=true}]
Session ID: c92e5ce0-abce-462e-a2b0-00c6f0ff3de8)

2560-11-01 10:46:23 - [MESSAGE][WARNING] - Cannot take screenshot

2560-11-01 10:46:23 - [MESSAGE][FAILED] - Unable to check object 'Object Repository/Display Company brand list/Page_Guru TMDA (1)/label_Company Brand' (Root cause: org.openqa.selenium.remote.UnreachableBrowserException: Error communicating with the remote browser. It may have died.
Build info: version: '2.53.0', revision: '35ae25b', time: '2016-03-15 17:00:58'
System info: host: 'DESKTOP-RAL8DT3', ip: '192.168.11.187', os.name: 'Windows 10', os.arch: 'amd64', os.version: '10.0', java.version: '1.8.0_102'
Driver info: driver.version: RemoteWebDriver
Capabilities [{applicationCacheEnabled=true, rotatable=false, handlesAlerts=true, databaseEnabled=true, version=56.0, platform=WINDOWS, nativeEvents=false, acceptSslCerts=true, webStorageEnabled=true, locationContextEnabled=true, browserName=firefox, takesScreenshot=true, javascriptEnabled=true, cssSelectorsEnabled=true}]
Session ID: c92e5ce0-abce-462e-a2b0-00c6f0ff3de8)

2560-11-01 10:46:23 - [TEST_STEP][FAILED] - verifyElementPresent: Unable to verify object 'Object Repository/Display Accessibility list/Page_Guru TMDA (2)/div_row' is present (Root cause: org.openqa.selenium.remote.UnreachableBrowserException: Error communicating with the remote browser. It may have died.
Build info: version: '2.53.0', revision: '35ae25b', time: '2016-03-15 17:00:58'
System info: host: 'DESKTOP-RAL8DT3', ip: '192.168.11.187', os.name: 'Windows 10', os.arch: 'amd64', os.version: '10.0', java.version: '1.8.0_102'
Driver info: driver.version: RemoteWebDriver
Capabilities [{applicationCacheEnabled=true, rotatable=false, handlesAlerts=true, databaseEnabled=true, version=56.0, platform=WINDOWS, nativeEvents=false, acceptSslCerts=true, webStorageEnabled=true, locationContextEnabled=true, browserName=firefox, takesScreenshot=true, javascriptEnabled=true, cssSelectorsEnabled=true}]
Session ID: c92e5ce0-abce-462e-a2b0-00c6f0ff3de8)

2560-11-01 10:46:25 - [MESSAGE][WARNING] - Cannot take screenshot

2560-11-01 10:46:25 - [MESSAGE][FAILED] - Unable to verify object 'Object Repository/Display Accessibility list/Page_Guru TMDA (2)/div_row' is present (Root cause: org.openqa.selenium.remote.UnreachableBrowserException: Error communicating with the remote browser. It may have died.
Build info: version: '2.53.0', revision: '35ae25b', time: '2016-03-15 17:00:58'
System info: host: 'DESKTOP-RAL8DT3', ip: '192.168.11.187', os.name: 'Windows 10', os.arch: 'amd64', os.version: '10.0', java.version: '1.8.0_102'
Driver info: driver.version: RemoteWebDriver
Capabilities [{applicationCacheEnabled=true, rotatable=false, handlesAlerts=true, databaseEnabled=true, version=56.0, platform=WINDOWS, nativeEvents=false, acceptSslCerts=true, webStorageEnabled=true, locationContextEnabled=true, browserName=firefox, takesScreenshot=true, javascriptEnabled=true, cssSelectorsEnabled=true}]
Session ID: c92e5ce0-abce-462e-a2b0-00c6f0ff3de8)

2560-11-01 10:46:25 - [TEST_STEP][NOT_RUN] - closeBrowser: NOT_RUN: closeBrowser

2560-11-01 10:46:25 - [MESSAGE][NOT_RUN] - NOT_RUN: closeBrowser]]></system-out>
         <system-err><![CDATA[2560-11-01 10:46:16 - [TEST_CASE][FAILED] - Test Cases/Basic work/Predicted Multiple Verbatim/Prediction in details display Company Brand list: Test Cases/Basic work/Predicted Multiple Verbatim/Prediction in details display Company Brand list FAILED because (of) Unable to click on object 'Object Repository/Display select all list/Page_Guru TMDA (2)/label_Select All' (Root cause: org.openqa.selenium.remote.UnreachableBrowserException: Error communicating with the remote browser. It may have died.
Build info: version: '2.53.0', revision: '35ae25b', time: '2016-03-15 17:00:58'
System info: host: 'DESKTOP-RAL8DT3', ip: '192.168.11.187', os.name: 'Windows 10', os.arch: 'amd64', os.version: '10.0', java.version: '1.8.0_102'
Driver info: driver.version: RemoteWebDriver
Capabilities [{applicationCacheEnabled=true, rotatable=false, handlesAlerts=true, databaseEnabled=true, version=56.0, platform=WINDOWS, nativeEvents=false, acceptSslCerts=true, webStorageEnabled=true, locationContextEnabled=true, browserName=firefox, takesScreenshot=true, javascriptEnabled=true, cssSelectorsEnabled=true}]
Session ID: c92e5ce0-abce-462e-a2b0-00c6f0ff3de8)]]></system-err>
      </testcase>
      <testcase name="Test Cases/Basic work/Predicted Multiple Verbatim/Prediction in details display Competitors list" classname="Test Cases/Basic work/Predicted Multiple Verbatim/Prediction in details display Competitors list" status="FAILED">
         <failure type="FAILED" message="Unable to click on object 'Object Repository/Display select all list/Page_Guru TMDA (2)/label_Select All' (Root cause: org.openqa.selenium.remote.UnreachableBrowserException: Error communicating with the remote browser. It may have died.
Build info: version: '2.53.0', revision: '35ae25b', time: '2016-03-15 17:00:58'
System info: host: 'DESKTOP-RAL8DT3', ip: '192.168.11.187', os.name: 'Windows 10', os.arch: 'amd64', os.version: '10.0', java.version: '1.8.0_102'
Driver info: driver.version: RemoteWebDriver
Capabilities [{applicationCacheEnabled=true, rotatable=false, handlesAlerts=true, databaseEnabled=true, version=56.0, platform=WINDOWS, nativeEvents=false, acceptSslCerts=true, webStorageEnabled=true, locationContextEnabled=true, browserName=firefox, takesScreenshot=true, javascriptEnabled=true, cssSelectorsEnabled=true}]
Session ID: c92e5ce0-abce-462e-a2b0-00c6f0ff3de8)"/>
         <system-out><![CDATA[2560-11-01 10:46:25 - [TEST_CASE][FAILED] - Test Cases/Basic work/Predicted Multiple Verbatim/Prediction in details display Competitors list: Test Cases/Basic work/Predicted Multiple Verbatim/Prediction in details display Competitors list FAILED because (of) Unable to click on object 'Object Repository/Display select all list/Page_Guru TMDA (2)/label_Select All' (Root cause: org.openqa.selenium.remote.UnreachableBrowserException: Error communicating with the remote browser. It may have died.
Build info: version: '2.53.0', revision: '35ae25b', time: '2016-03-15 17:00:58'
System info: host: 'DESKTOP-RAL8DT3', ip: '192.168.11.187', os.name: 'Windows 10', os.arch: 'amd64', os.version: '10.0', java.version: '1.8.0_102'
Driver info: driver.version: RemoteWebDriver
Capabilities [{applicationCacheEnabled=true, rotatable=false, handlesAlerts=true, databaseEnabled=true, version=56.0, platform=WINDOWS, nativeEvents=false, acceptSslCerts=true, webStorageEnabled=true, locationContextEnabled=true, browserName=firefox, takesScreenshot=true, javascriptEnabled=true, cssSelectorsEnabled=true}]
Session ID: c92e5ce0-abce-462e-a2b0-00c6f0ff3de8)

2560-11-01 10:46:25 - [TEST_STEP][NOT_RUN] - openBrowser: NOT_RUN: openBrowser

2560-11-01 10:46:25 - [MESSAGE][NOT_RUN] - NOT_RUN: openBrowser

2560-11-01 10:46:25 - [TEST_STEP][NOT_RUN] - maximizeWindow: NOT_RUN: maximizeWindow

2560-11-01 10:46:25 - [MESSAGE][NOT_RUN] - NOT_RUN: maximizeWindow

2560-11-01 10:46:25 - [TEST_STEP][NOT_RUN] - navigateToUrl: NOT_RUN: navigateToUrl

2560-11-01 10:46:25 - [MESSAGE][NOT_RUN] - NOT_RUN: navigateToUrl

2560-11-01 10:46:25 - [TEST_STEP][NOT_RUN] - click: NOT_RUN: click

2560-11-01 10:46:25 - [MESSAGE][NOT_RUN] - NOT_RUN: click

2560-11-01 10:46:25 - [TEST_STEP][NOT_RUN] - setText: NOT_RUN: setText

2560-11-01 10:46:25 - [MESSAGE][NOT_RUN] - NOT_RUN: setText

2560-11-01 10:46:25 - [TEST_STEP][NOT_RUN] - setText: NOT_RUN: setText

2560-11-01 10:46:25 - [MESSAGE][NOT_RUN] - NOT_RUN: setText

2560-11-01 10:46:25 - [TEST_STEP][NOT_RUN] - click: NOT_RUN: click

2560-11-01 10:46:25 - [MESSAGE][NOT_RUN] - NOT_RUN: click

2560-11-01 10:46:25 - [TEST_STEP][NOT_RUN] - click: NOT_RUN: click

2560-11-01 10:46:25 - [MESSAGE][NOT_RUN] - NOT_RUN: click

2560-11-01 10:46:25 - [TEST_STEP][NOT_RUN] - click: NOT_RUN: click

2560-11-01 10:46:25 - [MESSAGE][NOT_RUN] - NOT_RUN: click

2560-11-01 10:46:25 - [TEST_STEP][NOT_RUN] - uploadFile: NOT_RUN: uploadFile

2560-11-01 10:46:25 - [MESSAGE][NOT_RUN] - NOT_RUN: uploadFile

2560-11-01 10:46:25 - [TEST_STEP][NOT_RUN] - waitForElementClickable: NOT_RUN: waitForElementClickable

2560-11-01 10:46:25 - [MESSAGE][NOT_RUN] - NOT_RUN: waitForElementClickable

2560-11-01 10:46:25 - [TEST_STEP][NOT_RUN] - click: NOT_RUN: click

2560-11-01 10:46:25 - [MESSAGE][NOT_RUN] - NOT_RUN: click

2560-11-01 10:46:25 - [TEST_STEP][NOT_RUN] - waitForElementNotPresent: NOT_RUN: waitForElementNotPresent

2560-11-01 10:46:25 - [MESSAGE][NOT_RUN] - NOT_RUN: waitForElementNotPresent

2560-11-01 10:46:25 - [TEST_STEP][NOT_RUN] - selectOptionByValue: NOT_RUN: selectOptionByValue

2560-11-01 10:46:25 - [MESSAGE][NOT_RUN] - NOT_RUN: selectOptionByValue

2560-11-01 10:46:25 - [TEST_STEP][NOT_RUN] - check: NOT_RUN: check

2560-11-01 10:46:25 - [MESSAGE][NOT_RUN] - NOT_RUN: check

2560-11-01 10:46:25 - [TEST_STEP][NOT_RUN] - click: NOT_RUN: click

2560-11-01 10:46:25 - [MESSAGE][NOT_RUN] - NOT_RUN: click

2560-11-01 10:46:25 - [TEST_STEP][NOT_RUN] - waitForElementNotPresent: NOT_RUN: waitForElementNotPresent

2560-11-01 10:46:25 - [MESSAGE][NOT_RUN] - NOT_RUN: waitForElementNotPresent

2560-11-01 10:46:25 - [TEST_STEP][NOT_RUN] - check: NOT_RUN: check

2560-11-01 10:46:25 - [MESSAGE][NOT_RUN] - NOT_RUN: check

2560-11-01 10:46:25 - [TEST_STEP][NOT_RUN] - scrollToElement: NOT_RUN: scrollToElement

2560-11-01 10:46:25 - [MESSAGE][NOT_RUN] - NOT_RUN: scrollToElement

2560-11-01 10:46:25 - [TEST_STEP][NOT_RUN] - click: NOT_RUN: click

2560-11-01 10:46:25 - [MESSAGE][NOT_RUN] - NOT_RUN: click

2560-11-01 10:46:25 - [TEST_STEP][NOT_RUN] - click: NOT_RUN: click

2560-11-01 10:46:25 - [MESSAGE][NOT_RUN] - NOT_RUN: click

2560-11-01 10:46:25 - [TEST_STEP][FAILED] - click: Unable to click on object 'Object Repository/Display select all list/Page_Guru TMDA (2)/label_Select All' (Root cause: org.openqa.selenium.remote.UnreachableBrowserException: Error communicating with the remote browser. It may have died.
Build info: version: '2.53.0', revision: '35ae25b', time: '2016-03-15 17:00:58'
System info: host: 'DESKTOP-RAL8DT3', ip: '192.168.11.187', os.name: 'Windows 10', os.arch: 'amd64', os.version: '10.0', java.version: '1.8.0_102'
Driver info: driver.version: RemoteWebDriver
Capabilities [{applicationCacheEnabled=true, rotatable=false, handlesAlerts=true, databaseEnabled=true, version=56.0, platform=WINDOWS, nativeEvents=false, acceptSslCerts=true, webStorageEnabled=true, locationContextEnabled=true, browserName=firefox, takesScreenshot=true, javascriptEnabled=true, cssSelectorsEnabled=true}]
Session ID: c92e5ce0-abce-462e-a2b0-00c6f0ff3de8)

2560-11-01 10:46:27 - [MESSAGE][WARNING] - Cannot take screenshot

2560-11-01 10:46:27 - [MESSAGE][FAILED] - Unable to click on object 'Object Repository/Display select all list/Page_Guru TMDA (2)/label_Select All' (Root cause: org.openqa.selenium.remote.UnreachableBrowserException: Error communicating with the remote browser. It may have died.
Build info: version: '2.53.0', revision: '35ae25b', time: '2016-03-15 17:00:58'
System info: host: 'DESKTOP-RAL8DT3', ip: '192.168.11.187', os.name: 'Windows 10', os.arch: 'amd64', os.version: '10.0', java.version: '1.8.0_102'
Driver info: driver.version: RemoteWebDriver
Capabilities [{applicationCacheEnabled=true, rotatable=false, handlesAlerts=true, databaseEnabled=true, version=56.0, platform=WINDOWS, nativeEvents=false, acceptSslCerts=true, webStorageEnabled=true, locationContextEnabled=true, browserName=firefox, takesScreenshot=true, javascriptEnabled=true, cssSelectorsEnabled=true}]
Session ID: c92e5ce0-abce-462e-a2b0-00c6f0ff3de8)

2560-11-01 10:46:27 - [TEST_STEP][FAILED] - click: Unable to click on object 'Object Repository/Display select all list/Page_Guru TMDA (2)/label_Select All' (Root cause: org.openqa.selenium.remote.UnreachableBrowserException: Error communicating with the remote browser. It may have died.
Build info: version: '2.53.0', revision: '35ae25b', time: '2016-03-15 17:00:58'
System info: host: 'DESKTOP-RAL8DT3', ip: '192.168.11.187', os.name: 'Windows 10', os.arch: 'amd64', os.version: '10.0', java.version: '1.8.0_102'
Driver info: driver.version: RemoteWebDriver
Capabilities [{applicationCacheEnabled=true, rotatable=false, handlesAlerts=true, databaseEnabled=true, version=56.0, platform=WINDOWS, nativeEvents=false, acceptSslCerts=true, webStorageEnabled=true, locationContextEnabled=true, browserName=firefox, takesScreenshot=true, javascriptEnabled=true, cssSelectorsEnabled=true}]
Session ID: c92e5ce0-abce-462e-a2b0-00c6f0ff3de8)

2560-11-01 10:46:29 - [MESSAGE][WARNING] - Cannot take screenshot

2560-11-01 10:46:29 - [MESSAGE][FAILED] - Unable to click on object 'Object Repository/Display select all list/Page_Guru TMDA (2)/label_Select All' (Root cause: org.openqa.selenium.remote.UnreachableBrowserException: Error communicating with the remote browser. It may have died.
Build info: version: '2.53.0', revision: '35ae25b', time: '2016-03-15 17:00:58'
System info: host: 'DESKTOP-RAL8DT3', ip: '192.168.11.187', os.name: 'Windows 10', os.arch: 'amd64', os.version: '10.0', java.version: '1.8.0_102'
Driver info: driver.version: RemoteWebDriver
Capabilities [{applicationCacheEnabled=true, rotatable=false, handlesAlerts=true, databaseEnabled=true, version=56.0, platform=WINDOWS, nativeEvents=false, acceptSslCerts=true, webStorageEnabled=true, locationContextEnabled=true, browserName=firefox, takesScreenshot=true, javascriptEnabled=true, cssSelectorsEnabled=true}]
Session ID: c92e5ce0-abce-462e-a2b0-00c6f0ff3de8)

2560-11-01 10:46:29 - [TEST_STEP][FAILED] - check: Unable to check object 'Object Repository/Display Competitors list/label_Competitors' (Root cause: org.openqa.selenium.remote.UnreachableBrowserException: Error communicating with the remote browser. It may have died.
Build info: version: '2.53.0', revision: '35ae25b', time: '2016-03-15 17:00:58'
System info: host: 'DESKTOP-RAL8DT3', ip: '192.168.11.187', os.name: 'Windows 10', os.arch: 'amd64', os.version: '10.0', java.version: '1.8.0_102'
Driver info: driver.version: RemoteWebDriver
Capabilities [{applicationCacheEnabled=true, rotatable=false, handlesAlerts=true, databaseEnabled=true, version=56.0, platform=WINDOWS, nativeEvents=false, acceptSslCerts=true, webStorageEnabled=true, locationContextEnabled=true, browserName=firefox, takesScreenshot=true, javascriptEnabled=true, cssSelectorsEnabled=true}]
Session ID: c92e5ce0-abce-462e-a2b0-00c6f0ff3de8)

2560-11-01 10:46:31 - [MESSAGE][WARNING] - Cannot take screenshot

2560-11-01 10:46:31 - [MESSAGE][FAILED] - Unable to check object 'Object Repository/Display Competitors list/label_Competitors' (Root cause: org.openqa.selenium.remote.UnreachableBrowserException: Error communicating with the remote browser. It may have died.
Build info: version: '2.53.0', revision: '35ae25b', time: '2016-03-15 17:00:58'
System info: host: 'DESKTOP-RAL8DT3', ip: '192.168.11.187', os.name: 'Windows 10', os.arch: 'amd64', os.version: '10.0', java.version: '1.8.0_102'
Driver info: driver.version: RemoteWebDriver
Capabilities [{applicationCacheEnabled=true, rotatable=false, handlesAlerts=true, databaseEnabled=true, version=56.0, platform=WINDOWS, nativeEvents=false, acceptSslCerts=true, webStorageEnabled=true, locationContextEnabled=true, browserName=firefox, takesScreenshot=true, javascriptEnabled=true, cssSelectorsEnabled=true}]
Session ID: c92e5ce0-abce-462e-a2b0-00c6f0ff3de8)

2560-11-01 10:46:31 - [TEST_STEP][FAILED] - verifyElementPresent: Unable to verify object 'Object Repository/Display Accessibility list/Page_Guru TMDA (2)/div_row' is present (Root cause: org.openqa.selenium.remote.UnreachableBrowserException: Error communicating with the remote browser. It may have died.
Build info: version: '2.53.0', revision: '35ae25b', time: '2016-03-15 17:00:58'
System info: host: 'DESKTOP-RAL8DT3', ip: '192.168.11.187', os.name: 'Windows 10', os.arch: 'amd64', os.version: '10.0', java.version: '1.8.0_102'
Driver info: driver.version: RemoteWebDriver
Capabilities [{applicationCacheEnabled=true, rotatable=false, handlesAlerts=true, databaseEnabled=true, version=56.0, platform=WINDOWS, nativeEvents=false, acceptSslCerts=true, webStorageEnabled=true, locationContextEnabled=true, browserName=firefox, takesScreenshot=true, javascriptEnabled=true, cssSelectorsEnabled=true}]
Session ID: c92e5ce0-abce-462e-a2b0-00c6f0ff3de8)

2560-11-01 10:46:33 - [MESSAGE][WARNING] - Cannot take screenshot

2560-11-01 10:46:33 - [MESSAGE][FAILED] - Unable to verify object 'Object Repository/Display Accessibility list/Page_Guru TMDA (2)/div_row' is present (Root cause: org.openqa.selenium.remote.UnreachableBrowserException: Error communicating with the remote browser. It may have died.
Build info: version: '2.53.0', revision: '35ae25b', time: '2016-03-15 17:00:58'
System info: host: 'DESKTOP-RAL8DT3', ip: '192.168.11.187', os.name: 'Windows 10', os.arch: 'amd64', os.version: '10.0', java.version: '1.8.0_102'
Driver info: driver.version: RemoteWebDriver
Capabilities [{applicationCacheEnabled=true, rotatable=false, handlesAlerts=true, databaseEnabled=true, version=56.0, platform=WINDOWS, nativeEvents=false, acceptSslCerts=true, webStorageEnabled=true, locationContextEnabled=true, browserName=firefox, takesScreenshot=true, javascriptEnabled=true, cssSelectorsEnabled=true}]
Session ID: c92e5ce0-abce-462e-a2b0-00c6f0ff3de8)

2560-11-01 10:46:33 - [TEST_STEP][NOT_RUN] - closeBrowser: NOT_RUN: closeBrowser

2560-11-01 10:46:33 - [MESSAGE][NOT_RUN] - NOT_RUN: closeBrowser]]></system-out>
         <system-err><![CDATA[2560-11-01 10:46:25 - [TEST_CASE][FAILED] - Test Cases/Basic work/Predicted Multiple Verbatim/Prediction in details display Competitors list: Test Cases/Basic work/Predicted Multiple Verbatim/Prediction in details display Competitors list FAILED because (of) Unable to click on object 'Object Repository/Display select all list/Page_Guru TMDA (2)/label_Select All' (Root cause: org.openqa.selenium.remote.UnreachableBrowserException: Error communicating with the remote browser. It may have died.
Build info: version: '2.53.0', revision: '35ae25b', time: '2016-03-15 17:00:58'
System info: host: 'DESKTOP-RAL8DT3', ip: '192.168.11.187', os.name: 'Windows 10', os.arch: 'amd64', os.version: '10.0', java.version: '1.8.0_102'
Driver info: driver.version: RemoteWebDriver
Capabilities [{applicationCacheEnabled=true, rotatable=false, handlesAlerts=true, databaseEnabled=true, version=56.0, platform=WINDOWS, nativeEvents=false, acceptSslCerts=true, webStorageEnabled=true, locationContextEnabled=true, browserName=firefox, takesScreenshot=true, javascriptEnabled=true, cssSelectorsEnabled=true}]
Session ID: c92e5ce0-abce-462e-a2b0-00c6f0ff3de8)]]></system-err>
      </testcase>
      <testcase name="Test Cases/Basic work/Predicted Multiple Verbatim/Prediction in details display Private Reason list" classname="Test Cases/Basic work/Predicted Multiple Verbatim/Prediction in details display Private Reason list" status="FAILED">
         <failure type="FAILED" message="Unable to click on object 'Object Repository/Display select all list/Page_Guru TMDA (2)/label_Select All' (Root cause: org.openqa.selenium.remote.UnreachableBrowserException: Error communicating with the remote browser. It may have died.
Build info: version: '2.53.0', revision: '35ae25b', time: '2016-03-15 17:00:58'
System info: host: 'DESKTOP-RAL8DT3', ip: '192.168.11.187', os.name: 'Windows 10', os.arch: 'amd64', os.version: '10.0', java.version: '1.8.0_102'
Driver info: driver.version: RemoteWebDriver
Capabilities [{applicationCacheEnabled=true, rotatable=false, handlesAlerts=true, databaseEnabled=true, version=56.0, platform=WINDOWS, nativeEvents=false, acceptSslCerts=true, webStorageEnabled=true, locationContextEnabled=true, browserName=firefox, takesScreenshot=true, javascriptEnabled=true, cssSelectorsEnabled=true}]
Session ID: c92e5ce0-abce-462e-a2b0-00c6f0ff3de8)"/>
         <system-out><![CDATA[2560-11-01 10:46:33 - [TEST_CASE][FAILED] - Test Cases/Basic work/Predicted Multiple Verbatim/Prediction in details display Private Reason list: Test Cases/Basic work/Predicted Multiple Verbatim/Prediction in details display Private Reason list FAILED because (of) Unable to click on object 'Object Repository/Display select all list/Page_Guru TMDA (2)/label_Select All' (Root cause: org.openqa.selenium.remote.UnreachableBrowserException: Error communicating with the remote browser. It may have died.
Build info: version: '2.53.0', revision: '35ae25b', time: '2016-03-15 17:00:58'
System info: host: 'DESKTOP-RAL8DT3', ip: '192.168.11.187', os.name: 'Windows 10', os.arch: 'amd64', os.version: '10.0', java.version: '1.8.0_102'
Driver info: driver.version: RemoteWebDriver
Capabilities [{applicationCacheEnabled=true, rotatable=false, handlesAlerts=true, databaseEnabled=true, version=56.0, platform=WINDOWS, nativeEvents=false, acceptSslCerts=true, webStorageEnabled=true, locationContextEnabled=true, browserName=firefox, takesScreenshot=true, javascriptEnabled=true, cssSelectorsEnabled=true}]
Session ID: c92e5ce0-abce-462e-a2b0-00c6f0ff3de8)

2560-11-01 10:46:33 - [TEST_STEP][NOT_RUN] - openBrowser: NOT_RUN: openBrowser

2560-11-01 10:46:33 - [MESSAGE][NOT_RUN] - NOT_RUN: openBrowser

2560-11-01 10:46:33 - [TEST_STEP][NOT_RUN] - maximizeWindow: NOT_RUN: maximizeWindow

2560-11-01 10:46:33 - [MESSAGE][NOT_RUN] - NOT_RUN: maximizeWindow

2560-11-01 10:46:33 - [TEST_STEP][NOT_RUN] - navigateToUrl: NOT_RUN: navigateToUrl

2560-11-01 10:46:33 - [MESSAGE][NOT_RUN] - NOT_RUN: navigateToUrl

2560-11-01 10:46:33 - [TEST_STEP][NOT_RUN] - click: NOT_RUN: click

2560-11-01 10:46:33 - [MESSAGE][NOT_RUN] - NOT_RUN: click

2560-11-01 10:46:33 - [TEST_STEP][NOT_RUN] - setText: NOT_RUN: setText

2560-11-01 10:46:33 - [MESSAGE][NOT_RUN] - NOT_RUN: setText

2560-11-01 10:46:33 - [TEST_STEP][NOT_RUN] - setText: NOT_RUN: setText

2560-11-01 10:46:33 - [MESSAGE][NOT_RUN] - NOT_RUN: setText

2560-11-01 10:46:33 - [TEST_STEP][NOT_RUN] - click: NOT_RUN: click

2560-11-01 10:46:33 - [MESSAGE][NOT_RUN] - NOT_RUN: click

2560-11-01 10:46:33 - [TEST_STEP][NOT_RUN] - click: NOT_RUN: click

2560-11-01 10:46:33 - [MESSAGE][NOT_RUN] - NOT_RUN: click

2560-11-01 10:46:33 - [TEST_STEP][NOT_RUN] - click: NOT_RUN: click

2560-11-01 10:46:33 - [MESSAGE][NOT_RUN] - NOT_RUN: click

2560-11-01 10:46:33 - [TEST_STEP][NOT_RUN] - uploadFile: NOT_RUN: uploadFile

2560-11-01 10:46:33 - [MESSAGE][NOT_RUN] - NOT_RUN: uploadFile

2560-11-01 10:46:33 - [TEST_STEP][NOT_RUN] - waitForElementClickable: NOT_RUN: waitForElementClickable

2560-11-01 10:46:33 - [MESSAGE][NOT_RUN] - NOT_RUN: waitForElementClickable

2560-11-01 10:46:33 - [TEST_STEP][NOT_RUN] - click: NOT_RUN: click

2560-11-01 10:46:33 - [MESSAGE][NOT_RUN] - NOT_RUN: click

2560-11-01 10:46:33 - [TEST_STEP][NOT_RUN] - waitForElementNotPresent: NOT_RUN: waitForElementNotPresent

2560-11-01 10:46:33 - [MESSAGE][NOT_RUN] - NOT_RUN: waitForElementNotPresent

2560-11-01 10:46:33 - [TEST_STEP][NOT_RUN] - selectOptionByValue: NOT_RUN: selectOptionByValue

2560-11-01 10:46:33 - [MESSAGE][NOT_RUN] - NOT_RUN: selectOptionByValue

2560-11-01 10:46:33 - [TEST_STEP][NOT_RUN] - check: NOT_RUN: check

2560-11-01 10:46:33 - [MESSAGE][NOT_RUN] - NOT_RUN: check

2560-11-01 10:46:33 - [TEST_STEP][NOT_RUN] - click: NOT_RUN: click

2560-11-01 10:46:33 - [MESSAGE][NOT_RUN] - NOT_RUN: click

2560-11-01 10:46:33 - [TEST_STEP][NOT_RUN] - waitForElementNotPresent: NOT_RUN: waitForElementNotPresent

2560-11-01 10:46:33 - [MESSAGE][NOT_RUN] - NOT_RUN: waitForElementNotPresent

2560-11-01 10:46:33 - [TEST_STEP][NOT_RUN] - check: NOT_RUN: check

2560-11-01 10:46:33 - [MESSAGE][NOT_RUN] - NOT_RUN: check

2560-11-01 10:46:33 - [TEST_STEP][NOT_RUN] - scrollToElement: NOT_RUN: scrollToElement

2560-11-01 10:46:33 - [MESSAGE][NOT_RUN] - NOT_RUN: scrollToElement

2560-11-01 10:46:33 - [TEST_STEP][NOT_RUN] - click: NOT_RUN: click

2560-11-01 10:46:33 - [MESSAGE][NOT_RUN] - NOT_RUN: click

2560-11-01 10:46:33 - [TEST_STEP][NOT_RUN] - click: NOT_RUN: click

2560-11-01 10:46:33 - [MESSAGE][NOT_RUN] - NOT_RUN: click

2560-11-01 10:46:33 - [TEST_STEP][FAILED] - click: Unable to click on object 'Object Repository/Display select all list/Page_Guru TMDA (2)/label_Select All' (Root cause: org.openqa.selenium.remote.UnreachableBrowserException: Error communicating with the remote browser. It may have died.
Build info: version: '2.53.0', revision: '35ae25b', time: '2016-03-15 17:00:58'
System info: host: 'DESKTOP-RAL8DT3', ip: '192.168.11.187', os.name: 'Windows 10', os.arch: 'amd64', os.version: '10.0', java.version: '1.8.0_102'
Driver info: driver.version: RemoteWebDriver
Capabilities [{applicationCacheEnabled=true, rotatable=false, handlesAlerts=true, databaseEnabled=true, version=56.0, platform=WINDOWS, nativeEvents=false, acceptSslCerts=true, webStorageEnabled=true, locationContextEnabled=true, browserName=firefox, takesScreenshot=true, javascriptEnabled=true, cssSelectorsEnabled=true}]
Session ID: c92e5ce0-abce-462e-a2b0-00c6f0ff3de8)

2560-11-01 10:46:35 - [MESSAGE][WARNING] - Cannot take screenshot

2560-11-01 10:46:35 - [MESSAGE][FAILED] - Unable to click on object 'Object Repository/Display select all list/Page_Guru TMDA (2)/label_Select All' (Root cause: org.openqa.selenium.remote.UnreachableBrowserException: Error communicating with the remote browser. It may have died.
Build info: version: '2.53.0', revision: '35ae25b', time: '2016-03-15 17:00:58'
System info: host: 'DESKTOP-RAL8DT3', ip: '192.168.11.187', os.name: 'Windows 10', os.arch: 'amd64', os.version: '10.0', java.version: '1.8.0_102'
Driver info: driver.version: RemoteWebDriver
Capabilities [{applicationCacheEnabled=true, rotatable=false, handlesAlerts=true, databaseEnabled=true, version=56.0, platform=WINDOWS, nativeEvents=false, acceptSslCerts=true, webStorageEnabled=true, locationContextEnabled=true, browserName=firefox, takesScreenshot=true, javascriptEnabled=true, cssSelectorsEnabled=true}]
Session ID: c92e5ce0-abce-462e-a2b0-00c6f0ff3de8)

2560-11-01 10:46:35 - [TEST_STEP][FAILED] - click: Unable to click on object 'Object Repository/Display select all list/Page_Guru TMDA (2)/label_Select All' (Root cause: org.openqa.selenium.remote.UnreachableBrowserException: Error communicating with the remote browser. It may have died.
Build info: version: '2.53.0', revision: '35ae25b', time: '2016-03-15 17:00:58'
System info: host: 'DESKTOP-RAL8DT3', ip: '192.168.11.187', os.name: 'Windows 10', os.arch: 'amd64', os.version: '10.0', java.version: '1.8.0_102'
Driver info: driver.version: RemoteWebDriver
Capabilities [{applicationCacheEnabled=true, rotatable=false, handlesAlerts=true, databaseEnabled=true, version=56.0, platform=WINDOWS, nativeEvents=false, acceptSslCerts=true, webStorageEnabled=true, locationContextEnabled=true, browserName=firefox, takesScreenshot=true, javascriptEnabled=true, cssSelectorsEnabled=true}]
Session ID: c92e5ce0-abce-462e-a2b0-00c6f0ff3de8)

2560-11-01 10:46:37 - [MESSAGE][WARNING] - Cannot take screenshot

2560-11-01 10:46:37 - [MESSAGE][FAILED] - Unable to click on object 'Object Repository/Display select all list/Page_Guru TMDA (2)/label_Select All' (Root cause: org.openqa.selenium.remote.UnreachableBrowserException: Error communicating with the remote browser. It may have died.
Build info: version: '2.53.0', revision: '35ae25b', time: '2016-03-15 17:00:58'
System info: host: 'DESKTOP-RAL8DT3', ip: '192.168.11.187', os.name: 'Windows 10', os.arch: 'amd64', os.version: '10.0', java.version: '1.8.0_102'
Driver info: driver.version: RemoteWebDriver
Capabilities [{applicationCacheEnabled=true, rotatable=false, handlesAlerts=true, databaseEnabled=true, version=56.0, platform=WINDOWS, nativeEvents=false, acceptSslCerts=true, webStorageEnabled=true, locationContextEnabled=true, browserName=firefox, takesScreenshot=true, javascriptEnabled=true, cssSelectorsEnabled=true}]
Session ID: c92e5ce0-abce-462e-a2b0-00c6f0ff3de8)

2560-11-01 10:46:37 - [TEST_STEP][FAILED] - check: Unable to check object 'Object Repository/Display Private reason list/label_Private Reason' (Root cause: org.openqa.selenium.remote.UnreachableBrowserException: Error communicating with the remote browser. It may have died.
Build info: version: '2.53.0', revision: '35ae25b', time: '2016-03-15 17:00:58'
System info: host: 'DESKTOP-RAL8DT3', ip: '192.168.11.187', os.name: 'Windows 10', os.arch: 'amd64', os.version: '10.0', java.version: '1.8.0_102'
Driver info: driver.version: RemoteWebDriver
Capabilities [{applicationCacheEnabled=true, rotatable=false, handlesAlerts=true, databaseEnabled=true, version=56.0, platform=WINDOWS, nativeEvents=false, acceptSslCerts=true, webStorageEnabled=true, locationContextEnabled=true, browserName=firefox, takesScreenshot=true, javascriptEnabled=true, cssSelectorsEnabled=true}]
Session ID: c92e5ce0-abce-462e-a2b0-00c6f0ff3de8)

2560-11-01 10:46:39 - [MESSAGE][WARNING] - Cannot take screenshot

2560-11-01 10:46:39 - [MESSAGE][FAILED] - Unable to check object 'Object Repository/Display Private reason list/label_Private Reason' (Root cause: org.openqa.selenium.remote.UnreachableBrowserException: Error communicating with the remote browser. It may have died.
Build info: version: '2.53.0', revision: '35ae25b', time: '2016-03-15 17:00:58'
System info: host: 'DESKTOP-RAL8DT3', ip: '192.168.11.187', os.name: 'Windows 10', os.arch: 'amd64', os.version: '10.0', java.version: '1.8.0_102'
Driver info: driver.version: RemoteWebDriver
Capabilities [{applicationCacheEnabled=true, rotatable=false, handlesAlerts=true, databaseEnabled=true, version=56.0, platform=WINDOWS, nativeEvents=false, acceptSslCerts=true, webStorageEnabled=true, locationContextEnabled=true, browserName=firefox, takesScreenshot=true, javascriptEnabled=true, cssSelectorsEnabled=true}]
Session ID: c92e5ce0-abce-462e-a2b0-00c6f0ff3de8)

2560-11-01 10:46:39 - [TEST_STEP][FAILED] - verifyElementPresent: Unable to verify object 'Object Repository/Display Accessibility list/Page_Guru TMDA (2)/div_row' is present (Root cause: org.openqa.selenium.remote.UnreachableBrowserException: Error communicating with the remote browser. It may have died.
Build info: version: '2.53.0', revision: '35ae25b', time: '2016-03-15 17:00:58'
System info: host: 'DESKTOP-RAL8DT3', ip: '192.168.11.187', os.name: 'Windows 10', os.arch: 'amd64', os.version: '10.0', java.version: '1.8.0_102'
Driver info: driver.version: RemoteWebDriver
Capabilities [{applicationCacheEnabled=true, rotatable=false, handlesAlerts=true, databaseEnabled=true, version=56.0, platform=WINDOWS, nativeEvents=false, acceptSslCerts=true, webStorageEnabled=true, locationContextEnabled=true, browserName=firefox, takesScreenshot=true, javascriptEnabled=true, cssSelectorsEnabled=true}]
Session ID: c92e5ce0-abce-462e-a2b0-00c6f0ff3de8)

2560-11-01 10:46:42 - [MESSAGE][WARNING] - Cannot take screenshot

2560-11-01 10:46:42 - [MESSAGE][FAILED] - Unable to verify object 'Object Repository/Display Accessibility list/Page_Guru TMDA (2)/div_row' is present (Root cause: org.openqa.selenium.remote.UnreachableBrowserException: Error communicating with the remote browser. It may have died.
Build info: version: '2.53.0', revision: '35ae25b', time: '2016-03-15 17:00:58'
System info: host: 'DESKTOP-RAL8DT3', ip: '192.168.11.187', os.name: 'Windows 10', os.arch: 'amd64', os.version: '10.0', java.version: '1.8.0_102'
Driver info: driver.version: RemoteWebDriver
Capabilities [{applicationCacheEnabled=true, rotatable=false, handlesAlerts=true, databaseEnabled=true, version=56.0, platform=WINDOWS, nativeEvents=false, acceptSslCerts=true, webStorageEnabled=true, locationContextEnabled=true, browserName=firefox, takesScreenshot=true, javascriptEnabled=true, cssSelectorsEnabled=true}]
Session ID: c92e5ce0-abce-462e-a2b0-00c6f0ff3de8)

2560-11-01 10:46:42 - [TEST_STEP][NOT_RUN] - closeBrowser: NOT_RUN: closeBrowser

2560-11-01 10:46:42 - [MESSAGE][NOT_RUN] - NOT_RUN: closeBrowser]]></system-out>
         <system-err><![CDATA[2560-11-01 10:46:33 - [TEST_CASE][FAILED] - Test Cases/Basic work/Predicted Multiple Verbatim/Prediction in details display Private Reason list: Test Cases/Basic work/Predicted Multiple Verbatim/Prediction in details display Private Reason list FAILED because (of) Unable to click on object 'Object Repository/Display select all list/Page_Guru TMDA (2)/label_Select All' (Root cause: org.openqa.selenium.remote.UnreachableBrowserException: Error communicating with the remote browser. It may have died.
Build info: version: '2.53.0', revision: '35ae25b', time: '2016-03-15 17:00:58'
System info: host: 'DESKTOP-RAL8DT3', ip: '192.168.11.187', os.name: 'Windows 10', os.arch: 'amd64', os.version: '10.0', java.version: '1.8.0_102'
Driver info: driver.version: RemoteWebDriver
Capabilities [{applicationCacheEnabled=true, rotatable=false, handlesAlerts=true, databaseEnabled=true, version=56.0, platform=WINDOWS, nativeEvents=false, acceptSslCerts=true, webStorageEnabled=true, locationContextEnabled=true, browserName=firefox, takesScreenshot=true, javascriptEnabled=true, cssSelectorsEnabled=true}]
Session ID: c92e5ce0-abce-462e-a2b0-00c6f0ff3de8)]]></system-err>
      </testcase>
      <testcase name="Test Cases/Basic work/Predicted Multiple Verbatim/Prediction in details display Process list" classname="Test Cases/Basic work/Predicted Multiple Verbatim/Prediction in details display Process list" status="FAILED">
         <failure type="FAILED" message="Unable to click on object 'Object Repository/Display select all list/Page_Guru TMDA (2)/label_Select All' (Root cause: org.openqa.selenium.remote.UnreachableBrowserException: Error communicating with the remote browser. It may have died.
Build info: version: '2.53.0', revision: '35ae25b', time: '2016-03-15 17:00:58'
System info: host: 'DESKTOP-RAL8DT3', ip: '192.168.11.187', os.name: 'Windows 10', os.arch: 'amd64', os.version: '10.0', java.version: '1.8.0_102'
Driver info: driver.version: RemoteWebDriver
Capabilities [{applicationCacheEnabled=true, rotatable=false, handlesAlerts=true, databaseEnabled=true, version=56.0, platform=WINDOWS, nativeEvents=false, acceptSslCerts=true, webStorageEnabled=true, locationContextEnabled=true, browserName=firefox, takesScreenshot=true, javascriptEnabled=true, cssSelectorsEnabled=true}]
Session ID: c92e5ce0-abce-462e-a2b0-00c6f0ff3de8)"/>
         <system-out><![CDATA[2560-11-01 10:46:42 - [TEST_CASE][FAILED] - Test Cases/Basic work/Predicted Multiple Verbatim/Prediction in details display Process list: Test Cases/Basic work/Predicted Multiple Verbatim/Prediction in details display Process list FAILED because (of) Unable to click on object 'Object Repository/Display select all list/Page_Guru TMDA (2)/label_Select All' (Root cause: org.openqa.selenium.remote.UnreachableBrowserException: Error communicating with the remote browser. It may have died.
Build info: version: '2.53.0', revision: '35ae25b', time: '2016-03-15 17:00:58'
System info: host: 'DESKTOP-RAL8DT3', ip: '192.168.11.187', os.name: 'Windows 10', os.arch: 'amd64', os.version: '10.0', java.version: '1.8.0_102'
Driver info: driver.version: RemoteWebDriver
Capabilities [{applicationCacheEnabled=true, rotatable=false, handlesAlerts=true, databaseEnabled=true, version=56.0, platform=WINDOWS, nativeEvents=false, acceptSslCerts=true, webStorageEnabled=true, locationContextEnabled=true, browserName=firefox, takesScreenshot=true, javascriptEnabled=true, cssSelectorsEnabled=true}]
Session ID: c92e5ce0-abce-462e-a2b0-00c6f0ff3de8)

2560-11-01 10:46:42 - [TEST_STEP][NOT_RUN] - openBrowser: NOT_RUN: openBrowser

2560-11-01 10:46:42 - [MESSAGE][NOT_RUN] - NOT_RUN: openBrowser

2560-11-01 10:46:42 - [TEST_STEP][NOT_RUN] - maximizeWindow: NOT_RUN: maximizeWindow

2560-11-01 10:46:42 - [MESSAGE][NOT_RUN] - NOT_RUN: maximizeWindow

2560-11-01 10:46:42 - [TEST_STEP][NOT_RUN] - navigateToUrl: NOT_RUN: navigateToUrl

2560-11-01 10:46:42 - [MESSAGE][NOT_RUN] - NOT_RUN: navigateToUrl

2560-11-01 10:46:42 - [TEST_STEP][NOT_RUN] - click: NOT_RUN: click

2560-11-01 10:46:42 - [MESSAGE][NOT_RUN] - NOT_RUN: click

2560-11-01 10:46:42 - [TEST_STEP][NOT_RUN] - setText: NOT_RUN: setText

2560-11-01 10:46:42 - [MESSAGE][NOT_RUN] - NOT_RUN: setText

2560-11-01 10:46:42 - [TEST_STEP][NOT_RUN] - setText: NOT_RUN: setText

2560-11-01 10:46:42 - [MESSAGE][NOT_RUN] - NOT_RUN: setText

2560-11-01 10:46:42 - [TEST_STEP][NOT_RUN] - click: NOT_RUN: click

2560-11-01 10:46:42 - [MESSAGE][NOT_RUN] - NOT_RUN: click

2560-11-01 10:46:42 - [TEST_STEP][NOT_RUN] - click: NOT_RUN: click

2560-11-01 10:46:42 - [MESSAGE][NOT_RUN] - NOT_RUN: click

2560-11-01 10:46:42 - [TEST_STEP][NOT_RUN] - click: NOT_RUN: click

2560-11-01 10:46:42 - [MESSAGE][NOT_RUN] - NOT_RUN: click

2560-11-01 10:46:42 - [TEST_STEP][NOT_RUN] - uploadFile: NOT_RUN: uploadFile

2560-11-01 10:46:42 - [MESSAGE][NOT_RUN] - NOT_RUN: uploadFile

2560-11-01 10:46:42 - [TEST_STEP][NOT_RUN] - waitForElementClickable: NOT_RUN: waitForElementClickable

2560-11-01 10:46:42 - [MESSAGE][NOT_RUN] - NOT_RUN: waitForElementClickable

2560-11-01 10:46:42 - [TEST_STEP][NOT_RUN] - click: NOT_RUN: click

2560-11-01 10:46:42 - [MESSAGE][NOT_RUN] - NOT_RUN: click

2560-11-01 10:46:42 - [TEST_STEP][NOT_RUN] - waitForElementNotPresent: NOT_RUN: waitForElementNotPresent

2560-11-01 10:46:42 - [MESSAGE][NOT_RUN] - NOT_RUN: waitForElementNotPresent

2560-11-01 10:46:42 - [TEST_STEP][NOT_RUN] - selectOptionByValue: NOT_RUN: selectOptionByValue

2560-11-01 10:46:42 - [MESSAGE][NOT_RUN] - NOT_RUN: selectOptionByValue

2560-11-01 10:46:42 - [TEST_STEP][NOT_RUN] - check: NOT_RUN: check

2560-11-01 10:46:42 - [MESSAGE][NOT_RUN] - NOT_RUN: check

2560-11-01 10:46:42 - [TEST_STEP][NOT_RUN] - click: NOT_RUN: click

2560-11-01 10:46:42 - [MESSAGE][NOT_RUN] - NOT_RUN: click

2560-11-01 10:46:42 - [TEST_STEP][NOT_RUN] - waitForElementNotPresent: NOT_RUN: waitForElementNotPresent

2560-11-01 10:46:42 - [MESSAGE][NOT_RUN] - NOT_RUN: waitForElementNotPresent

2560-11-01 10:46:42 - [TEST_STEP][NOT_RUN] - check: NOT_RUN: check

2560-11-01 10:46:42 - [MESSAGE][NOT_RUN] - NOT_RUN: check

2560-11-01 10:46:42 - [TEST_STEP][NOT_RUN] - scrollToElement: NOT_RUN: scrollToElement

2560-11-01 10:46:42 - [MESSAGE][NOT_RUN] - NOT_RUN: scrollToElement

2560-11-01 10:46:42 - [TEST_STEP][NOT_RUN] - click: NOT_RUN: click

2560-11-01 10:46:42 - [MESSAGE][NOT_RUN] - NOT_RUN: click

2560-11-01 10:46:42 - [TEST_STEP][NOT_RUN] - click: NOT_RUN: click

2560-11-01 10:46:42 - [MESSAGE][NOT_RUN] - NOT_RUN: click

2560-11-01 10:46:42 - [TEST_STEP][FAILED] - click: Unable to click on object 'Object Repository/Display select all list/Page_Guru TMDA (2)/label_Select All' (Root cause: org.openqa.selenium.remote.UnreachableBrowserException: Error communicating with the remote browser. It may have died.
Build info: version: '2.53.0', revision: '35ae25b', time: '2016-03-15 17:00:58'
System info: host: 'DESKTOP-RAL8DT3', ip: '192.168.11.187', os.name: 'Windows 10', os.arch: 'amd64', os.version: '10.0', java.version: '1.8.0_102'
Driver info: driver.version: RemoteWebDriver
Capabilities [{applicationCacheEnabled=true, rotatable=false, handlesAlerts=true, databaseEnabled=true, version=56.0, platform=WINDOWS, nativeEvents=false, acceptSslCerts=true, webStorageEnabled=true, locationContextEnabled=true, browserName=firefox, takesScreenshot=true, javascriptEnabled=true, cssSelectorsEnabled=true}]
Session ID: c92e5ce0-abce-462e-a2b0-00c6f0ff3de8)

2560-11-01 10:46:44 - [MESSAGE][WARNING] - Cannot take screenshot

2560-11-01 10:46:44 - [MESSAGE][FAILED] - Unable to click on object 'Object Repository/Display select all list/Page_Guru TMDA (2)/label_Select All' (Root cause: org.openqa.selenium.remote.UnreachableBrowserException: Error communicating with the remote browser. It may have died.
Build info: version: '2.53.0', revision: '35ae25b', time: '2016-03-15 17:00:58'
System info: host: 'DESKTOP-RAL8DT3', ip: '192.168.11.187', os.name: 'Windows 10', os.arch: 'amd64', os.version: '10.0', java.version: '1.8.0_102'
Driver info: driver.version: RemoteWebDriver
Capabilities [{applicationCacheEnabled=true, rotatable=false, handlesAlerts=true, databaseEnabled=true, version=56.0, platform=WINDOWS, nativeEvents=false, acceptSslCerts=true, webStorageEnabled=true, locationContextEnabled=true, browserName=firefox, takesScreenshot=true, javascriptEnabled=true, cssSelectorsEnabled=true}]
Session ID: c92e5ce0-abce-462e-a2b0-00c6f0ff3de8)

2560-11-01 10:46:44 - [TEST_STEP][FAILED] - click: Unable to click on object 'Object Repository/Display select all list/Page_Guru TMDA (2)/label_Select All' (Root cause: org.openqa.selenium.remote.UnreachableBrowserException: Error communicating with the remote browser. It may have died.
Build info: version: '2.53.0', revision: '35ae25b', time: '2016-03-15 17:00:58'
System info: host: 'DESKTOP-RAL8DT3', ip: '192.168.11.187', os.name: 'Windows 10', os.arch: 'amd64', os.version: '10.0', java.version: '1.8.0_102'
Driver info: driver.version: RemoteWebDriver
Capabilities [{applicationCacheEnabled=true, rotatable=false, handlesAlerts=true, databaseEnabled=true, version=56.0, platform=WINDOWS, nativeEvents=false, acceptSslCerts=true, webStorageEnabled=true, locationContextEnabled=true, browserName=firefox, takesScreenshot=true, javascriptEnabled=true, cssSelectorsEnabled=true}]
Session ID: c92e5ce0-abce-462e-a2b0-00c6f0ff3de8)

2560-11-01 10:46:46 - [MESSAGE][WARNING] - Cannot take screenshot

2560-11-01 10:46:46 - [MESSAGE][FAILED] - Unable to click on object 'Object Repository/Display select all list/Page_Guru TMDA (2)/label_Select All' (Root cause: org.openqa.selenium.remote.UnreachableBrowserException: Error communicating with the remote browser. It may have died.
Build info: version: '2.53.0', revision: '35ae25b', time: '2016-03-15 17:00:58'
System info: host: 'DESKTOP-RAL8DT3', ip: '192.168.11.187', os.name: 'Windows 10', os.arch: 'amd64', os.version: '10.0', java.version: '1.8.0_102'
Driver info: driver.version: RemoteWebDriver
Capabilities [{applicationCacheEnabled=true, rotatable=false, handlesAlerts=true, databaseEnabled=true, version=56.0, platform=WINDOWS, nativeEvents=false, acceptSslCerts=true, webStorageEnabled=true, locationContextEnabled=true, browserName=firefox, takesScreenshot=true, javascriptEnabled=true, cssSelectorsEnabled=true}]
Session ID: c92e5ce0-abce-462e-a2b0-00c6f0ff3de8)

2560-11-01 10:46:46 - [TEST_STEP][FAILED] - check: Unable to check object 'Object Repository/Display Process list/label_Process' (Root cause: org.openqa.selenium.remote.UnreachableBrowserException: Error communicating with the remote browser. It may have died.
Build info: version: '2.53.0', revision: '35ae25b', time: '2016-03-15 17:00:58'
System info: host: 'DESKTOP-RAL8DT3', ip: '192.168.11.187', os.name: 'Windows 10', os.arch: 'amd64', os.version: '10.0', java.version: '1.8.0_102'
Driver info: driver.version: RemoteWebDriver
Capabilities [{applicationCacheEnabled=true, rotatable=false, handlesAlerts=true, databaseEnabled=true, version=56.0, platform=WINDOWS, nativeEvents=false, acceptSslCerts=true, webStorageEnabled=true, locationContextEnabled=true, browserName=firefox, takesScreenshot=true, javascriptEnabled=true, cssSelectorsEnabled=true}]
Session ID: c92e5ce0-abce-462e-a2b0-00c6f0ff3de8)

2560-11-01 10:46:48 - [MESSAGE][WARNING] - Cannot take screenshot

2560-11-01 10:46:48 - [MESSAGE][FAILED] - Unable to check object 'Object Repository/Display Process list/label_Process' (Root cause: org.openqa.selenium.remote.UnreachableBrowserException: Error communicating with the remote browser. It may have died.
Build info: version: '2.53.0', revision: '35ae25b', time: '2016-03-15 17:00:58'
System info: host: 'DESKTOP-RAL8DT3', ip: '192.168.11.187', os.name: 'Windows 10', os.arch: 'amd64', os.version: '10.0', java.version: '1.8.0_102'
Driver info: driver.version: RemoteWebDriver
Capabilities [{applicationCacheEnabled=true, rotatable=false, handlesAlerts=true, databaseEnabled=true, version=56.0, platform=WINDOWS, nativeEvents=false, acceptSslCerts=true, webStorageEnabled=true, locationContextEnabled=true, browserName=firefox, takesScreenshot=true, javascriptEnabled=true, cssSelectorsEnabled=true}]
Session ID: c92e5ce0-abce-462e-a2b0-00c6f0ff3de8)

2560-11-01 10:46:48 - [TEST_STEP][FAILED] - verifyElementPresent: Unable to verify object 'Object Repository/Display Accessibility list/Page_Guru TMDA (2)/div_row' is present (Root cause: org.openqa.selenium.remote.UnreachableBrowserException: Error communicating with the remote browser. It may have died.
Build info: version: '2.53.0', revision: '35ae25b', time: '2016-03-15 17:00:58'
System info: host: 'DESKTOP-RAL8DT3', ip: '192.168.11.187', os.name: 'Windows 10', os.arch: 'amd64', os.version: '10.0', java.version: '1.8.0_102'
Driver info: driver.version: RemoteWebDriver
Capabilities [{applicationCacheEnabled=true, rotatable=false, handlesAlerts=true, databaseEnabled=true, version=56.0, platform=WINDOWS, nativeEvents=false, acceptSslCerts=true, webStorageEnabled=true, locationContextEnabled=true, browserName=firefox, takesScreenshot=true, javascriptEnabled=true, cssSelectorsEnabled=true}]
Session ID: c92e5ce0-abce-462e-a2b0-00c6f0ff3de8)

2560-11-01 10:46:50 - [MESSAGE][WARNING] - Cannot take screenshot

2560-11-01 10:46:50 - [MESSAGE][FAILED] - Unable to verify object 'Object Repository/Display Accessibility list/Page_Guru TMDA (2)/div_row' is present (Root cause: org.openqa.selenium.remote.UnreachableBrowserException: Error communicating with the remote browser. It may have died.
Build info: version: '2.53.0', revision: '35ae25b', time: '2016-03-15 17:00:58'
System info: host: 'DESKTOP-RAL8DT3', ip: '192.168.11.187', os.name: 'Windows 10', os.arch: 'amd64', os.version: '10.0', java.version: '1.8.0_102'
Driver info: driver.version: RemoteWebDriver
Capabilities [{applicationCacheEnabled=true, rotatable=false, handlesAlerts=true, databaseEnabled=true, version=56.0, platform=WINDOWS, nativeEvents=false, acceptSslCerts=true, webStorageEnabled=true, locationContextEnabled=true, browserName=firefox, takesScreenshot=true, javascriptEnabled=true, cssSelectorsEnabled=true}]
Session ID: c92e5ce0-abce-462e-a2b0-00c6f0ff3de8)

2560-11-01 10:46:50 - [TEST_STEP][NOT_RUN] - closeBrowser: NOT_RUN: closeBrowser

2560-11-01 10:46:50 - [MESSAGE][NOT_RUN] - NOT_RUN: closeBrowser]]></system-out>
         <system-err><![CDATA[2560-11-01 10:46:42 - [TEST_CASE][FAILED] - Test Cases/Basic work/Predicted Multiple Verbatim/Prediction in details display Process list: Test Cases/Basic work/Predicted Multiple Verbatim/Prediction in details display Process list FAILED because (of) Unable to click on object 'Object Repository/Display select all list/Page_Guru TMDA (2)/label_Select All' (Root cause: org.openqa.selenium.remote.UnreachableBrowserException: Error communicating with the remote browser. It may have died.
Build info: version: '2.53.0', revision: '35ae25b', time: '2016-03-15 17:00:58'
System info: host: 'DESKTOP-RAL8DT3', ip: '192.168.11.187', os.name: 'Windows 10', os.arch: 'amd64', os.version: '10.0', java.version: '1.8.0_102'
Driver info: driver.version: RemoteWebDriver
Capabilities [{applicationCacheEnabled=true, rotatable=false, handlesAlerts=true, databaseEnabled=true, version=56.0, platform=WINDOWS, nativeEvents=false, acceptSslCerts=true, webStorageEnabled=true, locationContextEnabled=true, browserName=firefox, takesScreenshot=true, javascriptEnabled=true, cssSelectorsEnabled=true}]
Session ID: c92e5ce0-abce-462e-a2b0-00c6f0ff3de8)]]></system-err>
      </testcase>
      <testcase name="Test Cases/Basic work/Predicted Multiple Verbatim/Prediction in details display Product Feature list" classname="Test Cases/Basic work/Predicted Multiple Verbatim/Prediction in details display Product Feature list" status="FAILED">
         <failure type="FAILED" message="Unable to click on object 'Object Repository/Display select all list/Page_Guru TMDA (2)/label_Select All' (Root cause: org.openqa.selenium.remote.UnreachableBrowserException: Error communicating with the remote browser. It may have died.
Build info: version: '2.53.0', revision: '35ae25b', time: '2016-03-15 17:00:58'
System info: host: 'DESKTOP-RAL8DT3', ip: '192.168.11.187', os.name: 'Windows 10', os.arch: 'amd64', os.version: '10.0', java.version: '1.8.0_102'
Driver info: driver.version: RemoteWebDriver
Capabilities [{applicationCacheEnabled=true, rotatable=false, handlesAlerts=true, databaseEnabled=true, version=56.0, platform=WINDOWS, nativeEvents=false, acceptSslCerts=true, webStorageEnabled=true, locationContextEnabled=true, browserName=firefox, takesScreenshot=true, javascriptEnabled=true, cssSelectorsEnabled=true}]
Session ID: c92e5ce0-abce-462e-a2b0-00c6f0ff3de8)"/>
         <system-out><![CDATA[2560-11-01 10:46:50 - [TEST_CASE][FAILED] - Test Cases/Basic work/Predicted Multiple Verbatim/Prediction in details display Product Feature list: Test Cases/Basic work/Predicted Multiple Verbatim/Prediction in details display Product Feature list FAILED because (of) Unable to click on object 'Object Repository/Display select all list/Page_Guru TMDA (2)/label_Select All' (Root cause: org.openqa.selenium.remote.UnreachableBrowserException: Error communicating with the remote browser. It may have died.
Build info: version: '2.53.0', revision: '35ae25b', time: '2016-03-15 17:00:58'
System info: host: 'DESKTOP-RAL8DT3', ip: '192.168.11.187', os.name: 'Windows 10', os.arch: 'amd64', os.version: '10.0', java.version: '1.8.0_102'
Driver info: driver.version: RemoteWebDriver
Capabilities [{applicationCacheEnabled=true, rotatable=false, handlesAlerts=true, databaseEnabled=true, version=56.0, platform=WINDOWS, nativeEvents=false, acceptSslCerts=true, webStorageEnabled=true, locationContextEnabled=true, browserName=firefox, takesScreenshot=true, javascriptEnabled=true, cssSelectorsEnabled=true}]
Session ID: c92e5ce0-abce-462e-a2b0-00c6f0ff3de8)

2560-11-01 10:46:50 - [TEST_STEP][NOT_RUN] - openBrowser: NOT_RUN: openBrowser

2560-11-01 10:46:50 - [MESSAGE][NOT_RUN] - NOT_RUN: openBrowser

2560-11-01 10:46:50 - [TEST_STEP][NOT_RUN] - maximizeWindow: NOT_RUN: maximizeWindow

2560-11-01 10:46:50 - [MESSAGE][NOT_RUN] - NOT_RUN: maximizeWindow

2560-11-01 10:46:50 - [TEST_STEP][NOT_RUN] - navigateToUrl: NOT_RUN: navigateToUrl

2560-11-01 10:46:50 - [MESSAGE][NOT_RUN] - NOT_RUN: navigateToUrl

2560-11-01 10:46:50 - [TEST_STEP][NOT_RUN] - click: NOT_RUN: click

2560-11-01 10:46:50 - [MESSAGE][NOT_RUN] - NOT_RUN: click

2560-11-01 10:46:50 - [TEST_STEP][NOT_RUN] - setText: NOT_RUN: setText

2560-11-01 10:46:50 - [MESSAGE][NOT_RUN] - NOT_RUN: setText

2560-11-01 10:46:50 - [TEST_STEP][NOT_RUN] - setText: NOT_RUN: setText

2560-11-01 10:46:50 - [MESSAGE][NOT_RUN] - NOT_RUN: setText

2560-11-01 10:46:50 - [TEST_STEP][NOT_RUN] - click: NOT_RUN: click

2560-11-01 10:46:50 - [MESSAGE][NOT_RUN] - NOT_RUN: click

2560-11-01 10:46:50 - [TEST_STEP][NOT_RUN] - click: NOT_RUN: click

2560-11-01 10:46:50 - [MESSAGE][NOT_RUN] - NOT_RUN: click

2560-11-01 10:46:50 - [TEST_STEP][NOT_RUN] - click: NOT_RUN: click

2560-11-01 10:46:50 - [MESSAGE][NOT_RUN] - NOT_RUN: click

2560-11-01 10:46:50 - [TEST_STEP][NOT_RUN] - uploadFile: NOT_RUN: uploadFile

2560-11-01 10:46:50 - [MESSAGE][NOT_RUN] - NOT_RUN: uploadFile

2560-11-01 10:46:50 - [TEST_STEP][NOT_RUN] - waitForElementClickable: NOT_RUN: waitForElementClickable

2560-11-01 10:46:50 - [MESSAGE][NOT_RUN] - NOT_RUN: waitForElementClickable

2560-11-01 10:46:50 - [TEST_STEP][NOT_RUN] - click: NOT_RUN: click

2560-11-01 10:46:50 - [MESSAGE][NOT_RUN] - NOT_RUN: click

2560-11-01 10:46:50 - [TEST_STEP][NOT_RUN] - waitForElementNotPresent: NOT_RUN: waitForElementNotPresent

2560-11-01 10:46:50 - [MESSAGE][NOT_RUN] - NOT_RUN: waitForElementNotPresent

2560-11-01 10:46:50 - [TEST_STEP][NOT_RUN] - selectOptionByValue: NOT_RUN: selectOptionByValue

2560-11-01 10:46:50 - [MESSAGE][NOT_RUN] - NOT_RUN: selectOptionByValue

2560-11-01 10:46:50 - [TEST_STEP][NOT_RUN] - check: NOT_RUN: check

2560-11-01 10:46:50 - [MESSAGE][NOT_RUN] - NOT_RUN: check

2560-11-01 10:46:50 - [TEST_STEP][NOT_RUN] - click: NOT_RUN: click

2560-11-01 10:46:50 - [MESSAGE][NOT_RUN] - NOT_RUN: click

2560-11-01 10:46:50 - [TEST_STEP][NOT_RUN] - waitForElementNotPresent: NOT_RUN: waitForElementNotPresent

2560-11-01 10:46:50 - [MESSAGE][NOT_RUN] - NOT_RUN: waitForElementNotPresent

2560-11-01 10:46:50 - [TEST_STEP][NOT_RUN] - check: NOT_RUN: check

2560-11-01 10:46:50 - [MESSAGE][NOT_RUN] - NOT_RUN: check

2560-11-01 10:46:50 - [TEST_STEP][NOT_RUN] - scrollToElement: NOT_RUN: scrollToElement

2560-11-01 10:46:50 - [MESSAGE][NOT_RUN] - NOT_RUN: scrollToElement

2560-11-01 10:46:50 - [TEST_STEP][NOT_RUN] - click: NOT_RUN: click

2560-11-01 10:46:50 - [MESSAGE][NOT_RUN] - NOT_RUN: click

2560-11-01 10:46:50 - [TEST_STEP][NOT_RUN] - click: NOT_RUN: click

2560-11-01 10:46:50 - [MESSAGE][NOT_RUN] - NOT_RUN: click

2560-11-01 10:46:50 - [TEST_STEP][FAILED] - click: Unable to click on object 'Object Repository/Display select all list/Page_Guru TMDA (2)/label_Select All' (Root cause: org.openqa.selenium.remote.UnreachableBrowserException: Error communicating with the remote browser. It may have died.
Build info: version: '2.53.0', revision: '35ae25b', time: '2016-03-15 17:00:58'
System info: host: 'DESKTOP-RAL8DT3', ip: '192.168.11.187', os.name: 'Windows 10', os.arch: 'amd64', os.version: '10.0', java.version: '1.8.0_102'
Driver info: driver.version: RemoteWebDriver
Capabilities [{applicationCacheEnabled=true, rotatable=false, handlesAlerts=true, databaseEnabled=true, version=56.0, platform=WINDOWS, nativeEvents=false, acceptSslCerts=true, webStorageEnabled=true, locationContextEnabled=true, browserName=firefox, takesScreenshot=true, javascriptEnabled=true, cssSelectorsEnabled=true}]
Session ID: c92e5ce0-abce-462e-a2b0-00c6f0ff3de8)

2560-11-01 10:46:52 - [MESSAGE][WARNING] - Cannot take screenshot

2560-11-01 10:46:52 - [MESSAGE][FAILED] - Unable to click on object 'Object Repository/Display select all list/Page_Guru TMDA (2)/label_Select All' (Root cause: org.openqa.selenium.remote.UnreachableBrowserException: Error communicating with the remote browser. It may have died.
Build info: version: '2.53.0', revision: '35ae25b', time: '2016-03-15 17:00:58'
System info: host: 'DESKTOP-RAL8DT3', ip: '192.168.11.187', os.name: 'Windows 10', os.arch: 'amd64', os.version: '10.0', java.version: '1.8.0_102'
Driver info: driver.version: RemoteWebDriver
Capabilities [{applicationCacheEnabled=true, rotatable=false, handlesAlerts=true, databaseEnabled=true, version=56.0, platform=WINDOWS, nativeEvents=false, acceptSslCerts=true, webStorageEnabled=true, locationContextEnabled=true, browserName=firefox, takesScreenshot=true, javascriptEnabled=true, cssSelectorsEnabled=true}]
Session ID: c92e5ce0-abce-462e-a2b0-00c6f0ff3de8)

2560-11-01 10:46:52 - [TEST_STEP][FAILED] - click: Unable to click on object 'Object Repository/Display select all list/Page_Guru TMDA (2)/label_Select All' (Root cause: org.openqa.selenium.remote.UnreachableBrowserException: Error communicating with the remote browser. It may have died.
Build info: version: '2.53.0', revision: '35ae25b', time: '2016-03-15 17:00:58'
System info: host: 'DESKTOP-RAL8DT3', ip: '192.168.11.187', os.name: 'Windows 10', os.arch: 'amd64', os.version: '10.0', java.version: '1.8.0_102'
Driver info: driver.version: RemoteWebDriver
Capabilities [{applicationCacheEnabled=true, rotatable=false, handlesAlerts=true, databaseEnabled=true, version=56.0, platform=WINDOWS, nativeEvents=false, acceptSslCerts=true, webStorageEnabled=true, locationContextEnabled=true, browserName=firefox, takesScreenshot=true, javascriptEnabled=true, cssSelectorsEnabled=true}]
Session ID: c92e5ce0-abce-462e-a2b0-00c6f0ff3de8)

2560-11-01 10:46:54 - [MESSAGE][WARNING] - Cannot take screenshot

2560-11-01 10:46:54 - [MESSAGE][FAILED] - Unable to click on object 'Object Repository/Display select all list/Page_Guru TMDA (2)/label_Select All' (Root cause: org.openqa.selenium.remote.UnreachableBrowserException: Error communicating with the remote browser. It may have died.
Build info: version: '2.53.0', revision: '35ae25b', time: '2016-03-15 17:00:58'
System info: host: 'DESKTOP-RAL8DT3', ip: '192.168.11.187', os.name: 'Windows 10', os.arch: 'amd64', os.version: '10.0', java.version: '1.8.0_102'
Driver info: driver.version: RemoteWebDriver
Capabilities [{applicationCacheEnabled=true, rotatable=false, handlesAlerts=true, databaseEnabled=true, version=56.0, platform=WINDOWS, nativeEvents=false, acceptSslCerts=true, webStorageEnabled=true, locationContextEnabled=true, browserName=firefox, takesScreenshot=true, javascriptEnabled=true, cssSelectorsEnabled=true}]
Session ID: c92e5ce0-abce-462e-a2b0-00c6f0ff3de8)

2560-11-01 10:46:54 - [TEST_STEP][FAILED] - check: Unable to check object 'Object Repository/Display product feature list/label_Product Feature' (Root cause: org.openqa.selenium.remote.UnreachableBrowserException: Error communicating with the remote browser. It may have died.
Build info: version: '2.53.0', revision: '35ae25b', time: '2016-03-15 17:00:58'
System info: host: 'DESKTOP-RAL8DT3', ip: '192.168.11.187', os.name: 'Windows 10', os.arch: 'amd64', os.version: '10.0', java.version: '1.8.0_102'
Driver info: driver.version: RemoteWebDriver
Capabilities [{applicationCacheEnabled=true, rotatable=false, handlesAlerts=true, databaseEnabled=true, version=56.0, platform=WINDOWS, nativeEvents=false, acceptSslCerts=true, webStorageEnabled=true, locationContextEnabled=true, browserName=firefox, takesScreenshot=true, javascriptEnabled=true, cssSelectorsEnabled=true}]
Session ID: c92e5ce0-abce-462e-a2b0-00c6f0ff3de8)

2560-11-01 10:46:56 - [MESSAGE][WARNING] - Cannot take screenshot

2560-11-01 10:46:56 - [MESSAGE][FAILED] - Unable to check object 'Object Repository/Display product feature list/label_Product Feature' (Root cause: org.openqa.selenium.remote.UnreachableBrowserException: Error communicating with the remote browser. It may have died.
Build info: version: '2.53.0', revision: '35ae25b', time: '2016-03-15 17:00:58'
System info: host: 'DESKTOP-RAL8DT3', ip: '192.168.11.187', os.name: 'Windows 10', os.arch: 'amd64', os.version: '10.0', java.version: '1.8.0_102'
Driver info: driver.version: RemoteWebDriver
Capabilities [{applicationCacheEnabled=true, rotatable=false, handlesAlerts=true, databaseEnabled=true, version=56.0, platform=WINDOWS, nativeEvents=false, acceptSslCerts=true, webStorageEnabled=true, locationContextEnabled=true, browserName=firefox, takesScreenshot=true, javascriptEnabled=true, cssSelectorsEnabled=true}]
Session ID: c92e5ce0-abce-462e-a2b0-00c6f0ff3de8)

2560-11-01 10:46:56 - [TEST_STEP][FAILED] - verifyElementPresent: Unable to verify object 'Object Repository/Display Accessibility list/Page_Guru TMDA (2)/div_row' is present (Root cause: org.openqa.selenium.remote.UnreachableBrowserException: Error communicating with the remote browser. It may have died.
Build info: version: '2.53.0', revision: '35ae25b', time: '2016-03-15 17:00:58'
System info: host: 'DESKTOP-RAL8DT3', ip: '192.168.11.187', os.name: 'Windows 10', os.arch: 'amd64', os.version: '10.0', java.version: '1.8.0_102'
Driver info: driver.version: RemoteWebDriver
Capabilities [{applicationCacheEnabled=true, rotatable=false, handlesAlerts=true, databaseEnabled=true, version=56.0, platform=WINDOWS, nativeEvents=false, acceptSslCerts=true, webStorageEnabled=true, locationContextEnabled=true, browserName=firefox, takesScreenshot=true, javascriptEnabled=true, cssSelectorsEnabled=true}]
Session ID: c92e5ce0-abce-462e-a2b0-00c6f0ff3de8)

2560-11-01 10:46:58 - [MESSAGE][WARNING] - Cannot take screenshot

2560-11-01 10:46:58 - [MESSAGE][FAILED] - Unable to verify object 'Object Repository/Display Accessibility list/Page_Guru TMDA (2)/div_row' is present (Root cause: org.openqa.selenium.remote.UnreachableBrowserException: Error communicating with the remote browser. It may have died.
Build info: version: '2.53.0', revision: '35ae25b', time: '2016-03-15 17:00:58'
System info: host: 'DESKTOP-RAL8DT3', ip: '192.168.11.187', os.name: 'Windows 10', os.arch: 'amd64', os.version: '10.0', java.version: '1.8.0_102'
Driver info: driver.version: RemoteWebDriver
Capabilities [{applicationCacheEnabled=true, rotatable=false, handlesAlerts=true, databaseEnabled=true, version=56.0, platform=WINDOWS, nativeEvents=false, acceptSslCerts=true, webStorageEnabled=true, locationContextEnabled=true, browserName=firefox, takesScreenshot=true, javascriptEnabled=true, cssSelectorsEnabled=true}]
Session ID: c92e5ce0-abce-462e-a2b0-00c6f0ff3de8)

2560-11-01 10:46:58 - [TEST_STEP][NOT_RUN] - closeBrowser: NOT_RUN: closeBrowser

2560-11-01 10:46:58 - [MESSAGE][NOT_RUN] - NOT_RUN: closeBrowser]]></system-out>
         <system-err><![CDATA[2560-11-01 10:46:50 - [TEST_CASE][FAILED] - Test Cases/Basic work/Predicted Multiple Verbatim/Prediction in details display Product Feature list: Test Cases/Basic work/Predicted Multiple Verbatim/Prediction in details display Product Feature list FAILED because (of) Unable to click on object 'Object Repository/Display select all list/Page_Guru TMDA (2)/label_Select All' (Root cause: org.openqa.selenium.remote.UnreachableBrowserException: Error communicating with the remote browser. It may have died.
Build info: version: '2.53.0', revision: '35ae25b', time: '2016-03-15 17:00:58'
System info: host: 'DESKTOP-RAL8DT3', ip: '192.168.11.187', os.name: 'Windows 10', os.arch: 'amd64', os.version: '10.0', java.version: '1.8.0_102'
Driver info: driver.version: RemoteWebDriver
Capabilities [{applicationCacheEnabled=true, rotatable=false, handlesAlerts=true, databaseEnabled=true, version=56.0, platform=WINDOWS, nativeEvents=false, acceptSslCerts=true, webStorageEnabled=true, locationContextEnabled=true, browserName=firefox, takesScreenshot=true, javascriptEnabled=true, cssSelectorsEnabled=true}]
Session ID: c92e5ce0-abce-462e-a2b0-00c6f0ff3de8)]]></system-err>
      </testcase>
      <testcase name="Test Cases/Basic work/Predicted Multiple Verbatim/Prediction in details display Staff Quality list" classname="Test Cases/Basic work/Predicted Multiple Verbatim/Prediction in details display Staff Quality list" status="FAILED">
         <failure type="FAILED" message="Unable to click on object 'Object Repository/Display select all list/Page_Guru TMDA (2)/label_Select All' (Root cause: org.openqa.selenium.remote.UnreachableBrowserException: Error communicating with the remote browser. It may have died.
Build info: version: '2.53.0', revision: '35ae25b', time: '2016-03-15 17:00:58'
System info: host: 'DESKTOP-RAL8DT3', ip: '192.168.11.187', os.name: 'Windows 10', os.arch: 'amd64', os.version: '10.0', java.version: '1.8.0_102'
Driver info: driver.version: RemoteWebDriver
Capabilities [{applicationCacheEnabled=true, rotatable=false, handlesAlerts=true, databaseEnabled=true, version=56.0, platform=WINDOWS, nativeEvents=false, acceptSslCerts=true, webStorageEnabled=true, locationContextEnabled=true, browserName=firefox, takesScreenshot=true, javascriptEnabled=true, cssSelectorsEnabled=true}]
Session ID: c92e5ce0-abce-462e-a2b0-00c6f0ff3de8)"/>
         <system-out><![CDATA[2560-11-01 10:46:58 - [TEST_CASE][FAILED] - Test Cases/Basic work/Predicted Multiple Verbatim/Prediction in details display Staff Quality list: Test Cases/Basic work/Predicted Multiple Verbatim/Prediction in details display Staff Quality list FAILED because (of) Unable to click on object 'Object Repository/Display select all list/Page_Guru TMDA (2)/label_Select All' (Root cause: org.openqa.selenium.remote.UnreachableBrowserException: Error communicating with the remote browser. It may have died.
Build info: version: '2.53.0', revision: '35ae25b', time: '2016-03-15 17:00:58'
System info: host: 'DESKTOP-RAL8DT3', ip: '192.168.11.187', os.name: 'Windows 10', os.arch: 'amd64', os.version: '10.0', java.version: '1.8.0_102'
Driver info: driver.version: RemoteWebDriver
Capabilities [{applicationCacheEnabled=true, rotatable=false, handlesAlerts=true, databaseEnabled=true, version=56.0, platform=WINDOWS, nativeEvents=false, acceptSslCerts=true, webStorageEnabled=true, locationContextEnabled=true, browserName=firefox, takesScreenshot=true, javascriptEnabled=true, cssSelectorsEnabled=true}]
Session ID: c92e5ce0-abce-462e-a2b0-00c6f0ff3de8)

2560-11-01 10:46:58 - [TEST_STEP][NOT_RUN] - openBrowser: NOT_RUN: openBrowser

2560-11-01 10:46:58 - [MESSAGE][NOT_RUN] - NOT_RUN: openBrowser

2560-11-01 10:46:58 - [TEST_STEP][NOT_RUN] - maximizeWindow: NOT_RUN: maximizeWindow

2560-11-01 10:46:58 - [MESSAGE][NOT_RUN] - NOT_RUN: maximizeWindow

2560-11-01 10:46:58 - [TEST_STEP][NOT_RUN] - navigateToUrl: NOT_RUN: navigateToUrl

2560-11-01 10:46:58 - [MESSAGE][NOT_RUN] - NOT_RUN: navigateToUrl

2560-11-01 10:46:58 - [TEST_STEP][NOT_RUN] - click: NOT_RUN: click

2560-11-01 10:46:58 - [MESSAGE][NOT_RUN] - NOT_RUN: click

2560-11-01 10:46:58 - [TEST_STEP][NOT_RUN] - setText: NOT_RUN: setText

2560-11-01 10:46:58 - [MESSAGE][NOT_RUN] - NOT_RUN: setText

2560-11-01 10:46:58 - [TEST_STEP][NOT_RUN] - setText: NOT_RUN: setText

2560-11-01 10:46:58 - [MESSAGE][NOT_RUN] - NOT_RUN: setText

2560-11-01 10:46:58 - [TEST_STEP][NOT_RUN] - click: NOT_RUN: click

2560-11-01 10:46:58 - [MESSAGE][NOT_RUN] - NOT_RUN: click

2560-11-01 10:46:58 - [TEST_STEP][NOT_RUN] - click: NOT_RUN: click

2560-11-01 10:46:58 - [MESSAGE][NOT_RUN] - NOT_RUN: click

2560-11-01 10:46:58 - [TEST_STEP][NOT_RUN] - click: NOT_RUN: click

2560-11-01 10:46:58 - [MESSAGE][NOT_RUN] - NOT_RUN: click

2560-11-01 10:46:58 - [TEST_STEP][NOT_RUN] - uploadFile: NOT_RUN: uploadFile

2560-11-01 10:46:58 - [MESSAGE][NOT_RUN] - NOT_RUN: uploadFile

2560-11-01 10:46:58 - [TEST_STEP][NOT_RUN] - waitForElementClickable: NOT_RUN: waitForElementClickable

2560-11-01 10:46:58 - [MESSAGE][NOT_RUN] - NOT_RUN: waitForElementClickable

2560-11-01 10:46:58 - [TEST_STEP][NOT_RUN] - click: NOT_RUN: click

2560-11-01 10:46:58 - [MESSAGE][NOT_RUN] - NOT_RUN: click

2560-11-01 10:46:58 - [TEST_STEP][NOT_RUN] - waitForElementNotPresent: NOT_RUN: waitForElementNotPresent

2560-11-01 10:46:58 - [MESSAGE][NOT_RUN] - NOT_RUN: waitForElementNotPresent

2560-11-01 10:46:58 - [TEST_STEP][NOT_RUN] - selectOptionByValue: NOT_RUN: selectOptionByValue

2560-11-01 10:46:58 - [MESSAGE][NOT_RUN] - NOT_RUN: selectOptionByValue

2560-11-01 10:46:58 - [TEST_STEP][NOT_RUN] - check: NOT_RUN: check

2560-11-01 10:46:58 - [MESSAGE][NOT_RUN] - NOT_RUN: check

2560-11-01 10:46:58 - [TEST_STEP][NOT_RUN] - click: NOT_RUN: click

2560-11-01 10:46:58 - [MESSAGE][NOT_RUN] - NOT_RUN: click

2560-11-01 10:46:58 - [TEST_STEP][NOT_RUN] - waitForElementNotPresent: NOT_RUN: waitForElementNotPresent

2560-11-01 10:46:58 - [MESSAGE][NOT_RUN] - NOT_RUN: waitForElementNotPresent

2560-11-01 10:46:58 - [TEST_STEP][NOT_RUN] - check: NOT_RUN: check

2560-11-01 10:46:58 - [MESSAGE][NOT_RUN] - NOT_RUN: check

2560-11-01 10:46:58 - [TEST_STEP][NOT_RUN] - scrollToElement: NOT_RUN: scrollToElement

2560-11-01 10:46:58 - [MESSAGE][NOT_RUN] - NOT_RUN: scrollToElement

2560-11-01 10:46:58 - [TEST_STEP][NOT_RUN] - click: NOT_RUN: click

2560-11-01 10:46:58 - [MESSAGE][NOT_RUN] - NOT_RUN: click

2560-11-01 10:46:58 - [TEST_STEP][NOT_RUN] - click: NOT_RUN: click

2560-11-01 10:46:58 - [MESSAGE][NOT_RUN] - NOT_RUN: click

2560-11-01 10:46:58 - [TEST_STEP][FAILED] - click: Unable to click on object 'Object Repository/Display select all list/Page_Guru TMDA (2)/label_Select All' (Root cause: org.openqa.selenium.remote.UnreachableBrowserException: Error communicating with the remote browser. It may have died.
Build info: version: '2.53.0', revision: '35ae25b', time: '2016-03-15 17:00:58'
System info: host: 'DESKTOP-RAL8DT3', ip: '192.168.11.187', os.name: 'Windows 10', os.arch: 'amd64', os.version: '10.0', java.version: '1.8.0_102'
Driver info: driver.version: RemoteWebDriver
Capabilities [{applicationCacheEnabled=true, rotatable=false, handlesAlerts=true, databaseEnabled=true, version=56.0, platform=WINDOWS, nativeEvents=false, acceptSslCerts=true, webStorageEnabled=true, locationContextEnabled=true, browserName=firefox, takesScreenshot=true, javascriptEnabled=true, cssSelectorsEnabled=true}]
Session ID: c92e5ce0-abce-462e-a2b0-00c6f0ff3de8)

2560-11-01 10:47:00 - [MESSAGE][WARNING] - Cannot take screenshot

2560-11-01 10:47:00 - [MESSAGE][FAILED] - Unable to click on object 'Object Repository/Display select all list/Page_Guru TMDA (2)/label_Select All' (Root cause: org.openqa.selenium.remote.UnreachableBrowserException: Error communicating with the remote browser. It may have died.
Build info: version: '2.53.0', revision: '35ae25b', time: '2016-03-15 17:00:58'
System info: host: 'DESKTOP-RAL8DT3', ip: '192.168.11.187', os.name: 'Windows 10', os.arch: 'amd64', os.version: '10.0', java.version: '1.8.0_102'
Driver info: driver.version: RemoteWebDriver
Capabilities [{applicationCacheEnabled=true, rotatable=false, handlesAlerts=true, databaseEnabled=true, version=56.0, platform=WINDOWS, nativeEvents=false, acceptSslCerts=true, webStorageEnabled=true, locationContextEnabled=true, browserName=firefox, takesScreenshot=true, javascriptEnabled=true, cssSelectorsEnabled=true}]
Session ID: c92e5ce0-abce-462e-a2b0-00c6f0ff3de8)

2560-11-01 10:47:00 - [TEST_STEP][FAILED] - click: Unable to click on object 'Object Repository/Display select all list/Page_Guru TMDA (2)/label_Select All' (Root cause: org.openqa.selenium.remote.UnreachableBrowserException: Error communicating with the remote browser. It may have died.
Build info: version: '2.53.0', revision: '35ae25b', time: '2016-03-15 17:00:58'
System info: host: 'DESKTOP-RAL8DT3', ip: '192.168.11.187', os.name: 'Windows 10', os.arch: 'amd64', os.version: '10.0', java.version: '1.8.0_102'
Driver info: driver.version: RemoteWebDriver
Capabilities [{applicationCacheEnabled=true, rotatable=false, handlesAlerts=true, databaseEnabled=true, version=56.0, platform=WINDOWS, nativeEvents=false, acceptSslCerts=true, webStorageEnabled=true, locationContextEnabled=true, browserName=firefox, takesScreenshot=true, javascriptEnabled=true, cssSelectorsEnabled=true}]
Session ID: c92e5ce0-abce-462e-a2b0-00c6f0ff3de8)

2560-11-01 10:47:03 - [MESSAGE][WARNING] - Cannot take screenshot

2560-11-01 10:47:03 - [MESSAGE][FAILED] - Unable to click on object 'Object Repository/Display select all list/Page_Guru TMDA (2)/label_Select All' (Root cause: org.openqa.selenium.remote.UnreachableBrowserException: Error communicating with the remote browser. It may have died.
Build info: version: '2.53.0', revision: '35ae25b', time: '2016-03-15 17:00:58'
System info: host: 'DESKTOP-RAL8DT3', ip: '192.168.11.187', os.name: 'Windows 10', os.arch: 'amd64', os.version: '10.0', java.version: '1.8.0_102'
Driver info: driver.version: RemoteWebDriver
Capabilities [{applicationCacheEnabled=true, rotatable=false, handlesAlerts=true, databaseEnabled=true, version=56.0, platform=WINDOWS, nativeEvents=false, acceptSslCerts=true, webStorageEnabled=true, locationContextEnabled=true, browserName=firefox, takesScreenshot=true, javascriptEnabled=true, cssSelectorsEnabled=true}]
Session ID: c92e5ce0-abce-462e-a2b0-00c6f0ff3de8)

2560-11-01 10:47:03 - [TEST_STEP][FAILED] - check: Unable to check object 'Object Repository/Display staff Quality list/label_Staff Quality' (Root cause: org.openqa.selenium.remote.UnreachableBrowserException: Error communicating with the remote browser. It may have died.
Build info: version: '2.53.0', revision: '35ae25b', time: '2016-03-15 17:00:58'
System info: host: 'DESKTOP-RAL8DT3', ip: '192.168.11.187', os.name: 'Windows 10', os.arch: 'amd64', os.version: '10.0', java.version: '1.8.0_102'
Driver info: driver.version: RemoteWebDriver
Capabilities [{applicationCacheEnabled=true, rotatable=false, handlesAlerts=true, databaseEnabled=true, version=56.0, platform=WINDOWS, nativeEvents=false, acceptSslCerts=true, webStorageEnabled=true, locationContextEnabled=true, browserName=firefox, takesScreenshot=true, javascriptEnabled=true, cssSelectorsEnabled=true}]
Session ID: c92e5ce0-abce-462e-a2b0-00c6f0ff3de8)

2560-11-01 10:47:05 - [MESSAGE][WARNING] - Cannot take screenshot

2560-11-01 10:47:05 - [MESSAGE][FAILED] - Unable to check object 'Object Repository/Display staff Quality list/label_Staff Quality' (Root cause: org.openqa.selenium.remote.UnreachableBrowserException: Error communicating with the remote browser. It may have died.
Build info: version: '2.53.0', revision: '35ae25b', time: '2016-03-15 17:00:58'
System info: host: 'DESKTOP-RAL8DT3', ip: '192.168.11.187', os.name: 'Windows 10', os.arch: 'amd64', os.version: '10.0', java.version: '1.8.0_102'
Driver info: driver.version: RemoteWebDriver
Capabilities [{applicationCacheEnabled=true, rotatable=false, handlesAlerts=true, databaseEnabled=true, version=56.0, platform=WINDOWS, nativeEvents=false, acceptSslCerts=true, webStorageEnabled=true, locationContextEnabled=true, browserName=firefox, takesScreenshot=true, javascriptEnabled=true, cssSelectorsEnabled=true}]
Session ID: c92e5ce0-abce-462e-a2b0-00c6f0ff3de8)

2560-11-01 10:47:05 - [TEST_STEP][FAILED] - verifyElementPresent: Unable to verify object 'Object Repository/Display Accessibility list/Page_Guru TMDA (2)/div_row' is present (Root cause: org.openqa.selenium.remote.UnreachableBrowserException: Error communicating with the remote browser. It may have died.
Build info: version: '2.53.0', revision: '35ae25b', time: '2016-03-15 17:00:58'
System info: host: 'DESKTOP-RAL8DT3', ip: '192.168.11.187', os.name: 'Windows 10', os.arch: 'amd64', os.version: '10.0', java.version: '1.8.0_102'
Driver info: driver.version: RemoteWebDriver
Capabilities [{applicationCacheEnabled=true, rotatable=false, handlesAlerts=true, databaseEnabled=true, version=56.0, platform=WINDOWS, nativeEvents=false, acceptSslCerts=true, webStorageEnabled=true, locationContextEnabled=true, browserName=firefox, takesScreenshot=true, javascriptEnabled=true, cssSelectorsEnabled=true}]
Session ID: c92e5ce0-abce-462e-a2b0-00c6f0ff3de8)

2560-11-01 10:47:07 - [MESSAGE][WARNING] - Cannot take screenshot

2560-11-01 10:47:07 - [MESSAGE][FAILED] - Unable to verify object 'Object Repository/Display Accessibility list/Page_Guru TMDA (2)/div_row' is present (Root cause: org.openqa.selenium.remote.UnreachableBrowserException: Error communicating with the remote browser. It may have died.
Build info: version: '2.53.0', revision: '35ae25b', time: '2016-03-15 17:00:58'
System info: host: 'DESKTOP-RAL8DT3', ip: '192.168.11.187', os.name: 'Windows 10', os.arch: 'amd64', os.version: '10.0', java.version: '1.8.0_102'
Driver info: driver.version: RemoteWebDriver
Capabilities [{applicationCacheEnabled=true, rotatable=false, handlesAlerts=true, databaseEnabled=true, version=56.0, platform=WINDOWS, nativeEvents=false, acceptSslCerts=true, webStorageEnabled=true, locationContextEnabled=true, browserName=firefox, takesScreenshot=true, javascriptEnabled=true, cssSelectorsEnabled=true}]
Session ID: c92e5ce0-abce-462e-a2b0-00c6f0ff3de8)

2560-11-01 10:47:07 - [TEST_STEP][NOT_RUN] - closeBrowser: NOT_RUN: closeBrowser

2560-11-01 10:47:07 - [MESSAGE][NOT_RUN] - NOT_RUN: closeBrowser]]></system-out>
         <system-err><![CDATA[2560-11-01 10:46:58 - [TEST_CASE][FAILED] - Test Cases/Basic work/Predicted Multiple Verbatim/Prediction in details display Staff Quality list: Test Cases/Basic work/Predicted Multiple Verbatim/Prediction in details display Staff Quality list FAILED because (of) Unable to click on object 'Object Repository/Display select all list/Page_Guru TMDA (2)/label_Select All' (Root cause: org.openqa.selenium.remote.UnreachableBrowserException: Error communicating with the remote browser. It may have died.
Build info: version: '2.53.0', revision: '35ae25b', time: '2016-03-15 17:00:58'
System info: host: 'DESKTOP-RAL8DT3', ip: '192.168.11.187', os.name: 'Windows 10', os.arch: 'amd64', os.version: '10.0', java.version: '1.8.0_102'
Driver info: driver.version: RemoteWebDriver
Capabilities [{applicationCacheEnabled=true, rotatable=false, handlesAlerts=true, databaseEnabled=true, version=56.0, platform=WINDOWS, nativeEvents=false, acceptSslCerts=true, webStorageEnabled=true, locationContextEnabled=true, browserName=firefox, takesScreenshot=true, javascriptEnabled=true, cssSelectorsEnabled=true}]
Session ID: c92e5ce0-abce-462e-a2b0-00c6f0ff3de8)]]></system-err>
      </testcase>
      <testcase name="Test Cases/Basic work/Predicted Multiple Verbatim/Prediction in details display Timing list" classname="Test Cases/Basic work/Predicted Multiple Verbatim/Prediction in details display Timing list" status="FAILED">
         <failure type="FAILED" message="Unable to click on object 'Object Repository/Display select all list/Page_Guru TMDA (2)/label_Select All' (Root cause: org.openqa.selenium.remote.UnreachableBrowserException: Error communicating with the remote browser. It may have died.
Build info: version: '2.53.0', revision: '35ae25b', time: '2016-03-15 17:00:58'
System info: host: 'DESKTOP-RAL8DT3', ip: '192.168.11.187', os.name: 'Windows 10', os.arch: 'amd64', os.version: '10.0', java.version: '1.8.0_102'
Driver info: driver.version: RemoteWebDriver
Capabilities [{applicationCacheEnabled=true, rotatable=false, handlesAlerts=true, databaseEnabled=true, version=56.0, platform=WINDOWS, nativeEvents=false, acceptSslCerts=true, webStorageEnabled=true, locationContextEnabled=true, browserName=firefox, takesScreenshot=true, javascriptEnabled=true, cssSelectorsEnabled=true}]
Session ID: c92e5ce0-abce-462e-a2b0-00c6f0ff3de8)"/>
         <system-out><![CDATA[2560-11-01 10:47:07 - [TEST_CASE][FAILED] - Test Cases/Basic work/Predicted Multiple Verbatim/Prediction in details display Timing list: Test Cases/Basic work/Predicted Multiple Verbatim/Prediction in details display Timing list FAILED because (of) Unable to click on object 'Object Repository/Display select all list/Page_Guru TMDA (2)/label_Select All' (Root cause: org.openqa.selenium.remote.UnreachableBrowserException: Error communicating with the remote browser. It may have died.
Build info: version: '2.53.0', revision: '35ae25b', time: '2016-03-15 17:00:58'
System info: host: 'DESKTOP-RAL8DT3', ip: '192.168.11.187', os.name: 'Windows 10', os.arch: 'amd64', os.version: '10.0', java.version: '1.8.0_102'
Driver info: driver.version: RemoteWebDriver
Capabilities [{applicationCacheEnabled=true, rotatable=false, handlesAlerts=true, databaseEnabled=true, version=56.0, platform=WINDOWS, nativeEvents=false, acceptSslCerts=true, webStorageEnabled=true, locationContextEnabled=true, browserName=firefox, takesScreenshot=true, javascriptEnabled=true, cssSelectorsEnabled=true}]
Session ID: c92e5ce0-abce-462e-a2b0-00c6f0ff3de8)

2560-11-01 10:47:07 - [TEST_STEP][NOT_RUN] - openBrowser: NOT_RUN: openBrowser

2560-11-01 10:47:07 - [MESSAGE][NOT_RUN] - NOT_RUN: openBrowser

2560-11-01 10:47:07 - [TEST_STEP][NOT_RUN] - maximizeWindow: NOT_RUN: maximizeWindow

2560-11-01 10:47:07 - [MESSAGE][NOT_RUN] - NOT_RUN: maximizeWindow

2560-11-01 10:47:07 - [TEST_STEP][NOT_RUN] - navigateToUrl: NOT_RUN: navigateToUrl

2560-11-01 10:47:07 - [MESSAGE][NOT_RUN] - NOT_RUN: navigateToUrl

2560-11-01 10:47:07 - [TEST_STEP][NOT_RUN] - click: NOT_RUN: click

2560-11-01 10:47:07 - [MESSAGE][NOT_RUN] - NOT_RUN: click

2560-11-01 10:47:07 - [TEST_STEP][NOT_RUN] - setText: NOT_RUN: setText

2560-11-01 10:47:07 - [MESSAGE][NOT_RUN] - NOT_RUN: setText

2560-11-01 10:47:07 - [TEST_STEP][NOT_RUN] - setText: NOT_RUN: setText

2560-11-01 10:47:07 - [MESSAGE][NOT_RUN] - NOT_RUN: setText

2560-11-01 10:47:07 - [TEST_STEP][NOT_RUN] - click: NOT_RUN: click

2560-11-01 10:47:07 - [MESSAGE][NOT_RUN] - NOT_RUN: click

2560-11-01 10:47:07 - [TEST_STEP][NOT_RUN] - click: NOT_RUN: click

2560-11-01 10:47:07 - [MESSAGE][NOT_RUN] - NOT_RUN: click

2560-11-01 10:47:07 - [TEST_STEP][NOT_RUN] - click: NOT_RUN: click

2560-11-01 10:47:07 - [MESSAGE][NOT_RUN] - NOT_RUN: click

2560-11-01 10:47:07 - [TEST_STEP][NOT_RUN] - uploadFile: NOT_RUN: uploadFile

2560-11-01 10:47:07 - [MESSAGE][NOT_RUN] - NOT_RUN: uploadFile

2560-11-01 10:47:07 - [TEST_STEP][NOT_RUN] - waitForElementClickable: NOT_RUN: waitForElementClickable

2560-11-01 10:47:07 - [MESSAGE][NOT_RUN] - NOT_RUN: waitForElementClickable

2560-11-01 10:47:07 - [TEST_STEP][NOT_RUN] - click: NOT_RUN: click

2560-11-01 10:47:07 - [MESSAGE][NOT_RUN] - NOT_RUN: click

2560-11-01 10:47:07 - [TEST_STEP][NOT_RUN] - waitForElementNotPresent: NOT_RUN: waitForElementNotPresent

2560-11-01 10:47:07 - [MESSAGE][NOT_RUN] - NOT_RUN: waitForElementNotPresent

2560-11-01 10:47:07 - [TEST_STEP][NOT_RUN] - selectOptionByValue: NOT_RUN: selectOptionByValue

2560-11-01 10:47:07 - [MESSAGE][NOT_RUN] - NOT_RUN: selectOptionByValue

2560-11-01 10:47:07 - [TEST_STEP][NOT_RUN] - check: NOT_RUN: check

2560-11-01 10:47:07 - [MESSAGE][NOT_RUN] - NOT_RUN: check

2560-11-01 10:47:07 - [TEST_STEP][NOT_RUN] - click: NOT_RUN: click

2560-11-01 10:47:07 - [MESSAGE][NOT_RUN] - NOT_RUN: click

2560-11-01 10:47:07 - [TEST_STEP][NOT_RUN] - waitForElementNotPresent: NOT_RUN: waitForElementNotPresent

2560-11-01 10:47:07 - [MESSAGE][NOT_RUN] - NOT_RUN: waitForElementNotPresent

2560-11-01 10:47:07 - [TEST_STEP][NOT_RUN] - check: NOT_RUN: check

2560-11-01 10:47:07 - [MESSAGE][NOT_RUN] - NOT_RUN: check

2560-11-01 10:47:07 - [TEST_STEP][NOT_RUN] - scrollToElement: NOT_RUN: scrollToElement

2560-11-01 10:47:07 - [MESSAGE][NOT_RUN] - NOT_RUN: scrollToElement

2560-11-01 10:47:07 - [TEST_STEP][NOT_RUN] - click: NOT_RUN: click

2560-11-01 10:47:07 - [MESSAGE][NOT_RUN] - NOT_RUN: click

2560-11-01 10:47:07 - [TEST_STEP][NOT_RUN] - click: NOT_RUN: click

2560-11-01 10:47:07 - [MESSAGE][NOT_RUN] - NOT_RUN: click

2560-11-01 10:47:07 - [TEST_STEP][FAILED] - click: Unable to click on object 'Object Repository/Display select all list/Page_Guru TMDA (2)/label_Select All' (Root cause: org.openqa.selenium.remote.UnreachableBrowserException: Error communicating with the remote browser. It may have died.
Build info: version: '2.53.0', revision: '35ae25b', time: '2016-03-15 17:00:58'
System info: host: 'DESKTOP-RAL8DT3', ip: '192.168.11.187', os.name: 'Windows 10', os.arch: 'amd64', os.version: '10.0', java.version: '1.8.0_102'
Driver info: driver.version: RemoteWebDriver
Capabilities [{applicationCacheEnabled=true, rotatable=false, handlesAlerts=true, databaseEnabled=true, version=56.0, platform=WINDOWS, nativeEvents=false, acceptSslCerts=true, webStorageEnabled=true, locationContextEnabled=true, browserName=firefox, takesScreenshot=true, javascriptEnabled=true, cssSelectorsEnabled=true}]
Session ID: c92e5ce0-abce-462e-a2b0-00c6f0ff3de8)

2560-11-01 10:47:09 - [MESSAGE][WARNING] - Cannot take screenshot

2560-11-01 10:47:09 - [MESSAGE][FAILED] - Unable to click on object 'Object Repository/Display select all list/Page_Guru TMDA (2)/label_Select All' (Root cause: org.openqa.selenium.remote.UnreachableBrowserException: Error communicating with the remote browser. It may have died.
Build info: version: '2.53.0', revision: '35ae25b', time: '2016-03-15 17:00:58'
System info: host: 'DESKTOP-RAL8DT3', ip: '192.168.11.187', os.name: 'Windows 10', os.arch: 'amd64', os.version: '10.0', java.version: '1.8.0_102'
Driver info: driver.version: RemoteWebDriver
Capabilities [{applicationCacheEnabled=true, rotatable=false, handlesAlerts=true, databaseEnabled=true, version=56.0, platform=WINDOWS, nativeEvents=false, acceptSslCerts=true, webStorageEnabled=true, locationContextEnabled=true, browserName=firefox, takesScreenshot=true, javascriptEnabled=true, cssSelectorsEnabled=true}]
Session ID: c92e5ce0-abce-462e-a2b0-00c6f0ff3de8)

2560-11-01 10:47:09 - [TEST_STEP][FAILED] - click: Unable to click on object 'Object Repository/Display select all list/Page_Guru TMDA (2)/label_Select All' (Root cause: org.openqa.selenium.remote.UnreachableBrowserException: Error communicating with the remote browser. It may have died.
Build info: version: '2.53.0', revision: '35ae25b', time: '2016-03-15 17:00:58'
System info: host: 'DESKTOP-RAL8DT3', ip: '192.168.11.187', os.name: 'Windows 10', os.arch: 'amd64', os.version: '10.0', java.version: '1.8.0_102'
Driver info: driver.version: RemoteWebDriver
Capabilities [{applicationCacheEnabled=true, rotatable=false, handlesAlerts=true, databaseEnabled=true, version=56.0, platform=WINDOWS, nativeEvents=false, acceptSslCerts=true, webStorageEnabled=true, locationContextEnabled=true, browserName=firefox, takesScreenshot=true, javascriptEnabled=true, cssSelectorsEnabled=true}]
Session ID: c92e5ce0-abce-462e-a2b0-00c6f0ff3de8)

2560-11-01 10:47:11 - [MESSAGE][WARNING] - Cannot take screenshot

2560-11-01 10:47:11 - [MESSAGE][FAILED] - Unable to click on object 'Object Repository/Display select all list/Page_Guru TMDA (2)/label_Select All' (Root cause: org.openqa.selenium.remote.UnreachableBrowserException: Error communicating with the remote browser. It may have died.
Build info: version: '2.53.0', revision: '35ae25b', time: '2016-03-15 17:00:58'
System info: host: 'DESKTOP-RAL8DT3', ip: '192.168.11.187', os.name: 'Windows 10', os.arch: 'amd64', os.version: '10.0', java.version: '1.8.0_102'
Driver info: driver.version: RemoteWebDriver
Capabilities [{applicationCacheEnabled=true, rotatable=false, handlesAlerts=true, databaseEnabled=true, version=56.0, platform=WINDOWS, nativeEvents=false, acceptSslCerts=true, webStorageEnabled=true, locationContextEnabled=true, browserName=firefox, takesScreenshot=true, javascriptEnabled=true, cssSelectorsEnabled=true}]
Session ID: c92e5ce0-abce-462e-a2b0-00c6f0ff3de8)

2560-11-01 10:47:11 - [TEST_STEP][FAILED] - check: Unable to check object 'Object Repository/Display timing list/label_Timing' (Root cause: org.openqa.selenium.remote.UnreachableBrowserException: Error communicating with the remote browser. It may have died.
Build info: version: '2.53.0', revision: '35ae25b', time: '2016-03-15 17:00:58'
System info: host: 'DESKTOP-RAL8DT3', ip: '192.168.11.187', os.name: 'Windows 10', os.arch: 'amd64', os.version: '10.0', java.version: '1.8.0_102'
Driver info: driver.version: RemoteWebDriver
Capabilities [{applicationCacheEnabled=true, rotatable=false, handlesAlerts=true, databaseEnabled=true, version=56.0, platform=WINDOWS, nativeEvents=false, acceptSslCerts=true, webStorageEnabled=true, locationContextEnabled=true, browserName=firefox, takesScreenshot=true, javascriptEnabled=true, cssSelectorsEnabled=true}]
Session ID: c92e5ce0-abce-462e-a2b0-00c6f0ff3de8)

2560-11-01 10:47:13 - [MESSAGE][WARNING] - Cannot take screenshot

2560-11-01 10:47:13 - [MESSAGE][FAILED] - Unable to check object 'Object Repository/Display timing list/label_Timing' (Root cause: org.openqa.selenium.remote.UnreachableBrowserException: Error communicating with the remote browser. It may have died.
Build info: version: '2.53.0', revision: '35ae25b', time: '2016-03-15 17:00:58'
System info: host: 'DESKTOP-RAL8DT3', ip: '192.168.11.187', os.name: 'Windows 10', os.arch: 'amd64', os.version: '10.0', java.version: '1.8.0_102'
Driver info: driver.version: RemoteWebDriver
Capabilities [{applicationCacheEnabled=true, rotatable=false, handlesAlerts=true, databaseEnabled=true, version=56.0, platform=WINDOWS, nativeEvents=false, acceptSslCerts=true, webStorageEnabled=true, locationContextEnabled=true, browserName=firefox, takesScreenshot=true, javascriptEnabled=true, cssSelectorsEnabled=true}]
Session ID: c92e5ce0-abce-462e-a2b0-00c6f0ff3de8)

2560-11-01 10:47:13 - [TEST_STEP][FAILED] - verifyElementPresent: Unable to verify object 'Object Repository/Display Accessibility list/Page_Guru TMDA (2)/div_row' is present (Root cause: org.openqa.selenium.remote.UnreachableBrowserException: Error communicating with the remote browser. It may have died.
Build info: version: '2.53.0', revision: '35ae25b', time: '2016-03-15 17:00:58'
System info: host: 'DESKTOP-RAL8DT3', ip: '192.168.11.187', os.name: 'Windows 10', os.arch: 'amd64', os.version: '10.0', java.version: '1.8.0_102'
Driver info: driver.version: RemoteWebDriver
Capabilities [{applicationCacheEnabled=true, rotatable=false, handlesAlerts=true, databaseEnabled=true, version=56.0, platform=WINDOWS, nativeEvents=false, acceptSslCerts=true, webStorageEnabled=true, locationContextEnabled=true, browserName=firefox, takesScreenshot=true, javascriptEnabled=true, cssSelectorsEnabled=true}]
Session ID: c92e5ce0-abce-462e-a2b0-00c6f0ff3de8)

2560-11-01 10:47:15 - [MESSAGE][WARNING] - Cannot take screenshot

2560-11-01 10:47:15 - [MESSAGE][FAILED] - Unable to verify object 'Object Repository/Display Accessibility list/Page_Guru TMDA (2)/div_row' is present (Root cause: org.openqa.selenium.remote.UnreachableBrowserException: Error communicating with the remote browser. It may have died.
Build info: version: '2.53.0', revision: '35ae25b', time: '2016-03-15 17:00:58'
System info: host: 'DESKTOP-RAL8DT3', ip: '192.168.11.187', os.name: 'Windows 10', os.arch: 'amd64', os.version: '10.0', java.version: '1.8.0_102'
Driver info: driver.version: RemoteWebDriver
Capabilities [{applicationCacheEnabled=true, rotatable=false, handlesAlerts=true, databaseEnabled=true, version=56.0, platform=WINDOWS, nativeEvents=false, acceptSslCerts=true, webStorageEnabled=true, locationContextEnabled=true, browserName=firefox, takesScreenshot=true, javascriptEnabled=true, cssSelectorsEnabled=true}]
Session ID: c92e5ce0-abce-462e-a2b0-00c6f0ff3de8)

2560-11-01 10:47:15 - [TEST_STEP][NOT_RUN] - closeBrowser: NOT_RUN: closeBrowser

2560-11-01 10:47:15 - [MESSAGE][NOT_RUN] - NOT_RUN: closeBrowser]]></system-out>
         <system-err><![CDATA[2560-11-01 10:47:07 - [TEST_CASE][FAILED] - Test Cases/Basic work/Predicted Multiple Verbatim/Prediction in details display Timing list: Test Cases/Basic work/Predicted Multiple Verbatim/Prediction in details display Timing list FAILED because (of) Unable to click on object 'Object Repository/Display select all list/Page_Guru TMDA (2)/label_Select All' (Root cause: org.openqa.selenium.remote.UnreachableBrowserException: Error communicating with the remote browser. It may have died.
Build info: version: '2.53.0', revision: '35ae25b', time: '2016-03-15 17:00:58'
System info: host: 'DESKTOP-RAL8DT3', ip: '192.168.11.187', os.name: 'Windows 10', os.arch: 'amd64', os.version: '10.0', java.version: '1.8.0_102'
Driver info: driver.version: RemoteWebDriver
Capabilities [{applicationCacheEnabled=true, rotatable=false, handlesAlerts=true, databaseEnabled=true, version=56.0, platform=WINDOWS, nativeEvents=false, acceptSslCerts=true, webStorageEnabled=true, locationContextEnabled=true, browserName=firefox, takesScreenshot=true, javascriptEnabled=true, cssSelectorsEnabled=true}]
Session ID: c92e5ce0-abce-462e-a2b0-00c6f0ff3de8)]]></system-err>
      </testcase>
      <testcase name="Test Cases/User management/Search user list" classname="Test Cases/User management/Search user list" status="FAILED">
         <failure type="FAILED" message="Unable to click on object 'Object Repository/Chage status/Page_Guru TMDA/a_User Management' (Root cause: org.openqa.selenium.remote.UnreachableBrowserException: Error communicating with the remote browser. It may have died.
Build info: version: '2.53.0', revision: '35ae25b', time: '2016-03-15 17:00:58'
System info: host: 'DESKTOP-RAL8DT3', ip: '192.168.11.187', os.name: 'Windows 10', os.arch: 'amd64', os.version: '10.0', java.version: '1.8.0_102'
Driver info: driver.version: RemoteWebDriver
Capabilities [{applicationCacheEnabled=true, rotatable=false, handlesAlerts=true, databaseEnabled=true, version=56.0, platform=WINDOWS, nativeEvents=false, acceptSslCerts=true, webStorageEnabled=true, locationContextEnabled=true, browserName=firefox, takesScreenshot=true, javascriptEnabled=true, cssSelectorsEnabled=true}]
Session ID: c92e5ce0-abce-462e-a2b0-00c6f0ff3de8)"/>
         <system-out><![CDATA[2560-11-01 10:47:15 - [TEST_CASE][FAILED] - Test Cases/User management/Search user list: Test Cases/User management/Search user list FAILED because (of) Unable to click on object 'Object Repository/Chage status/Page_Guru TMDA/a_User Management' (Root cause: org.openqa.selenium.remote.UnreachableBrowserException: Error communicating with the remote browser. It may have died.
Build info: version: '2.53.0', revision: '35ae25b', time: '2016-03-15 17:00:58'
System info: host: 'DESKTOP-RAL8DT3', ip: '192.168.11.187', os.name: 'Windows 10', os.arch: 'amd64', os.version: '10.0', java.version: '1.8.0_102'
Driver info: driver.version: RemoteWebDriver
Capabilities [{applicationCacheEnabled=true, rotatable=false, handlesAlerts=true, databaseEnabled=true, version=56.0, platform=WINDOWS, nativeEvents=false, acceptSslCerts=true, webStorageEnabled=true, locationContextEnabled=true, browserName=firefox, takesScreenshot=true, javascriptEnabled=true, cssSelectorsEnabled=true}]
Session ID: c92e5ce0-abce-462e-a2b0-00c6f0ff3de8)

2560-11-01 10:47:15 - [TEST_STEP][NOT_RUN] - openBrowser: NOT_RUN: openBrowser

2560-11-01 10:47:15 - [MESSAGE][NOT_RUN] - NOT_RUN: openBrowser

2560-11-01 10:47:15 - [TEST_STEP][NOT_RUN] - maximizeWindow: NOT_RUN: maximizeWindow

2560-11-01 10:47:15 - [MESSAGE][NOT_RUN] - NOT_RUN: maximizeWindow

2560-11-01 10:47:15 - [TEST_STEP][NOT_RUN] - navigateToUrl: NOT_RUN: navigateToUrl

2560-11-01 10:47:15 - [MESSAGE][NOT_RUN] - NOT_RUN: navigateToUrl

2560-11-01 10:47:15 - [TEST_STEP][NOT_RUN] - click: NOT_RUN: click

2560-11-01 10:47:15 - [MESSAGE][NOT_RUN] - NOT_RUN: click

2560-11-01 10:47:15 - [TEST_STEP][NOT_RUN] - setText: NOT_RUN: setText

2560-11-01 10:47:15 - [MESSAGE][NOT_RUN] - NOT_RUN: setText

2560-11-01 10:47:15 - [TEST_STEP][NOT_RUN] - setText: NOT_RUN: setText

2560-11-01 10:47:15 - [MESSAGE][NOT_RUN] - NOT_RUN: setText

2560-11-01 10:47:15 - [TEST_STEP][NOT_RUN] - submit: NOT_RUN: submit

2560-11-01 10:47:15 - [MESSAGE][NOT_RUN] - NOT_RUN: submit

2560-11-01 10:47:15 - [TEST_STEP][FAILED] - click: Unable to click on object 'Object Repository/Chage status/Page_Guru TMDA/a_User Management' (Root cause: org.openqa.selenium.remote.UnreachableBrowserException: Error communicating with the remote browser. It may have died.
Build info: version: '2.53.0', revision: '35ae25b', time: '2016-03-15 17:00:58'
System info: host: 'DESKTOP-RAL8DT3', ip: '192.168.11.187', os.name: 'Windows 10', os.arch: 'amd64', os.version: '10.0', java.version: '1.8.0_102'
Driver info: driver.version: RemoteWebDriver
Capabilities [{applicationCacheEnabled=true, rotatable=false, handlesAlerts=true, databaseEnabled=true, version=56.0, platform=WINDOWS, nativeEvents=false, acceptSslCerts=true, webStorageEnabled=true, locationContextEnabled=true, browserName=firefox, takesScreenshot=true, javascriptEnabled=true, cssSelectorsEnabled=true}]
Session ID: c92e5ce0-abce-462e-a2b0-00c6f0ff3de8)

2560-11-01 10:47:17 - [MESSAGE][WARNING] - Cannot take screenshot

2560-11-01 10:47:17 - [MESSAGE][FAILED] - Unable to click on object 'Object Repository/Chage status/Page_Guru TMDA/a_User Management' (Root cause: org.openqa.selenium.remote.UnreachableBrowserException: Error communicating with the remote browser. It may have died.
Build info: version: '2.53.0', revision: '35ae25b', time: '2016-03-15 17:00:58'
System info: host: 'DESKTOP-RAL8DT3', ip: '192.168.11.187', os.name: 'Windows 10', os.arch: 'amd64', os.version: '10.0', java.version: '1.8.0_102'
Driver info: driver.version: RemoteWebDriver
Capabilities [{applicationCacheEnabled=true, rotatable=false, handlesAlerts=true, databaseEnabled=true, version=56.0, platform=WINDOWS, nativeEvents=false, acceptSslCerts=true, webStorageEnabled=true, locationContextEnabled=true, browserName=firefox, takesScreenshot=true, javascriptEnabled=true, cssSelectorsEnabled=true}]
Session ID: c92e5ce0-abce-462e-a2b0-00c6f0ff3de8)

2560-11-01 10:47:17 - [TEST_STEP][FAILED] - setText: Unable to set text 'fortest' of object 'Object Repository/Search user list/Page_Guru TMDA (2)/input_ng-untouched ng-valid ng' (Root cause: org.openqa.selenium.remote.UnreachableBrowserException: Error communicating with the remote browser. It may have died.
Build info: version: '2.53.0', revision: '35ae25b', time: '2016-03-15 17:00:58'
System info: host: 'DESKTOP-RAL8DT3', ip: '192.168.11.187', os.name: 'Windows 10', os.arch: 'amd64', os.version: '10.0', java.version: '1.8.0_102'
Driver info: driver.version: RemoteWebDriver
Capabilities [{applicationCacheEnabled=true, rotatable=false, handlesAlerts=true, databaseEnabled=true, version=56.0, platform=WINDOWS, nativeEvents=false, acceptSslCerts=true, webStorageEnabled=true, locationContextEnabled=true, browserName=firefox, takesScreenshot=true, javascriptEnabled=true, cssSelectorsEnabled=true}]
Session ID: c92e5ce0-abce-462e-a2b0-00c6f0ff3de8)

2560-11-01 10:47:19 - [MESSAGE][WARNING] - Cannot take screenshot

2560-11-01 10:47:19 - [MESSAGE][FAILED] - Unable to set text 'fortest' of object 'Object Repository/Search user list/Page_Guru TMDA (2)/input_ng-untouched ng-valid ng' (Root cause: org.openqa.selenium.remote.UnreachableBrowserException: Error communicating with the remote browser. It may have died.
Build info: version: '2.53.0', revision: '35ae25b', time: '2016-03-15 17:00:58'
System info: host: 'DESKTOP-RAL8DT3', ip: '192.168.11.187', os.name: 'Windows 10', os.arch: 'amd64', os.version: '10.0', java.version: '1.8.0_102'
Driver info: driver.version: RemoteWebDriver
Capabilities [{applicationCacheEnabled=true, rotatable=false, handlesAlerts=true, databaseEnabled=true, version=56.0, platform=WINDOWS, nativeEvents=false, acceptSslCerts=true, webStorageEnabled=true, locationContextEnabled=true, browserName=firefox, takesScreenshot=true, javascriptEnabled=true, cssSelectorsEnabled=true}]
Session ID: c92e5ce0-abce-462e-a2b0-00c6f0ff3de8)

2560-11-01 10:47:19 - [TEST_STEP][FAILED] - verifyElementPresent: Unable to verify object 'Object Repository/Search user list/Page_Guru TMDA (5)/td_fortest' is present (Root cause: org.openqa.selenium.remote.UnreachableBrowserException: Error communicating with the remote browser. It may have died.
Build info: version: '2.53.0', revision: '35ae25b', time: '2016-03-15 17:00:58'
System info: host: 'DESKTOP-RAL8DT3', ip: '192.168.11.187', os.name: 'Windows 10', os.arch: 'amd64', os.version: '10.0', java.version: '1.8.0_102'
Driver info: driver.version: RemoteWebDriver
Capabilities [{applicationCacheEnabled=true, rotatable=false, handlesAlerts=true, databaseEnabled=true, version=56.0, platform=WINDOWS, nativeEvents=false, acceptSslCerts=true, webStorageEnabled=true, locationContextEnabled=true, browserName=firefox, takesScreenshot=true, javascriptEnabled=true, cssSelectorsEnabled=true}]
Session ID: c92e5ce0-abce-462e-a2b0-00c6f0ff3de8)

2560-11-01 10:47:21 - [MESSAGE][WARNING] - Cannot take screenshot

2560-11-01 10:47:21 - [MESSAGE][FAILED] - Unable to verify object 'Object Repository/Search user list/Page_Guru TMDA (5)/td_fortest' is present (Root cause: org.openqa.selenium.remote.UnreachableBrowserException: Error communicating with the remote browser. It may have died.
Build info: version: '2.53.0', revision: '35ae25b', time: '2016-03-15 17:00:58'
System info: host: 'DESKTOP-RAL8DT3', ip: '192.168.11.187', os.name: 'Windows 10', os.arch: 'amd64', os.version: '10.0', java.version: '1.8.0_102'
Driver info: driver.version: RemoteWebDriver
Capabilities [{applicationCacheEnabled=true, rotatable=false, handlesAlerts=true, databaseEnabled=true, version=56.0, platform=WINDOWS, nativeEvents=false, acceptSslCerts=true, webStorageEnabled=true, locationContextEnabled=true, browserName=firefox, takesScreenshot=true, javascriptEnabled=true, cssSelectorsEnabled=true}]
Session ID: c92e5ce0-abce-462e-a2b0-00c6f0ff3de8)

2560-11-01 10:47:21 - [TEST_STEP][NOT_RUN] - closeBrowser: NOT_RUN: closeBrowser

2560-11-01 10:47:21 - [MESSAGE][NOT_RUN] - NOT_RUN: closeBrowser]]></system-out>
         <system-err><![CDATA[2560-11-01 10:47:15 - [TEST_CASE][FAILED] - Test Cases/User management/Search user list: Test Cases/User management/Search user list FAILED because (of) Unable to click on object 'Object Repository/Chage status/Page_Guru TMDA/a_User Management' (Root cause: org.openqa.selenium.remote.UnreachableBrowserException: Error communicating with the remote browser. It may have died.
Build info: version: '2.53.0', revision: '35ae25b', time: '2016-03-15 17:00:58'
System info: host: 'DESKTOP-RAL8DT3', ip: '192.168.11.187', os.name: 'Windows 10', os.arch: 'amd64', os.version: '10.0', java.version: '1.8.0_102'
Driver info: driver.version: RemoteWebDriver
Capabilities [{applicationCacheEnabled=true, rotatable=false, handlesAlerts=true, databaseEnabled=true, version=56.0, platform=WINDOWS, nativeEvents=false, acceptSslCerts=true, webStorageEnabled=true, locationContextEnabled=true, browserName=firefox, takesScreenshot=true, javascriptEnabled=true, cssSelectorsEnabled=true}]
Session ID: c92e5ce0-abce-462e-a2b0-00c6f0ff3de8)]]></system-err>
      </testcase>
      <testcase name="Test Cases/User management/Change role" classname="Test Cases/User management/Change role" status="FAILED">
         <failure type="FAILED" message="Unable to click on object 'Object Repository/Change role/Page_Guru TMDA/a_User Management' (Root cause: org.openqa.selenium.remote.UnreachableBrowserException: Error communicating with the remote browser. It may have died.
Build info: version: '2.53.0', revision: '35ae25b', time: '2016-03-15 17:00:58'
System info: host: 'DESKTOP-RAL8DT3', ip: '192.168.11.187', os.name: 'Windows 10', os.arch: 'amd64', os.version: '10.0', java.version: '1.8.0_102'
Driver info: driver.version: RemoteWebDriver
Capabilities [{applicationCacheEnabled=true, rotatable=false, handlesAlerts=true, databaseEnabled=true, version=56.0, platform=WINDOWS, nativeEvents=false, acceptSslCerts=true, webStorageEnabled=true, locationContextEnabled=true, browserName=firefox, takesScreenshot=true, javascriptEnabled=true, cssSelectorsEnabled=true}]
Session ID: c92e5ce0-abce-462e-a2b0-00c6f0ff3de8)"/>
         <system-out><![CDATA[2560-11-01 10:47:21 - [TEST_CASE][FAILED] - Test Cases/User management/Change role: Test Cases/User management/Change role FAILED because (of) Unable to click on object 'Object Repository/Change role/Page_Guru TMDA/a_User Management' (Root cause: org.openqa.selenium.remote.UnreachableBrowserException: Error communicating with the remote browser. It may have died.
Build info: version: '2.53.0', revision: '35ae25b', time: '2016-03-15 17:00:58'
System info: host: 'DESKTOP-RAL8DT3', ip: '192.168.11.187', os.name: 'Windows 10', os.arch: 'amd64', os.version: '10.0', java.version: '1.8.0_102'
Driver info: driver.version: RemoteWebDriver
Capabilities [{applicationCacheEnabled=true, rotatable=false, handlesAlerts=true, databaseEnabled=true, version=56.0, platform=WINDOWS, nativeEvents=false, acceptSslCerts=true, webStorageEnabled=true, locationContextEnabled=true, browserName=firefox, takesScreenshot=true, javascriptEnabled=true, cssSelectorsEnabled=true}]
Session ID: c92e5ce0-abce-462e-a2b0-00c6f0ff3de8)

2560-11-01 10:47:22 - [TEST_STEP][NOT_RUN] - openBrowser: NOT_RUN: openBrowser

2560-11-01 10:47:22 - [MESSAGE][NOT_RUN] - NOT_RUN: openBrowser

2560-11-01 10:47:22 - [TEST_STEP][NOT_RUN] - maximizeWindow: NOT_RUN: maximizeWindow

2560-11-01 10:47:22 - [MESSAGE][NOT_RUN] - NOT_RUN: maximizeWindow

2560-11-01 10:47:22 - [TEST_STEP][NOT_RUN] - navigateToUrl: NOT_RUN: navigateToUrl

2560-11-01 10:47:22 - [MESSAGE][NOT_RUN] - NOT_RUN: navigateToUrl

2560-11-01 10:47:22 - [TEST_STEP][NOT_RUN] - click: NOT_RUN: click

2560-11-01 10:47:22 - [MESSAGE][NOT_RUN] - NOT_RUN: click

2560-11-01 10:47:22 - [TEST_STEP][NOT_RUN] - setText: NOT_RUN: setText

2560-11-01 10:47:22 - [MESSAGE][NOT_RUN] - NOT_RUN: setText

2560-11-01 10:47:22 - [TEST_STEP][NOT_RUN] - setText: NOT_RUN: setText

2560-11-01 10:47:22 - [MESSAGE][NOT_RUN] - NOT_RUN: setText

2560-11-01 10:47:22 - [TEST_STEP][NOT_RUN] - submit: NOT_RUN: submit

2560-11-01 10:47:22 - [MESSAGE][NOT_RUN] - NOT_RUN: submit

2560-11-01 10:47:22 - [TEST_STEP][FAILED] - click: Unable to click on object 'Object Repository/Change role/Page_Guru TMDA/a_User Management' (Root cause: org.openqa.selenium.remote.UnreachableBrowserException: Error communicating with the remote browser. It may have died.
Build info: version: '2.53.0', revision: '35ae25b', time: '2016-03-15 17:00:58'
System info: host: 'DESKTOP-RAL8DT3', ip: '192.168.11.187', os.name: 'Windows 10', os.arch: 'amd64', os.version: '10.0', java.version: '1.8.0_102'
Driver info: driver.version: RemoteWebDriver
Capabilities [{applicationCacheEnabled=true, rotatable=false, handlesAlerts=true, databaseEnabled=true, version=56.0, platform=WINDOWS, nativeEvents=false, acceptSslCerts=true, webStorageEnabled=true, locationContextEnabled=true, browserName=firefox, takesScreenshot=true, javascriptEnabled=true, cssSelectorsEnabled=true}]
Session ID: c92e5ce0-abce-462e-a2b0-00c6f0ff3de8)

2560-11-01 10:47:24 - [MESSAGE][WARNING] - Cannot take screenshot

2560-11-01 10:47:24 - [MESSAGE][FAILED] - Unable to click on object 'Object Repository/Change role/Page_Guru TMDA/a_User Management' (Root cause: org.openqa.selenium.remote.UnreachableBrowserException: Error communicating with the remote browser. It may have died.
Build info: version: '2.53.0', revision: '35ae25b', time: '2016-03-15 17:00:58'
System info: host: 'DESKTOP-RAL8DT3', ip: '192.168.11.187', os.name: 'Windows 10', os.arch: 'amd64', os.version: '10.0', java.version: '1.8.0_102'
Driver info: driver.version: RemoteWebDriver
Capabilities [{applicationCacheEnabled=true, rotatable=false, handlesAlerts=true, databaseEnabled=true, version=56.0, platform=WINDOWS, nativeEvents=false, acceptSslCerts=true, webStorageEnabled=true, locationContextEnabled=true, browserName=firefox, takesScreenshot=true, javascriptEnabled=true, cssSelectorsEnabled=true}]
Session ID: c92e5ce0-abce-462e-a2b0-00c6f0ff3de8)]]></system-out>
         <system-err><![CDATA[2560-11-01 10:47:21 - [TEST_CASE][FAILED] - Test Cases/User management/Change role: Test Cases/User management/Change role FAILED because (of) Unable to click on object 'Object Repository/Change role/Page_Guru TMDA/a_User Management' (Root cause: org.openqa.selenium.remote.UnreachableBrowserException: Error communicating with the remote browser. It may have died.
Build info: version: '2.53.0', revision: '35ae25b', time: '2016-03-15 17:00:58'
System info: host: 'DESKTOP-RAL8DT3', ip: '192.168.11.187', os.name: 'Windows 10', os.arch: 'amd64', os.version: '10.0', java.version: '1.8.0_102'
Driver info: driver.version: RemoteWebDriver
Capabilities [{applicationCacheEnabled=true, rotatable=false, handlesAlerts=true, databaseEnabled=true, version=56.0, platform=WINDOWS, nativeEvents=false, acceptSslCerts=true, webStorageEnabled=true, locationContextEnabled=true, browserName=firefox, takesScreenshot=true, javascriptEnabled=true, cssSelectorsEnabled=true}]
Session ID: c92e5ce0-abce-462e-a2b0-00c6f0ff3de8)]]></system-err>
      </testcase>
      <testcase name="Test Cases/User management/Change status" classname="Test Cases/User management/Change status" status="FAILED">
         <failure type="FAILED" message="Unable to click on object 'Object Repository/Chage status/Page_Guru TMDA/a_User Management' (Root cause: org.openqa.selenium.remote.UnreachableBrowserException: Error communicating with the remote browser. It may have died.
Build info: version: '2.53.0', revision: '35ae25b', time: '2016-03-15 17:00:58'
System info: host: 'DESKTOP-RAL8DT3', ip: '192.168.11.187', os.name: 'Windows 10', os.arch: 'amd64', os.version: '10.0', java.version: '1.8.0_102'
Driver info: driver.version: RemoteWebDriver
Capabilities [{applicationCacheEnabled=true, rotatable=false, handlesAlerts=true, databaseEnabled=true, version=56.0, platform=WINDOWS, nativeEvents=false, acceptSslCerts=true, webStorageEnabled=true, locationContextEnabled=true, browserName=firefox, takesScreenshot=true, javascriptEnabled=true, cssSelectorsEnabled=true}]
Session ID: c92e5ce0-abce-462e-a2b0-00c6f0ff3de8)"/>
         <system-out><![CDATA[2560-11-01 10:47:24 - [TEST_CASE][FAILED] - Test Cases/User management/Change status: Test Cases/User management/Change status FAILED because (of) Unable to click on object 'Object Repository/Chage status/Page_Guru TMDA/a_User Management' (Root cause: org.openqa.selenium.remote.UnreachableBrowserException: Error communicating with the remote browser. It may have died.
Build info: version: '2.53.0', revision: '35ae25b', time: '2016-03-15 17:00:58'
System info: host: 'DESKTOP-RAL8DT3', ip: '192.168.11.187', os.name: 'Windows 10', os.arch: 'amd64', os.version: '10.0', java.version: '1.8.0_102'
Driver info: driver.version: RemoteWebDriver
Capabilities [{applicationCacheEnabled=true, rotatable=false, handlesAlerts=true, databaseEnabled=true, version=56.0, platform=WINDOWS, nativeEvents=false, acceptSslCerts=true, webStorageEnabled=true, locationContextEnabled=true, browserName=firefox, takesScreenshot=true, javascriptEnabled=true, cssSelectorsEnabled=true}]
Session ID: c92e5ce0-abce-462e-a2b0-00c6f0ff3de8)

2560-11-01 10:47:24 - [TEST_STEP][NOT_RUN] - openBrowser: NOT_RUN: openBrowser

2560-11-01 10:47:24 - [MESSAGE][NOT_RUN] - NOT_RUN: openBrowser

2560-11-01 10:47:24 - [TEST_STEP][NOT_RUN] - maximizeWindow: NOT_RUN: maximizeWindow

2560-11-01 10:47:24 - [MESSAGE][NOT_RUN] - NOT_RUN: maximizeWindow

2560-11-01 10:47:24 - [TEST_STEP][NOT_RUN] - navigateToUrl: NOT_RUN: navigateToUrl

2560-11-01 10:47:24 - [MESSAGE][NOT_RUN] - NOT_RUN: navigateToUrl

2560-11-01 10:47:24 - [TEST_STEP][NOT_RUN] - click: NOT_RUN: click

2560-11-01 10:47:24 - [MESSAGE][NOT_RUN] - NOT_RUN: click

2560-11-01 10:47:24 - [TEST_STEP][NOT_RUN] - setText: NOT_RUN: setText

2560-11-01 10:47:24 - [MESSAGE][NOT_RUN] - NOT_RUN: setText

2560-11-01 10:47:24 - [TEST_STEP][NOT_RUN] - setText: NOT_RUN: setText

2560-11-01 10:47:24 - [MESSAGE][NOT_RUN] - NOT_RUN: setText

2560-11-01 10:47:24 - [TEST_STEP][NOT_RUN] - submit: NOT_RUN: submit

2560-11-01 10:47:24 - [MESSAGE][NOT_RUN] - NOT_RUN: submit

2560-11-01 10:47:24 - [TEST_STEP][FAILED] - click: Unable to click on object 'Object Repository/Chage status/Page_Guru TMDA/a_User Management' (Root cause: org.openqa.selenium.remote.UnreachableBrowserException: Error communicating with the remote browser. It may have died.
Build info: version: '2.53.0', revision: '35ae25b', time: '2016-03-15 17:00:58'
System info: host: 'DESKTOP-RAL8DT3', ip: '192.168.11.187', os.name: 'Windows 10', os.arch: 'amd64', os.version: '10.0', java.version: '1.8.0_102'
Driver info: driver.version: RemoteWebDriver
Capabilities [{applicationCacheEnabled=true, rotatable=false, handlesAlerts=true, databaseEnabled=true, version=56.0, platform=WINDOWS, nativeEvents=false, acceptSslCerts=true, webStorageEnabled=true, locationContextEnabled=true, browserName=firefox, takesScreenshot=true, javascriptEnabled=true, cssSelectorsEnabled=true}]
Session ID: c92e5ce0-abce-462e-a2b0-00c6f0ff3de8)

2560-11-01 10:47:26 - [MESSAGE][WARNING] - Cannot take screenshot

2560-11-01 10:47:26 - [MESSAGE][FAILED] - Unable to click on object 'Object Repository/Chage status/Page_Guru TMDA/a_User Management' (Root cause: org.openqa.selenium.remote.UnreachableBrowserException: Error communicating with the remote browser. It may have died.
Build info: version: '2.53.0', revision: '35ae25b', time: '2016-03-15 17:00:58'
System info: host: 'DESKTOP-RAL8DT3', ip: '192.168.11.187', os.name: 'Windows 10', os.arch: 'amd64', os.version: '10.0', java.version: '1.8.0_102'
Driver info: driver.version: RemoteWebDriver
Capabilities [{applicationCacheEnabled=true, rotatable=false, handlesAlerts=true, databaseEnabled=true, version=56.0, platform=WINDOWS, nativeEvents=false, acceptSslCerts=true, webStorageEnabled=true, locationContextEnabled=true, browserName=firefox, takesScreenshot=true, javascriptEnabled=true, cssSelectorsEnabled=true}]
Session ID: c92e5ce0-abce-462e-a2b0-00c6f0ff3de8)]]></system-out>
         <system-err><![CDATA[2560-11-01 10:47:24 - [TEST_CASE][FAILED] - Test Cases/User management/Change status: Test Cases/User management/Change status FAILED because (of) Unable to click on object 'Object Repository/Chage status/Page_Guru TMDA/a_User Management' (Root cause: org.openqa.selenium.remote.UnreachableBrowserException: Error communicating with the remote browser. It may have died.
Build info: version: '2.53.0', revision: '35ae25b', time: '2016-03-15 17:00:58'
System info: host: 'DESKTOP-RAL8DT3', ip: '192.168.11.187', os.name: 'Windows 10', os.arch: 'amd64', os.version: '10.0', java.version: '1.8.0_102'
Driver info: driver.version: RemoteWebDriver
Capabilities [{applicationCacheEnabled=true, rotatable=false, handlesAlerts=true, databaseEnabled=true, version=56.0, platform=WINDOWS, nativeEvents=false, acceptSslCerts=true, webStorageEnabled=true, locationContextEnabled=true, browserName=firefox, takesScreenshot=true, javascriptEnabled=true, cssSelectorsEnabled=true}]
Session ID: c92e5ce0-abce-462e-a2b0-00c6f0ff3de8)]]></system-err>
      </testcase>
      <testcase name="Test Cases/User management/Edit user profile/Edit user profile" classname="Test Cases/User management/Edit user profile/Edit user profile" status="FAILED">
         <failure type="FAILED" message="Unable to click on object 'Object Repository/Edit user profile/Menu/a_User Management' (Root cause: org.openqa.selenium.remote.UnreachableBrowserException: Error communicating with the remote browser. It may have died.
Build info: version: '2.53.0', revision: '35ae25b', time: '2016-03-15 17:00:58'
System info: host: 'DESKTOP-RAL8DT3', ip: '192.168.11.187', os.name: 'Windows 10', os.arch: 'amd64', os.version: '10.0', java.version: '1.8.0_102'
Driver info: driver.version: RemoteWebDriver
Capabilities [{applicationCacheEnabled=true, rotatable=false, handlesAlerts=true, databaseEnabled=true, version=56.0, platform=WINDOWS, nativeEvents=false, acceptSslCerts=true, webStorageEnabled=true, locationContextEnabled=true, browserName=firefox, takesScreenshot=true, javascriptEnabled=true, cssSelectorsEnabled=true}]
Session ID: c92e5ce0-abce-462e-a2b0-00c6f0ff3de8)"/>
         <system-out><![CDATA[2560-11-01 10:47:26 - [TEST_CASE][FAILED] - Test Cases/User management/Edit user profile/Edit user profile: Test Cases/User management/Edit user profile/Edit user profile FAILED because (of) Unable to click on object 'Object Repository/Edit user profile/Menu/a_User Management' (Root cause: org.openqa.selenium.remote.UnreachableBrowserException: Error communicating with the remote browser. It may have died.
Build info: version: '2.53.0', revision: '35ae25b', time: '2016-03-15 17:00:58'
System info: host: 'DESKTOP-RAL8DT3', ip: '192.168.11.187', os.name: 'Windows 10', os.arch: 'amd64', os.version: '10.0', java.version: '1.8.0_102'
Driver info: driver.version: RemoteWebDriver
Capabilities [{applicationCacheEnabled=true, rotatable=false, handlesAlerts=true, databaseEnabled=true, version=56.0, platform=WINDOWS, nativeEvents=false, acceptSslCerts=true, webStorageEnabled=true, locationContextEnabled=true, browserName=firefox, takesScreenshot=true, javascriptEnabled=true, cssSelectorsEnabled=true}]
Session ID: c92e5ce0-abce-462e-a2b0-00c6f0ff3de8)

2560-11-01 10:47:26 - [TEST_STEP][NOT_RUN] - openBrowser: NOT_RUN: openBrowser

2560-11-01 10:47:26 - [MESSAGE][NOT_RUN] - NOT_RUN: openBrowser

2560-11-01 10:47:26 - [TEST_STEP][NOT_RUN] - maximizeWindow: NOT_RUN: maximizeWindow

2560-11-01 10:47:26 - [MESSAGE][NOT_RUN] - NOT_RUN: maximizeWindow

2560-11-01 10:47:26 - [TEST_STEP][NOT_RUN] - navigateToUrl: NOT_RUN: navigateToUrl

2560-11-01 10:47:26 - [MESSAGE][NOT_RUN] - NOT_RUN: navigateToUrl

2560-11-01 10:47:26 - [TEST_STEP][NOT_RUN] - click: NOT_RUN: click

2560-11-01 10:47:26 - [MESSAGE][NOT_RUN] - NOT_RUN: click

2560-11-01 10:47:26 - [TEST_STEP][NOT_RUN] - setText: NOT_RUN: setText

2560-11-01 10:47:26 - [MESSAGE][NOT_RUN] - NOT_RUN: setText

2560-11-01 10:47:26 - [TEST_STEP][NOT_RUN] - setText: NOT_RUN: setText

2560-11-01 10:47:26 - [MESSAGE][NOT_RUN] - NOT_RUN: setText

2560-11-01 10:47:26 - [TEST_STEP][NOT_RUN] - submit: NOT_RUN: submit

2560-11-01 10:47:26 - [MESSAGE][NOT_RUN] - NOT_RUN: submit

2560-11-01 10:47:26 - [TEST_STEP][FAILED] - click: Unable to click on object 'Object Repository/Edit user profile/Menu/a_User Management' (Root cause: org.openqa.selenium.remote.UnreachableBrowserException: Error communicating with the remote browser. It may have died.
Build info: version: '2.53.0', revision: '35ae25b', time: '2016-03-15 17:00:58'
System info: host: 'DESKTOP-RAL8DT3', ip: '192.168.11.187', os.name: 'Windows 10', os.arch: 'amd64', os.version: '10.0', java.version: '1.8.0_102'
Driver info: driver.version: RemoteWebDriver
Capabilities [{applicationCacheEnabled=true, rotatable=false, handlesAlerts=true, databaseEnabled=true, version=56.0, platform=WINDOWS, nativeEvents=false, acceptSslCerts=true, webStorageEnabled=true, locationContextEnabled=true, browserName=firefox, takesScreenshot=true, javascriptEnabled=true, cssSelectorsEnabled=true}]
Session ID: c92e5ce0-abce-462e-a2b0-00c6f0ff3de8)

2560-11-01 10:47:28 - [MESSAGE][WARNING] - Cannot take screenshot

2560-11-01 10:47:28 - [MESSAGE][FAILED] - Unable to click on object 'Object Repository/Edit user profile/Menu/a_User Management' (Root cause: org.openqa.selenium.remote.UnreachableBrowserException: Error communicating with the remote browser. It may have died.
Build info: version: '2.53.0', revision: '35ae25b', time: '2016-03-15 17:00:58'
System info: host: 'DESKTOP-RAL8DT3', ip: '192.168.11.187', os.name: 'Windows 10', os.arch: 'amd64', os.version: '10.0', java.version: '1.8.0_102'
Driver info: driver.version: RemoteWebDriver
Capabilities [{applicationCacheEnabled=true, rotatable=false, handlesAlerts=true, databaseEnabled=true, version=56.0, platform=WINDOWS, nativeEvents=false, acceptSslCerts=true, webStorageEnabled=true, locationContextEnabled=true, browserName=firefox, takesScreenshot=true, javascriptEnabled=true, cssSelectorsEnabled=true}]
Session ID: c92e5ce0-abce-462e-a2b0-00c6f0ff3de8)]]></system-out>
         <system-err><![CDATA[2560-11-01 10:47:26 - [TEST_CASE][FAILED] - Test Cases/User management/Edit user profile/Edit user profile: Test Cases/User management/Edit user profile/Edit user profile FAILED because (of) Unable to click on object 'Object Repository/Edit user profile/Menu/a_User Management' (Root cause: org.openqa.selenium.remote.UnreachableBrowserException: Error communicating with the remote browser. It may have died.
Build info: version: '2.53.0', revision: '35ae25b', time: '2016-03-15 17:00:58'
System info: host: 'DESKTOP-RAL8DT3', ip: '192.168.11.187', os.name: 'Windows 10', os.arch: 'amd64', os.version: '10.0', java.version: '1.8.0_102'
Driver info: driver.version: RemoteWebDriver
Capabilities [{applicationCacheEnabled=true, rotatable=false, handlesAlerts=true, databaseEnabled=true, version=56.0, platform=WINDOWS, nativeEvents=false, acceptSslCerts=true, webStorageEnabled=true, locationContextEnabled=true, browserName=firefox, takesScreenshot=true, javascriptEnabled=true, cssSelectorsEnabled=true}]
Session ID: c92e5ce0-abce-462e-a2b0-00c6f0ff3de8)]]></system-err>
      </testcase>
      <testcase name="Test Cases/User management/Edit user profile/Change user profile picture" classname="Test Cases/User management/Edit user profile/Change user profile picture" status="FAILED">
         <failure type="FAILED" message="Unable to click on object 'Object Repository/Change profile pic//a_User Management' (Root cause: org.openqa.selenium.remote.UnreachableBrowserException: Error communicating with the remote browser. It may have died.
Build info: version: '2.53.0', revision: '35ae25b', time: '2016-03-15 17:00:58'
System info: host: 'DESKTOP-RAL8DT3', ip: '192.168.11.187', os.name: 'Windows 10', os.arch: 'amd64', os.version: '10.0', java.version: '1.8.0_102'
Driver info: driver.version: RemoteWebDriver
Capabilities [{applicationCacheEnabled=true, rotatable=false, handlesAlerts=true, databaseEnabled=true, version=56.0, platform=WINDOWS, nativeEvents=false, acceptSslCerts=true, webStorageEnabled=true, locationContextEnabled=true, browserName=firefox, takesScreenshot=true, javascriptEnabled=true, cssSelectorsEnabled=true}]
Session ID: c92e5ce0-abce-462e-a2b0-00c6f0ff3de8)"/>
         <system-out><![CDATA[2560-11-01 10:47:28 - [TEST_CASE][FAILED] - Test Cases/User management/Edit user profile/Change user profile picture: Test Cases/User management/Edit user profile/Change user profile picture FAILED because (of) Unable to click on object 'Object Repository/Change profile pic//a_User Management' (Root cause: org.openqa.selenium.remote.UnreachableBrowserException: Error communicating with the remote browser. It may have died.
Build info: version: '2.53.0', revision: '35ae25b', time: '2016-03-15 17:00:58'
System info: host: 'DESKTOP-RAL8DT3', ip: '192.168.11.187', os.name: 'Windows 10', os.arch: 'amd64', os.version: '10.0', java.version: '1.8.0_102'
Driver info: driver.version: RemoteWebDriver
Capabilities [{applicationCacheEnabled=true, rotatable=false, handlesAlerts=true, databaseEnabled=true, version=56.0, platform=WINDOWS, nativeEvents=false, acceptSslCerts=true, webStorageEnabled=true, locationContextEnabled=true, browserName=firefox, takesScreenshot=true, javascriptEnabled=true, cssSelectorsEnabled=true}]
Session ID: c92e5ce0-abce-462e-a2b0-00c6f0ff3de8)

2560-11-01 10:47:28 - [TEST_STEP][NOT_RUN] - openBrowser: NOT_RUN: openBrowser

2560-11-01 10:47:28 - [MESSAGE][NOT_RUN] - NOT_RUN: openBrowser

2560-11-01 10:47:28 - [TEST_STEP][NOT_RUN] - maximizeWindow: NOT_RUN: maximizeWindow

2560-11-01 10:47:28 - [MESSAGE][NOT_RUN] - NOT_RUN: maximizeWindow

2560-11-01 10:47:28 - [TEST_STEP][NOT_RUN] - navigateToUrl: NOT_RUN: navigateToUrl

2560-11-01 10:47:28 - [MESSAGE][NOT_RUN] - NOT_RUN: navigateToUrl

2560-11-01 10:47:28 - [TEST_STEP][NOT_RUN] - click: NOT_RUN: click

2560-11-01 10:47:28 - [MESSAGE][NOT_RUN] - NOT_RUN: click

2560-11-01 10:47:28 - [TEST_STEP][NOT_RUN] - setText: NOT_RUN: setText

2560-11-01 10:47:28 - [MESSAGE][NOT_RUN] - NOT_RUN: setText

2560-11-01 10:47:28 - [TEST_STEP][NOT_RUN] - setText: NOT_RUN: setText

2560-11-01 10:47:28 - [MESSAGE][NOT_RUN] - NOT_RUN: setText

2560-11-01 10:47:28 - [TEST_STEP][NOT_RUN] - submit: NOT_RUN: submit

2560-11-01 10:47:28 - [MESSAGE][NOT_RUN] - NOT_RUN: submit

2560-11-01 10:47:28 - [TEST_STEP][FAILED] - click: Unable to click on object 'Object Repository/Change profile pic//a_User Management' (Root cause: org.openqa.selenium.remote.UnreachableBrowserException: Error communicating with the remote browser. It may have died.
Build info: version: '2.53.0', revision: '35ae25b', time: '2016-03-15 17:00:58'
System info: host: 'DESKTOP-RAL8DT3', ip: '192.168.11.187', os.name: 'Windows 10', os.arch: 'amd64', os.version: '10.0', java.version: '1.8.0_102'
Driver info: driver.version: RemoteWebDriver
Capabilities [{applicationCacheEnabled=true, rotatable=false, handlesAlerts=true, databaseEnabled=true, version=56.0, platform=WINDOWS, nativeEvents=false, acceptSslCerts=true, webStorageEnabled=true, locationContextEnabled=true, browserName=firefox, takesScreenshot=true, javascriptEnabled=true, cssSelectorsEnabled=true}]
Session ID: c92e5ce0-abce-462e-a2b0-00c6f0ff3de8)

2560-11-01 10:47:30 - [MESSAGE][WARNING] - Cannot take screenshot

2560-11-01 10:47:30 - [MESSAGE][FAILED] - Unable to click on object 'Object Repository/Change profile pic//a_User Management' (Root cause: org.openqa.selenium.remote.UnreachableBrowserException: Error communicating with the remote browser. It may have died.
Build info: version: '2.53.0', revision: '35ae25b', time: '2016-03-15 17:00:58'
System info: host: 'DESKTOP-RAL8DT3', ip: '192.168.11.187', os.name: 'Windows 10', os.arch: 'amd64', os.version: '10.0', java.version: '1.8.0_102'
Driver info: driver.version: RemoteWebDriver
Capabilities [{applicationCacheEnabled=true, rotatable=false, handlesAlerts=true, databaseEnabled=true, version=56.0, platform=WINDOWS, nativeEvents=false, acceptSslCerts=true, webStorageEnabled=true, locationContextEnabled=true, browserName=firefox, takesScreenshot=true, javascriptEnabled=true, cssSelectorsEnabled=true}]
Session ID: c92e5ce0-abce-462e-a2b0-00c6f0ff3de8)]]></system-out>
         <system-err><![CDATA[2560-11-01 10:47:28 - [TEST_CASE][FAILED] - Test Cases/User management/Edit user profile/Change user profile picture: Test Cases/User management/Edit user profile/Change user profile picture FAILED because (of) Unable to click on object 'Object Repository/Change profile pic//a_User Management' (Root cause: org.openqa.selenium.remote.UnreachableBrowserException: Error communicating with the remote browser. It may have died.
Build info: version: '2.53.0', revision: '35ae25b', time: '2016-03-15 17:00:58'
System info: host: 'DESKTOP-RAL8DT3', ip: '192.168.11.187', os.name: 'Windows 10', os.arch: 'amd64', os.version: '10.0', java.version: '1.8.0_102'
Driver info: driver.version: RemoteWebDriver
Capabilities [{applicationCacheEnabled=true, rotatable=false, handlesAlerts=true, databaseEnabled=true, version=56.0, platform=WINDOWS, nativeEvents=false, acceptSslCerts=true, webStorageEnabled=true, locationContextEnabled=true, browserName=firefox, takesScreenshot=true, javascriptEnabled=true, cssSelectorsEnabled=true}]
Session ID: c92e5ce0-abce-462e-a2b0-00c6f0ff3de8)]]></system-err>
      </testcase>
      <testcase name="Test Cases/User management/Edit user profile/Reset password" classname="Test Cases/User management/Edit user profile/Reset password" status="FAILED">
         <failure type="FAILED" message="Unable to click on object 'Object Repository/reset password/menu/a_User Management' (Root cause: org.openqa.selenium.remote.UnreachableBrowserException: Error communicating with the remote browser. It may have died.
Build info: version: '2.53.0', revision: '35ae25b', time: '2016-03-15 17:00:58'
System info: host: 'DESKTOP-RAL8DT3', ip: '192.168.11.187', os.name: 'Windows 10', os.arch: 'amd64', os.version: '10.0', java.version: '1.8.0_102'
Driver info: driver.version: RemoteWebDriver
Capabilities [{applicationCacheEnabled=true, rotatable=false, handlesAlerts=true, databaseEnabled=true, version=56.0, platform=WINDOWS, nativeEvents=false, acceptSslCerts=true, webStorageEnabled=true, locationContextEnabled=true, browserName=firefox, takesScreenshot=true, javascriptEnabled=true, cssSelectorsEnabled=true}]
Session ID: c92e5ce0-abce-462e-a2b0-00c6f0ff3de8)"/>
         <system-out><![CDATA[2560-11-01 10:47:30 - [TEST_CASE][FAILED] - Test Cases/User management/Edit user profile/Reset password: Test Cases/User management/Edit user profile/Reset password FAILED because (of) Unable to click on object 'Object Repository/reset password/menu/a_User Management' (Root cause: org.openqa.selenium.remote.UnreachableBrowserException: Error communicating with the remote browser. It may have died.
Build info: version: '2.53.0', revision: '35ae25b', time: '2016-03-15 17:00:58'
System info: host: 'DESKTOP-RAL8DT3', ip: '192.168.11.187', os.name: 'Windows 10', os.arch: 'amd64', os.version: '10.0', java.version: '1.8.0_102'
Driver info: driver.version: RemoteWebDriver
Capabilities [{applicationCacheEnabled=true, rotatable=false, handlesAlerts=true, databaseEnabled=true, version=56.0, platform=WINDOWS, nativeEvents=false, acceptSslCerts=true, webStorageEnabled=true, locationContextEnabled=true, browserName=firefox, takesScreenshot=true, javascriptEnabled=true, cssSelectorsEnabled=true}]
Session ID: c92e5ce0-abce-462e-a2b0-00c6f0ff3de8)

2560-11-01 10:47:31 - [TEST_STEP][NOT_RUN] - openBrowser: NOT_RUN: openBrowser

2560-11-01 10:47:31 - [MESSAGE][NOT_RUN] - NOT_RUN: openBrowser

2560-11-01 10:47:31 - [TEST_STEP][NOT_RUN] - maximizeWindow: NOT_RUN: maximizeWindow

2560-11-01 10:47:31 - [MESSAGE][NOT_RUN] - NOT_RUN: maximizeWindow

2560-11-01 10:47:31 - [TEST_STEP][NOT_RUN] - navigateToUrl: NOT_RUN: navigateToUrl

2560-11-01 10:47:31 - [MESSAGE][NOT_RUN] - NOT_RUN: navigateToUrl

2560-11-01 10:47:31 - [TEST_STEP][NOT_RUN] - click: NOT_RUN: click

2560-11-01 10:47:31 - [MESSAGE][NOT_RUN] - NOT_RUN: click

2560-11-01 10:47:31 - [TEST_STEP][NOT_RUN] - setText: NOT_RUN: setText

2560-11-01 10:47:31 - [MESSAGE][NOT_RUN] - NOT_RUN: setText

2560-11-01 10:47:31 - [TEST_STEP][NOT_RUN] - setText: NOT_RUN: setText

2560-11-01 10:47:31 - [MESSAGE][NOT_RUN] - NOT_RUN: setText

2560-11-01 10:47:31 - [TEST_STEP][NOT_RUN] - submit: NOT_RUN: submit

2560-11-01 10:47:31 - [MESSAGE][NOT_RUN] - NOT_RUN: submit

2560-11-01 10:47:31 - [TEST_STEP][FAILED] - click: Unable to click on object 'Object Repository/reset password/menu/a_User Management' (Root cause: org.openqa.selenium.remote.UnreachableBrowserException: Error communicating with the remote browser. It may have died.
Build info: version: '2.53.0', revision: '35ae25b', time: '2016-03-15 17:00:58'
System info: host: 'DESKTOP-RAL8DT3', ip: '192.168.11.187', os.name: 'Windows 10', os.arch: 'amd64', os.version: '10.0', java.version: '1.8.0_102'
Driver info: driver.version: RemoteWebDriver
Capabilities [{applicationCacheEnabled=true, rotatable=false, handlesAlerts=true, databaseEnabled=true, version=56.0, platform=WINDOWS, nativeEvents=false, acceptSslCerts=true, webStorageEnabled=true, locationContextEnabled=true, browserName=firefox, takesScreenshot=true, javascriptEnabled=true, cssSelectorsEnabled=true}]
Session ID: c92e5ce0-abce-462e-a2b0-00c6f0ff3de8)

2560-11-01 10:47:33 - [MESSAGE][WARNING] - Cannot take screenshot

2560-11-01 10:47:33 - [MESSAGE][FAILED] - Unable to click on object 'Object Repository/reset password/menu/a_User Management' (Root cause: org.openqa.selenium.remote.UnreachableBrowserException: Error communicating with the remote browser. It may have died.
Build info: version: '2.53.0', revision: '35ae25b', time: '2016-03-15 17:00:58'
System info: host: 'DESKTOP-RAL8DT3', ip: '192.168.11.187', os.name: 'Windows 10', os.arch: 'amd64', os.version: '10.0', java.version: '1.8.0_102'
Driver info: driver.version: RemoteWebDriver
Capabilities [{applicationCacheEnabled=true, rotatable=false, handlesAlerts=true, databaseEnabled=true, version=56.0, platform=WINDOWS, nativeEvents=false, acceptSslCerts=true, webStorageEnabled=true, locationContextEnabled=true, browserName=firefox, takesScreenshot=true, javascriptEnabled=true, cssSelectorsEnabled=true}]
Session ID: c92e5ce0-abce-462e-a2b0-00c6f0ff3de8)]]></system-out>
         <system-err><![CDATA[2560-11-01 10:47:30 - [TEST_CASE][FAILED] - Test Cases/User management/Edit user profile/Reset password: Test Cases/User management/Edit user profile/Reset password FAILED because (of) Unable to click on object 'Object Repository/reset password/menu/a_User Management' (Root cause: org.openqa.selenium.remote.UnreachableBrowserException: Error communicating with the remote browser. It may have died.
Build info: version: '2.53.0', revision: '35ae25b', time: '2016-03-15 17:00:58'
System info: host: 'DESKTOP-RAL8DT3', ip: '192.168.11.187', os.name: 'Windows 10', os.arch: 'amd64', os.version: '10.0', java.version: '1.8.0_102'
Driver info: driver.version: RemoteWebDriver
Capabilities [{applicationCacheEnabled=true, rotatable=false, handlesAlerts=true, databaseEnabled=true, version=56.0, platform=WINDOWS, nativeEvents=false, acceptSslCerts=true, webStorageEnabled=true, locationContextEnabled=true, browserName=firefox, takesScreenshot=true, javascriptEnabled=true, cssSelectorsEnabled=true}]
Session ID: c92e5ce0-abce-462e-a2b0-00c6f0ff3de8)]]></system-err>
      </testcase>
      <testcase name="Test Cases/History Log/Search history log" classname="Test Cases/History Log/Search history log" status="FAILED">
         <failure type="FAILED" message="Unable to open browser with url: '' (Root cause: java.lang.RuntimeException: Process refused to die after 10 seconds, and couldn't taskkill it: Unable to find executable for: taskkill)"/>
         <system-out><![CDATA[2560-11-01 10:47:33 - [TEST_CASE][FAILED] - Test Cases/History Log/Search history log: Test Cases/History Log/Search history log FAILED because (of) Unable to open browser with url: '' (Root cause: java.lang.RuntimeException: Process refused to die after 10 seconds, and couldn't taskkill it: Unable to find executable for: taskkill)

2560-11-01 10:47:33 - [TEST_STEP][FAILED] - openBrowser: Unable to open browser with url: '' (Root cause: java.lang.RuntimeException: Process refused to die after 10 seconds, and couldn't taskkill it: Unable to find executable for: taskkill)

2560-11-01 10:47:33 - [MESSAGE][WARNING] - A browser is already opened. Closing browser and opening a new one

2560-11-01 10:47:34 - [MESSAGE][FAILED] - Unable to open browser with url: '' (Root cause: java.lang.RuntimeException: Process refused to die after 10 seconds, and couldn't taskkill it: Unable to find executable for: taskkill)]]></system-out>
         <system-err><![CDATA[2560-11-01 10:47:33 - [TEST_CASE][FAILED] - Test Cases/History Log/Search history log: Test Cases/History Log/Search history log FAILED because (of) Unable to open browser with url: '' (Root cause: java.lang.RuntimeException: Process refused to die after 10 seconds, and couldn't taskkill it: Unable to find executable for: taskkill)]]></system-err>
      </testcase>
      <system-out><![CDATA[2560-11-01 10:43:50 - [TEST_SUITE][FAILED] - Basic work: Test Cases/1. Start Page (without login)/Prediction Single Verbatim without login FAILED because (of) Unable to maximize current window (Root cause: org.openqa.selenium.NoSuchWindowException: Window not found. The browser window may have been closed.
Command duration or timeout: 123 milliseconds
Build info: version: '2.53.0', revision: '35ae25b', time: '2016-03-15 17:00:58'
System info: host: 'DESKTOP-RAL8DT3', ip: '192.168.11.187', os.name: 'Windows 10', os.arch: 'amd64', os.version: '10.0', java.version: '1.8.0_102'
Driver info: com.kms.katalon.core.webui.driver.firefox.CFirefoxDriver47
Capabilities [{applicationCacheEnabled=true, rotatable=false, handlesAlerts=true, databaseEnabled=true, version=56.0, platform=WINDOWS, nativeEvents=false, acceptSslCerts=true, webStorageEnabled=true, locationContextEnabled=true, browserName=firefox, takesScreenshot=true, javascriptEnabled=true, cssSelectorsEnabled=true}]
Session ID: 447e0db9-fcba-4eda-aa5b-18d1368c23c1)]]></system-out>
      <system-err><![CDATA[2560-11-01 10:43:50 - [TEST_SUITE][FAILED] - Basic work: Test Cases/1. Start Page (without login)/Prediction Single Verbatim without login FAILED because (of) Unable to maximize current window (Root cause: org.openqa.selenium.NoSuchWindowException: Window not found. The browser window may have been closed.
Command duration or timeout: 123 milliseconds
Build info: version: '2.53.0', revision: '35ae25b', time: '2016-03-15 17:00:58'
System info: host: 'DESKTOP-RAL8DT3', ip: '192.168.11.187', os.name: 'Windows 10', os.arch: 'amd64', os.version: '10.0', java.version: '1.8.0_102'
Driver info: com.kms.katalon.core.webui.driver.firefox.CFirefoxDriver47
Capabilities [{applicationCacheEnabled=true, rotatable=false, handlesAlerts=true, databaseEnabled=true, version=56.0, platform=WINDOWS, nativeEvents=false, acceptSslCerts=true, webStorageEnabled=true, locationContextEnabled=true, browserName=firefox, takesScreenshot=true, javascriptEnabled=true, cssSelectorsEnabled=true}]
Session ID: 447e0db9-fcba-4eda-aa5b-18d1368c23c1)]]></system-err>
   </testsuite>
</testsuites>
